$ external/MG5_aMC_v3_7_1/bin/mg5_aMC ./mg5_commands/make_process.mg5

WARNING:root:[91mpython3.12+ support: For reweighting feature, please use 3.6.X release.[0m
************************************************************
*                                                          *
*                     W E L C O M E to                     *
*              M A D G R A P H 5 _ a M C @ N L O           *
*                                                          *
*                                                          *
*                 *                       *                *
*                   *        * *        *                  *
*                     * * * * 5 * * * *                    *
*                   *        * *        *                  *
*                 *                       *                *
*                                                          *
*         VERSION 3.7.1                 2026-04-29         *
*                                                          *
*    The MadGraph5_aMC@NLO Development Team - Find us at   *
*              http://madgraph.phys.ucl.ac.be/             *
*                            and                           *
*            http://amcatnlo.web.cern.ch/amcatnlo/         *
*                                                          *
*               Type 'help' for in-line help.              *
*           Type 'tutorial' to learn how MG5 works         *
*    Type 'tutorial aMCatNLO' to learn how aMC@NLO works   *
*    Type 'tutorial MadLoop' to learn how MadLoop works    *
*                                                          *
************************************************************
load MG5 configuration from external/MG5_aMC_v3_7_1/input/mg5_configuration.txt 
fastjet-config does not seem to correspond to a valid fastjet-config executable (v3+). We will use fjcore instead.
 Please set the 'fastjet'variable to the full (absolute) /PATH/TO/fastjet-config (including fastjet-config).
 MG5_aMC> set fastjet /PATH/TO/fastjet-config

eMELA-config does not seem to correspond to a valid eMELA-config executable.
 Please set the 'fastjet'variable to the full (absolute) /PATH/TO/eMELA-config (including eMELA-config).
 MG5_aMC> set eMELA /PATH/TO/eMELA-config

lhapdf-config does not seem to correspond to a valid lhapdf-config executable. 
Please set the 'lhapdf' variable to the (absolute) /PATH/TO/lhapdf-config (including lhapdf-config).
Note that you can still compile and run aMC@NLO with the built-in PDFs
 MG5_aMC> set lhapdf /PATH/TO/lhapdf-config

Using default text editor "vi". Set another one in ./input/mg5_configuration.txt
No valid eps viewer found. Please set in ./input/mg5_configuration.txt
No valid web browser found. Please set in ./input/mg5_configuration.txt
Using default gzip "pigz". Set another one in ./input/mg5_configuration.txt
import ./mg5_commands/make_process.mg5
The import format was not given, so we guess it as command
import model EWdim6-full
INFO: Change particles name to pass to MG5 convention 
Defined multiparticle p = g u d s u~ d~ s~ c c~
Defined multiparticle j = g u d s u~ d~ s~ c c~
Defined multiparticle l+ = e+ mu+
Defined multiparticle l- = e- mu-
Defined multiparticle vl = ve vm vt
Defined multiparticle vl~ = ve~ vm~ vt~
Defined multiparticle all = g u d s u~ d~ s~ a ve vm vt e- ve~ vm~ vt~ e+ c t b c~ t~ b~ z w+ h h1 w- mu- ta- mu+ ta+
generate u d > u d h / a z QCD=0 QED=99 NP=2, h > a a QCD=0 QED=99 NP=0
[1;34mInterpreting 'NP=2' as 'NP<=2'[0m
[1;34mInterpreting 'QED=99' as 'QED<=99'[0m
[1;34mInterpreting 'QED=99' as 'QED<=99'[0m
INFO: Trying process: u d > u d h HIG<=1 HIW<=1 NP<=2 QCD=0 QED<=99 / a z @1  
INFO: Process has 3 diagrams 
INFO: Trying process: h > a a HIG<=1 HIW<=1 NP=0 QCD=0 QED<=99  
INFO: Process has 1 diagrams 
1 processes with 4 diagrams generated in 0.007 s
Total: 1 processes with 4 diagrams
output ./processes/PROC_EWdim6_VBF_HAA -f
INFO: initialize a new directory: PROC_EWdim6_VBF_HAA 
INFO: remove old information in PROC_EWdim6_VBF_HAA 
INFO: Organizing processes into subprocess groups 
INFO: Organizing processes into subprocess groups 
INFO: Generating Helas calls for process: u d > u d h HIG<=1 HIW<=1 NP<=2 QCD=0 QED<=99 / a z @1 
INFO: Generating Helas calls for process: h > a a HIG<=1 HIW<=1 NP=0 QCD=0 QED<=99 
INFO: Combine u d > u d h HIG<=1 HIW<=1 NP<=2 QCD=0 QED<=99 / a z @1 with decays h > a a HIG<=1 HIW<=1 NP=0 QCD=0 QED<=99 
INFO: Processing color information for process: u d > u d h HIG<=1 HIW<=1 NP<=2 QCD=0 QED<=99 / a z @1
  Decay: h > a a HIG<=1 HIW<=1 NP=0 QCD=0 QED<=99 
INFO: Creating files in directory P1_qq_qqh_h_aa 
[1mINFO: Some T-channel width have been set to zero [new since 2.8.0]
 if you want to keep this width please set "zerowidth_tchannel" to False [0m
INFO: Generating Feynman diagrams for Process: u d > u d h HIG<=1 HIW<=1 NP<=2 QCD=0 QED<=99 / a z @1
  Decay: h > a a HIG<=1 HIW<=1 NP=0 QCD=0 QED<=99 
INFO: Finding symmetric diagrams for subprocess group qq_qqh_h_aa 
Generated helas calls for 1 subprocesses (3 diagrams) in 0.031 s
Wrote files for 12 helas calls in 0.060 s
ALOHA: aloha starts to compute helicity amplitudes
ALOHA: aloha creates 5 routines in  0.815 s
save configuration file to ./processes/PROC_EWdim6_VBF_HAA/Cards/me5_configuration.txt
INFO: Use Fortran compiler gfortran 
INFO: Use c++ compiler g++ 
INFO: Generate web pages 
Output to directory ./processes/PROC_EWdim6_VBF_HAA done.
Type "launch" to generate events from this process, or see
./processes/PROC_EWdim6_VBF_HAA/README
Run "open index.html" to see more information about this process.
quit
