$ bash -lc yes 0 | "./processes/PROC_EWdim6_VBF_HAA/bin/generate_events" "basis_00_sm_part01" -f

************************************************************
*                                                          *
*                      W E L C O M E to                    *
*             M A D G R A P H 5 _ a M C @ N L O            *
*                      M A D E V E N T                     *
*                                                          *
*                 *                       *                *
*                   *        * *        *                  *
*                     * * * * 5 * * * *                    *
*                   *        * *        *                  *
*                 *                       *                *
*                                                          *
*         VERSION 3.7.1                                    *
*                                                          *
*    The MadGraph5_aMC@NLO Development Team - Find us at   *
*    https://server06.fynu.ucl.ac.be/projects/madgraph     *
*                                                          *
*               Type 'help' for in-line help.              *
*                                                          *
************************************************************
INFO: load configuration from ./processes/PROC_EWdim6_VBF_HAA/Cards/me5_configuration.txt  
INFO: load configuration from external/MG5_aMC_v3_7_1/input/mg5_configuration.txt  
INFO: load configuration from ./processes/PROC_EWdim6_VBF_HAA/Cards/me5_configuration.txt  
Using default text editor "vi". Set another one in ./input/mg5_configuration.txt
No valid eps viewer found. Please set in ./input/mg5_configuration.txt
No valid web browser found. Please set in ./input/mg5_configuration.txt
Using default gzip "pigz". Set another one in ./input/mg5_configuration.txt
generate_events basis_00_sm_part01 -f
stty: 'standard input': Inappropriate ioctl for device
[1;34mvalue '[]' for entry 'bypass_check' is not valid. Preserving previous value: '[]'.
allowed values are any list composed of the following entries: partonshower[0m
Generating 1000000 events with run name basis_00_sm_part01
survey  basis_00_sm_part01 
INFO: compile directory 
[1;34mNot able to open file ./processes/PROC_EWdim6_VBF_HAA/crossx.html since no program configured.Please set one in ./input/mg5_configuration.txt[0m
compile Source Directory
Using random number seed offset = 43
INFO: Running Survey 
Creating Jobs
Working on SubProcesses
INFO: Compiling for process 1/1. 
INFO:     P1_qq_qqh_h_aa  
[1;34mWARNING: The optimizer detects that you have coupling evaluated to zero: 
GC_92 GC_93 GC_94 GC_117
This will slow down the computation. Please consider using restricted model:
https://answers.launchpad.net/mg5amcnlo/+faq/2312 [0m

  0%|          | 0/804 [00:00<?, ?it/s]
100%|██████████| 804/804 [00:00<00:00, 246904.41it/s]
INFO:     P1_qq_qqh_h_aa  
INFO:  Idle: 1,  Running: 0,  Completed: 0 [ current time: 20h40 ] 
INFO:  Idle: 0,  Running: 0,  Completed: 1 [  0.26s  ] 
INFO:  Idle: 0,  Running: 0,  Completed: 1 [  0.26s  ] 
INFO: End survey 
refine 1000000
Creating Jobs
INFO: Refine results to 1000000 
INFO: Generating 1000000.0 unweighted events. 
sum of cpu time of last step: 0 second
INFO: Effective Luminosity 1776724903.7607343 pb^-1 
INFO: need to improve 1 channels 
- Current estimate of cross-section: 0.0006754 +- 3.0316e-05
    P1_qq_qqh_h_aa 
INFO:  Idle: 114,  Running: 16,  Completed: 0 [ current time: 20h40 ] 
INFO:  Idle: 113,  Running: 16,  Completed: 1 [  40.4s  ] 
INFO:  Idle: 106,  Running: 16,  Completed: 8 [  43.5s  ] 
INFO:  Idle: 100,  Running: 16,  Completed: 14 [  57s  ] 
INFO:  Idle: 97,  Running: 16,  Completed: 17 [  1m 49s  ] 
INFO:  Idle: 93,  Running: 16,  Completed: 21 [  1m 52s  ] 
INFO:  Idle: 91,  Running: 16,  Completed: 23 [  1m 55s  ] 
INFO:  Idle: 90,  Running: 16,  Completed: 24 [  2m 4s  ] 
INFO:  Idle: 84,  Running: 16,  Completed: 30 [  2m 8s  ] 
INFO:  Idle: 81,  Running: 16,  Completed: 33 [  3m 10s  ] 
INFO:  Idle: 78,  Running: 16,  Completed: 36 [  3m 15s  ] 
INFO:  Idle: 71,  Running: 16,  Completed: 43 [  3m 21s  ] 
INFO:  Idle: 67,  Running: 16,  Completed: 47 [  3m 26s  ] 
INFO:  Idle: 65,  Running: 16,  Completed: 49 [  4m 14s  ] 
INFO:  Idle: 62,  Running: 16,  Completed: 52 [  4m 18s  ] 
INFO:  Idle: 60,  Running: 16,  Completed: 54 [  4m 22s  ] 
INFO:  Idle: 54,  Running: 16,  Completed: 60 [  4m 26s  ] 
INFO:  Idle: 53,  Running: 16,  Completed: 61 [  4m 37s  ] 
INFO:  Idle: 49,  Running: 16,  Completed: 65 [  5m 15s  ] 
INFO:  Idle: 48,  Running: 16,  Completed: 66 [  5m 31s  ] 
INFO:  Idle: 44,  Running: 16,  Completed: 70 [  5m 36s  ] 
INFO:  Idle: 36,  Running: 16,  Completed: 78 [  5m 43s  ] 
INFO:  Idle: 33,  Running: 16,  Completed: 81 [  6m 29s  ] 
INFO:  Idle: 32,  Running: 16,  Completed: 82 [  6m 36s  ] 
INFO:  Idle: 30,  Running: 16,  Completed: 84 [  6m 39s  ] 
INFO:  Idle: 26,  Running: 16,  Completed: 88 [  6m 52s  ] 
INFO:  Idle: 22,  Running: 16,  Completed: 92 [  6m 55s  ] 
INFO:  Idle: 18,  Running: 16,  Completed: 96 [  7m 0s  ] 
INFO:  Idle: 17,  Running: 16,  Completed: 97 [  7m 31s  ] 
INFO:  Idle: 16,  Running: 16,  Completed: 98 [  7m 49s  ] 
INFO:  Idle: 13,  Running: 16,  Completed: 101 [  7m 53s  ] 
INFO:  Idle: 9,  Running: 16,  Completed: 105 [  7m 56s  ] 
INFO:  Idle: 8,  Running: 16,  Completed: 106 [  8m 0s  ] 
INFO:  Idle: 3,  Running: 16,  Completed: 111 [  8m 13s  ] 
INFO:  Idle: 1,  Running: 16,  Completed: 113 [  8m 40s  ] 
INFO:  Idle: 0,  Running: 16,  Completed: 114 [  8m 51s  ] 
INFO:  Idle: 0,  Running: 15,  Completed: 115 [  8m 56s  ] 
INFO:  Idle: 0,  Running: 14,  Completed: 116 [  9m 4s  ] 
INFO:  Idle: 0,  Running: 10,  Completed: 120 [  9m 8s  ] 
INFO:  Idle: 0,  Running: 5,  Completed: 125 [  9m 11s  ] 
INFO:  Idle: 0,  Running: 2,  Completed: 128 [  9m 14s  ] 
INFO:  Idle: 0,  Running: 1,  Completed: 129 [  9m 28s  ] 
INFO:  Idle: 0,  Running: 0,  Completed: 130 [  9m 32s  ] 
INFO:  Idle: 0,  Running: 0,  Completed: 130 [  9m 32s  ] 
INFO: Combining runs 
sum of cpu time of last step: 2h18m09s
INFO: finish refine 
refine 1000000 --treshold=0.9
No need for second refine due to stability of cross-section
INFO: Combining Events 
