$ bash -lc yes 0 | "./processes/PROC_EWdim6_VBF_HAA/bin/generate_events" "basis_03_ww" -f

************************************************************
*                                                          *
*                      W E L C O M E to                    *
*             M A D G R A P H 5 _ a M C @ N L O            *
*                      M A D E V E N T                     *
*                                                          *
*                 *                       *                *
*                   *        * *        *                  *
*                     * * * * 5 * * * *                    *
*                   *        * *        *                  *
*                 *                       *                *
*                                                          *
*         VERSION 3.7.1                                    *
*                                                          *
*    The MadGraph5_aMC@NLO Development Team - Find us at   *
*    https://server06.fynu.ucl.ac.be/projects/madgraph     *
*                                                          *
*               Type 'help' for in-line help.              *
*                                                          *
************************************************************
INFO: load configuration from ./processes/PROC_EWdim6_VBF_HAA/Cards/me5_configuration.txt  
INFO: load configuration from external/MG5_aMC_v3_7_1/input/mg5_configuration.txt  
INFO: load configuration from ./processes/PROC_EWdim6_VBF_HAA/Cards/me5_configuration.txt  
Using default text editor "vi". Set another one in ./input/mg5_configuration.txt
No valid eps viewer found. Please set in ./input/mg5_configuration.txt
No valid web browser found. Please set in ./input/mg5_configuration.txt
Using default gzip "pigz". Set another one in ./input/mg5_configuration.txt
generate_events basis_03_ww -f
stty: 'standard input': Inappropriate ioctl for device
[1;34mvalue '[]' for entry 'bypass_check' is not valid. Preserving previous value: '[]'.
allowed values are any list composed of the following entries: partonshower[0m
Generating 1000000 events with run name basis_03_ww
survey  basis_03_ww 
INFO: compile directory 
[1;34mNot able to open file ./processes/PROC_EWdim6_VBF_HAA/crossx.html since no program configured.Please set one in ./input/mg5_configuration.txt[0m
compile Source Directory
Using random number seed offset = 3043
INFO: Running Survey 
Creating Jobs
Working on SubProcesses
INFO: Compiling for process 1/1. 
INFO:     P1_qq_qqh_h_aa  
[1;34mWARNING: The optimizer detects that you have coupling evaluated to zero: 
GC_92 GC_117
This will slow down the computation. Please consider using restricted model:
https://answers.launchpad.net/mg5amcnlo/+faq/2312 [0m

  0%|          | 0/804 [00:00<?, ?it/s]
100%|██████████| 804/804 [00:00<00:00, 228764.70it/s]
INFO:     P1_qq_qqh_h_aa  
INFO:  Idle: 1,  Running: 0,  Completed: 0 [ current time: 04h03 ] 
INFO:  Idle: 0,  Running: 0,  Completed: 1 [  0.23s  ] 
INFO:  Idle: 0,  Running: 0,  Completed: 1 [  0.25s  ] 
INFO: End survey 
refine 1000000
Creating Jobs
INFO: Refine results to 1000000 
INFO: Generating 1000000.0 unweighted events. 
sum of cpu time of last step: 0 second
INFO: Effective Luminosity 37274026.2160651 pb^-1 
INFO: need to improve 1 channels 
- Current estimate of cross-section: 0.032194 +- 0.0013405
    P1_qq_qqh_h_aa 
INFO:  Idle: 114,  Running: 16,  Completed: 0 [ current time: 04h04 ] 
INFO:  Idle: 113,  Running: 16,  Completed: 1 [  33.9s  ] 
INFO:  Idle: 111,  Running: 16,  Completed: 3 [  38.3s  ] 
INFO:  Idle: 102,  Running: 16,  Completed: 12 [  41.5s  ] 
INFO:  Idle: 99,  Running: 16,  Completed: 15 [  1m 6s  ] 
INFO:  Idle: 97,  Running: 16,  Completed: 17 [  1m 15s  ] 
INFO:  Idle: 92,  Running: 16,  Completed: 22 [  1m 20s  ] 
INFO:  Idle: 89,  Running: 16,  Completed: 25 [  1m 25s  ] 
INFO:  Idle: 87,  Running: 16,  Completed: 27 [  1m 29s  ] 
INFO:  Idle: 83,  Running: 16,  Completed: 31 [  1m 43s  ] 
INFO:  Idle: 82,  Running: 16,  Completed: 32 [  1m 47s  ] 
INFO:  Idle: 81,  Running: 16,  Completed: 33 [  1m 55s  ] 
INFO:  Idle: 79,  Running: 16,  Completed: 35 [  1m 58s  ] 
INFO:  Idle: 75,  Running: 16,  Completed: 39 [  2m 1s  ] 
INFO:  Idle: 74,  Running: 16,  Completed: 40 [  2m 9s  ] 
INFO:  Idle: 72,  Running: 16,  Completed: 42 [  2m 12s  ] 
INFO:  Idle: 68,  Running: 16,  Completed: 46 [  2m 25s  ] 
INFO:  Idle: 67,  Running: 16,  Completed: 47 [  2m 34s  ] 
INFO:  Idle: 63,  Running: 16,  Completed: 51 [  2m 39s  ] 
INFO:  Idle: 59,  Running: 16,  Completed: 55 [  2m 48s  ] 
INFO:  Idle: 57,  Running: 16,  Completed: 57 [  2m 53s  ] 
INFO:  Idle: 56,  Running: 16,  Completed: 58 [  3m 4s  ] 
INFO:  Idle: 53,  Running: 16,  Completed: 61 [  3m 14s  ] 
INFO:  Idle: 52,  Running: 16,  Completed: 62 [  3m 20s  ] 
INFO:  Idle: 51,  Running: 16,  Completed: 63 [  3m 24s  ] 
INFO:  Idle: 50,  Running: 16,  Completed: 64 [  3m 28s  ] 
INFO:  Idle: 47,  Running: 16,  Completed: 67 [  3m 31s  ] 
INFO:  Idle: 43,  Running: 16,  Completed: 71 [  3m 41s  ] 
INFO:  Idle: 40,  Running: 16,  Completed: 74 [  3m 44s  ] 
INFO:  Idle: 38,  Running: 16,  Completed: 76 [  4m 7s  ] 
INFO:  Idle: 37,  Running: 16,  Completed: 77 [  4m 11s  ] 
INFO:  Idle: 34,  Running: 16,  Completed: 80 [  4m 18s  ] 
INFO:  Idle: 29,  Running: 16,  Completed: 85 [  4m 22s  ] 
INFO:  Idle: 28,  Running: 16,  Completed: 86 [  4m 26s  ] 
INFO:  Idle: 27,  Running: 16,  Completed: 87 [  4m 31s  ] 
INFO:  Idle: 25,  Running: 16,  Completed: 89 [  4m 34s  ] 
INFO:  Idle: 22,  Running: 16,  Completed: 92 [  5m 0s  ] 
INFO:  Idle: 20,  Running: 16,  Completed: 94 [  5m 4s  ] 
INFO:  Idle: 17,  Running: 16,  Completed: 97 [  5m 10s  ] 
INFO:  Idle: 14,  Running: 16,  Completed: 100 [  5m 14s  ] 
INFO:  Idle: 12,  Running: 16,  Completed: 102 [  5m 24s  ] 
INFO:  Idle: 11,  Running: 16,  Completed: 103 [  5m 31s  ] 
INFO:  Idle: 10,  Running: 16,  Completed: 104 [  5m 34s  ] 
INFO:  Idle: 7,  Running: 16,  Completed: 107 [  5m 41s  ] 
INFO:  Idle: 3,  Running: 16,  Completed: 111 [  5m 51s  ] 
INFO:  Idle: 2,  Running: 16,  Completed: 112 [  5m 55s  ] 
INFO:  Idle: 1,  Running: 16,  Completed: 113 [  6m 1s  ] 
INFO:  Idle: 0,  Running: 14,  Completed: 116 [  6m 7s  ] 
INFO:  Idle: 0,  Running: 12,  Completed: 118 [  6m 11s  ] 
INFO:  Idle: 0,  Running: 11,  Completed: 119 [  6m 28s  ] 
INFO:  Idle: 0,  Running: 7,  Completed: 123 [  6m 35s  ] 
INFO:  Idle: 0,  Running: 4,  Completed: 126 [  6m 39s  ] 
INFO:  Idle: 0,  Running: 3,  Completed: 127 [  6m 44s  ] 
INFO:  Idle: 0,  Running: 2,  Completed: 128 [  6m 51s  ] 
INFO:  Idle: 0,  Running: 0,  Completed: 130 [  6m 55s  ] 
INFO:  Idle: 0,  Running: 0,  Completed: 130 [  6m 55s  ] 
INFO: Combining runs 
sum of cpu time of last step: 1h34m48s
INFO: finish refine 
refine 1000000 --treshold=0.9
No need for second refine due to stability of cross-section
INFO: Combining Events 
combination of events done in 140.7628047466278 s 
  === Results Summary for run: basis_03_ww tag: tag_1 ===

     Cross-section :   0.03144 +- 8.297e-06 pb
     Nb of events :  1000000
 
INFO: No version of lhapdf. Can not run systematics computation 
store_events
INFO: Storing parton level results 
INFO: End Parton 
reweight -from_cards
INFO: Extracting the banner ... 
INFO: process: u d > u d h  
INFO: options: / a z QCD=0 QED=99 NP=2, h > a a QCD=0 QED=99 NP=0 
INFO: Running Reweighting 
launch --rwgt_name=sm
INFO: detected model: EWdim6-full. Loading... 
INFO: detected model: EWdim6-full. Loading... 
INFO: generating the square matrix element for reweighting 
INFO: generate u d > u d h / a z QCD=0 QED=99 NP=2, h > a a QCD=0 QED=99 NP=0 ; 
INFO: Done 3.015 
Do you want to edit a card (press enter to bypass editing)?
/------------------------------------------------------------\
|  [31m1[0m. param : [32mparam_card.dat[0m                                 |
|  [31m9[0m. plot  : [32mplot_card.dat[0m                                  |
\------------------------------------------------------------/
 you can also
   - enter the path to a valid card or banner.
   - use the 'set' command to modify a parameter directly.
     The set option works only for param_card and run_card.
     Type 'help set' for more information on this command.
   - call an external program (ASperGE/MadWidth/...).
     Type 'help' for the list of available command
 [[4m0[0m, done, 1, param, 9, plot, enter path]
>INFO: starts to compute weight for events with the following modification to the param_card: 
INFO: set param_card dim6 2 0.0 # orig: 4.956
KEEP:set param_card dim6 5 0.0 # orig: 249.452
KEEP: 
INFO: Event nb 0 current time: 04h14 
INFO: Event nb 10 current time: 04h14 
INFO: Event nb 20 current time: 04h14 
INFO: Event nb 30 current time: 04h14 
INFO: Event nb 40  0.021s  
INFO: Event nb 50  0.028s  
INFO: Event nb 60  0.032s  
INFO: Event nb 70  0.036s  
INFO: Event nb 80  0.04s  
INFO: Event nb 90  0.044s  
INFO: Event nb 100  0.047s  
INFO: Event nb 200  0.076s  
INFO: Event nb 300  0.1s  
INFO: Event nb 400  0.14s  
INFO: Event nb 500  0.16s  
INFO: Event nb 600  0.19s  
INFO: Event nb 700  0.22s  
INFO: Event nb 800  0.25s  
INFO: Event nb 900  0.28s  
INFO: Event nb 1000  0.31s  
INFO: Event nb 2000  0.6s  
INFO: Event nb 3000  0.87s  
INFO: Event nb 4000  1.1s  
INFO: Event nb 5000  1.4s  
INFO: Event nb 6000  1.7s  
INFO: Event nb 7000  2s  
INFO: Event nb 8000  2.2s  
INFO: Event nb 9000  2.5s  
INFO: Event nb 10000  2.8s  
INFO: reducing number of print status. Next status update in 10000 events 
INFO: Event nb 20000  5.6s  
INFO: Event nb 30000  8.4s  
INFO: Event nb 40000  11.2s  
INFO: Event nb 50000  14s  
INFO: Event nb 60000  16.7s  
INFO: Event nb 70000  19.6s  
INFO: Event nb 80000  22.3s  
INFO: Event nb 90000  25.2s  
INFO: Event nb 100000  28s  
INFO: reducing number of print status. Next status update in 100000 events 
INFO: Event nb 200000  57.3s  
INFO: Event nb 300000  1m 26s  
INFO: Event nb 400000  1m 56s  
INFO: Event nb 500000  2m 25s  
INFO: Event nb 600000  2m 55s  
INFO: Event nb 700000  3m 24s  
INFO: Event nb 800000  3m 54s  
INFO: Event nb 900000  4m 22s  
INFO: All event done  (nb_event: 1000000)  4m 51s  
INFO: Event ./processes/PROC_EWdim6_VBF_HAA/Events/basis_03_ww/unweighted_events.lhe have now the additional weight 
INFO: new cross-section is : 0.000660067 pb (indicative error: 0.000202214 pb) 
launch --rwgt_name=w
INFO: detected model: EWdim6-full. Loading... 
Do you want to edit a card (press enter to bypass editing)?
/------------------------------------------------------------\
|  [31m1[0m. param : [32mparam_card.dat[0m                                 |
|  [31m9[0m. plot  : [32mplot_card.dat[0m                                  |
\------------------------------------------------------------/
 you can also
   - enter the path to a valid card or banner.
   - use the 'set' command to modify a parameter directly.
     The set option works only for param_card and run_card.
     Type 'help set' for more information on this command.
   - call an external program (ASperGE/MadWidth/...).
     Type 'help' for the list of available command
 [[4m0[0m, done, 1, param, 9, plot, enter path]
>INFO: starts to compute weight for events with the following modification to the param_card: 
INFO: set param_card dim6 2 251.104 # orig: 4.956
KEEP:set param_card dim6 5 1.652 # orig: 249.452
KEEP: 
INFO: Event nb 0 current time: 04h19 
INFO: Event nb 10 current time: 04h19 
INFO: Event nb 20 current time: 04h19 
INFO: Event nb 30 current time: 04h19 
INFO: Event nb 40 current time: 04h19 
INFO: Event nb 50  0.024s  
INFO: Event nb 60  0.028s  
INFO: Event nb 70  0.032s  
INFO: Event nb 80  0.035s  
INFO: Event nb 90  0.039s  
INFO: Event nb 100  0.043s  
INFO: Event nb 200  0.073s  
INFO: Event nb 300  0.1s  
INFO: Event nb 400  0.13s  
INFO: Event nb 500  0.16s  
INFO: Event nb 600  0.19s  
INFO: Event nb 700  0.22s  
INFO: Event nb 800  0.26s  
INFO: Event nb 900  0.29s  
INFO: Event nb 1000  0.32s  
INFO: Event nb 2000  0.61s  
INFO: Event nb 3000  0.9s  
INFO: Event nb 4000  1.2s  
INFO: Event nb 5000  1.5s  
INFO: Event nb 6000  1.8s  
INFO: Event nb 7000  2.1s  
INFO: Event nb 8000  2.3s  
INFO: Event nb 9000  2.6s  
INFO: Event nb 10000  2.9s  
INFO: reducing number of print status. Next status update in 10000 events 
INFO: Event nb 20000  7s  
INFO: Event nb 30000  9.9s  
INFO: Event nb 40000  12.8s  
INFO: Event nb 50000  15.7s  
INFO: Event nb 60000  18.5s  
INFO: Event nb 70000  21.5s  
INFO: Event nb 80000  24.3s  
INFO: Event nb 90000  27.2s  
INFO: Event nb 100000  30.1s  
INFO: reducing number of print status. Next status update in 100000 events 
INFO: Event nb 200000  1m 0s  
INFO: Event nb 300000  1m 30s  
INFO: Event nb 400000  2m 0s  
INFO: Event nb 500000  2m 31s  
INFO: Event nb 600000  3m 1s  
INFO: Event nb 700000  3m 31s  
INFO: Event nb 800000  4m 2s  
INFO: Event nb 900000  4m 32s  
INFO: All event done  (nb_event: 1000000)  5m 2s  
INFO: Event ./processes/PROC_EWdim6_VBF_HAA/Events/basis_03_ww/unweighted_events.lhe have now the additional weight 
INFO: new cross-section is : 0.0266891 pb (indicative error: 0.00343929 pb) 
launch --rwgt_name=neg_w
INFO: detected model: EWdim6-full. Loading... 
Do you want to edit a card (press enter to bypass editing)?
/------------------------------------------------------------\
|  [31m1[0m. param : [32mparam_card.dat[0m                                 |
|  [31m9[0m. plot  : [32mplot_card.dat[0m                                  |
\------------------------------------------------------------/
 you can also
   - enter the path to a valid card or banner.
   - use the 'set' command to modify a parameter directly.
     The set option works only for param_card and run_card.
     Type 'help set' for more information on this command.
   - call an external program (ASperGE/MadWidth/...).
     Type 'help' for the list of available command
 [[4m0[0m, done, 1, param, 9, plot, enter path]
>INFO: starts to compute weight for events with the following modification to the param_card: 
INFO: set param_card dim6 2 -254.408 # orig: 4.956
KEEP:set param_card dim6 5 3.304 # orig: 249.452
KEEP: 
INFO: Event nb 0 current time: 04h24 
INFO: Event nb 10 current time: 04h24 
INFO: Event nb 20 current time: 04h24 
INFO: Event nb 30 current time: 04h24 
INFO: Event nb 40 current time: 04h24 
INFO: Event nb 50  0.02s  
INFO: Event nb 60  0.025s  
INFO: Event nb 70  0.028s  
INFO: Event nb 80  0.032s  
INFO: Event nb 90  0.036s  
INFO: Event nb 100  0.04s  
INFO: Event nb 200  0.07s  
INFO: Event nb 300  0.1s  
INFO: Event nb 400  0.13s  
INFO: Event nb 500  0.16s  
INFO: Event nb 600  0.19s  
INFO: Event nb 700  0.22s  
INFO: Event nb 800  0.25s  
INFO: Event nb 900  0.28s  
INFO: Event nb 1000  0.34s  
INFO: Event nb 2000  0.63s  
INFO: Event nb 3000  0.92s  
INFO: Event nb 4000  1.2s  
INFO: Event nb 5000  1.5s  
INFO: Event nb 6000  1.8s  
INFO: Event nb 7000  2.1s  
INFO: Event nb 8000  3.4s  
INFO: Event nb 9000  3.7s  
INFO: Event nb 10000  4.1s  
INFO: reducing number of print status. Next status update in 10000 events 
INFO: Event nb 20000  7.1s  
INFO: Event nb 30000  10.4s  
INFO: Event nb 40000  13.6s  
INFO: Event nb 50000  16.6s  
INFO: Event nb 60000  19.6s  
INFO: Event nb 70000  22.4s  
INFO: Event nb 80000  25.5s  
INFO: Event nb 90000  28.5s  
INFO: Event nb 100000  31.4s  
INFO: reducing number of print status. Next status update in 100000 events 
INFO: Event nb 200000  1m 1s  
INFO: Event nb 300000  1m 32s  
INFO: Event nb 400000  2m 3s  
INFO: Event nb 500000  2m 34s  
INFO: Event nb 600000  3m 4s  
INFO: Event nb 700000  3m 35s  
INFO: Event nb 800000  4m 6s  
INFO: Event nb 900000  4m 37s  
INFO: All event done  (nb_event: 1000000)  5m 8s  
INFO: Event ./processes/PROC_EWdim6_VBF_HAA/Events/basis_03_ww/unweighted_events.lhe have now the additional weight 
INFO: new cross-section is : 0.0347618 pb (indicative error: 0.00394628 pb) 
launch --rwgt_name=ww
INFO: detected model: EWdim6-full. Loading... 
Do you want to edit a card (press enter to bypass editing)?
/------------------------------------------------------------\
|  [31m1[0m. param : [32mparam_card.dat[0m                                 |
|  [31m9[0m. plot  : [32mplot_card.dat[0m                                  |
\------------------------------------------------------------/
 you can also
   - enter the path to a valid card or banner.
   - use the 'set' command to modify a parameter directly.
     The set option works only for param_card and run_card.
     Type 'help set' for more information on this command.
   - call an external program (ASperGE/MadWidth/...).
     Type 'help' for the list of available command
 [[4m0[0m, done, 1, param, 9, plot, enter path]
>[1;34mWARNING:  REWEIGHTING: original card and new card are identical. [0m
INFO: starts to compute weight for events with the following modification to the param_card: 
INFO:  
INFO: Event nb 0 current time: 04h29 
INFO: Event nb 10 current time: 04h29 
INFO: Event nb 20 current time: 04h29 
INFO: Event nb 30 current time: 04h29 
INFO: Event nb 40 current time: 04h29 
INFO: Event nb 50  0.021s  
INFO: Event nb 60  0.025s  
INFO: Event nb 70  0.029s  
INFO: Event nb 80  0.032s  
INFO: Event nb 90  0.036s  
INFO: Event nb 100  0.041s  
INFO: Event nb 200  0.071s  
INFO: Event nb 300  0.1s  
INFO: Event nb 400  0.13s  
INFO: Event nb 500  0.16s  
INFO: Event nb 600  0.19s  
INFO: Event nb 700  0.22s  
INFO: Event nb 800  0.26s  
INFO: Event nb 900  0.29s  
INFO: Event nb 1000  0.32s  
INFO: Event nb 2000  0.61s  
INFO: Event nb 3000  0.9s  
INFO: Event nb 4000  1.2s  
INFO: Event nb 5000  1.5s  
INFO: Event nb 6000  1.8s  
INFO: Event nb 7000  2.1s  
INFO: Event nb 8000  2.4s  
INFO: Event nb 9000  2.7s  
INFO: Event nb 10000  3s  
INFO: reducing number of print status. Next status update in 10000 events 
INFO: Event nb 20000  5.9s  
INFO: Event nb 30000  8.9s  
INFO: Event nb 40000  11.8s  
INFO: Event nb 50000  14.8s  
INFO: Event nb 60000  17.8s  
INFO: Event nb 70000  20.7s  
INFO: Event nb 80000  23.7s  
INFO: Event nb 90000  26.6s  
INFO: Event nb 100000  30.7s  
INFO: reducing number of print status. Next status update in 100000 events 
INFO: Event nb 200000  1m 1s  
INFO: Event nb 300000  1m 31s  
INFO: Event nb 400000  2m 2s  
INFO: Event nb 500000  2m 32s  
INFO: Event nb 600000  3m 3s  
INFO: Event nb 700000  3m 34s  
INFO: Event nb 800000  4m 5s  
INFO: Event nb 900000  4m 36s  
INFO: All event done  (nb_event: 1000000)  5m 7s  
INFO: Event ./processes/PROC_EWdim6_VBF_HAA/Events/basis_03_ww/unweighted_events.lhe have now the additional weight 
INFO: new cross-section is : 0.031437 pb (indicative error: 8.2975e-06 pb) 
launch --rwgt_name=neg_ww
INFO: detected model: EWdim6-full. Loading... 
Do you want to edit a card (press enter to bypass editing)?
/------------------------------------------------------------\
|  [31m1[0m. param : [32mparam_card.dat[0m                                 |
|  [31m9[0m. plot  : [32mplot_card.dat[0m                                  |
\------------------------------------------------------------/
 you can also
   - enter the path to a valid card or banner.
   - use the 'set' command to modify a parameter directly.
     The set option works only for param_card and run_card.
     Type 'help set' for more information on this command.
   - call an external program (ASperGE/MadWidth/...).
     Type 'help' for the list of available command
 [[4m0[0m, done, 1, param, 9, plot, enter path]
>INFO: starts to compute weight for events with the following modification to the param_card: 
INFO: set param_card dim6 2 6.608 # orig: 4.956
KEEP:set param_card dim6 5 -252.756 # orig: 249.452
KEEP: 
INFO: Event nb 0 current time: 04h34 
INFO: Event nb 10 current time: 04h34 
INFO: Event nb 20 current time: 04h34 
INFO: Event nb 30 current time: 04h34 
INFO: Event nb 40 current time: 04h34 
INFO: Event nb 50  0.021s  
INFO: Event nb 60  0.026s  
INFO: Event nb 70  0.03s  
INFO: Event nb 80  0.033s  
INFO: Event nb 90  0.037s  
INFO: Event nb 100  0.042s  
INFO: Event nb 200  0.074s  
INFO: Event nb 300  0.1s  
INFO: Event nb 400  0.14s  
INFO: Event nb 500  0.17s  
INFO: Event nb 600  0.2s  
INFO: Event nb 700  0.23s  
INFO: Event nb 800  0.26s  
INFO: Event nb 900  0.29s  
INFO: Event nb 1000  0.33s  
INFO: Event nb 2000  0.64s  
INFO: Event nb 3000  0.94s  
INFO: Event nb 4000  1.2s  
INFO: Event nb 5000  1.5s  
INFO: Event nb 6000  1.8s  
INFO: Event nb 7000  2.1s  
INFO: Event nb 8000  2.5s  
INFO: Event nb 9000  2.8s  
INFO: Event nb 10000  3.1s  
INFO: reducing number of print status. Next status update in 10000 events 
INFO: Event nb 20000  6.1s  
INFO: Event nb 30000  9s  
INFO: Event nb 40000  12s  
INFO: Event nb 50000  15s  
INFO: Event nb 60000  18s  
INFO: Event nb 70000  22.1s  
INFO: Event nb 80000  25.1s  
INFO: Event nb 90000  28.1s  
INFO: Event nb 100000  31s  
INFO: reducing number of print status. Next status update in 100000 events 
INFO: Event nb 200000  1m 2s  
INFO: Event nb 300000  1m 33s  
INFO: Event nb 400000  2m 4s  
INFO: Event nb 500000  2m 34s  
INFO: Event nb 600000  3m 5s  
INFO: Event nb 700000  3m 38s  
INFO: Event nb 800000  4m 9s  
INFO: Event nb 900000  4m 40s  
INFO: All event done  (nb_event: 1000000)  5m 12s  
INFO: Event ./processes/PROC_EWdim6_VBF_HAA/Events/basis_03_ww/unweighted_events.lhe have now the additional weight 
INFO: new cross-section is : 0.0322627 pb (indicative error: 0.000875257 pb) 
launch --rwgt_name=w_ww
INFO: detected model: EWdim6-full. Loading... 
Do you want to edit a card (press enter to bypass editing)?
/------------------------------------------------------------\
|  [31m1[0m. param : [32mparam_card.dat[0m                                 |
|  [31m9[0m. plot  : [32mplot_card.dat[0m                                  |
\------------------------------------------------------------/
 you can also
   - enter the path to a valid card or banner.
   - use the 'set' command to modify a parameter directly.
     The set option works only for param_card and run_card.
     Type 'help set' for more information on this command.
   - call an external program (ASperGE/MadWidth/...).
     Type 'help' for the list of available command
 [[4m0[0m, done, 1, param, 9, plot, enter path]
>INFO: starts to compute weight for events with the following modification to the param_card: 
INFO: set param_card dim6 2 278.8576 # orig: 4.956
KEEP:set param_card dim6 5 246.974 # orig: 249.452
KEEP: 
INFO: Event nb 0 current time: 04h39 
INFO: Event nb 10 current time: 04h39 
INFO: Event nb 20 current time: 04h39 
INFO: Event nb 30 current time: 04h39 
INFO: Event nb 40 current time: 04h39 
INFO: Event nb 50  0.021s  
INFO: Event nb 60  0.027s  
INFO: Event nb 70  0.031s  
INFO: Event nb 80  0.035s  
INFO: Event nb 90  0.04s  
INFO: Event nb 100  0.045s  
INFO: Event nb 200  0.078s  
INFO: Event nb 300  0.11s  
INFO: Event nb 400  0.14s  
INFO: Event nb 500  0.17s  
INFO: Event nb 600  0.2s  
INFO: Event nb 700  0.23s  
INFO: Event nb 800  0.26s  
INFO: Event nb 900  0.29s  
INFO: Event nb 1000  0.33s  
INFO: Event nb 2000  0.63s  
INFO: Event nb 3000  0.94s  
INFO: Event nb 4000  1.2s  
INFO: Event nb 5000  1.5s  
INFO: Event nb 6000  1.9s  
INFO: Event nb 7000  2.2s  
INFO: Event nb 8000  2.5s  
INFO: Event nb 9000  2.8s  
INFO: Event nb 10000  3.1s  
INFO: reducing number of print status. Next status update in 10000 events 
INFO: Event nb 20000  6.2s  
INFO: Event nb 30000  10.5s  
INFO: Event nb 40000  13.7s  
INFO: Event nb 50000  16.7s  
INFO: Event nb 60000  19.8s  
INFO: Event nb 70000  22.8s  
INFO: Event nb 80000  25.8s  
INFO: Event nb 90000  28.8s  
INFO: Event nb 100000  31.9s  
INFO: reducing number of print status. Next status update in 100000 events 
INFO: Event nb 200000  1m 3s  
INFO: Event nb 300000  1m 34s  
INFO: Event nb 400000  2m 6s  
INFO: Event nb 500000  2m 37s  
INFO: Event nb 600000  3m 10s  
INFO: Event nb 700000  3m 43s  
INFO: Event nb 800000  4m 15s  
INFO: Event nb 900000  4m 47s  
INFO: All event done  (nb_event: 1000000)  5m 19s  
INFO: Event ./processes/PROC_EWdim6_VBF_HAA/Events/basis_03_ww/unweighted_events.lhe have now the additional weight 
INFO: new cross-section is : 0.0634881 pb (indicative error: 0.00461421 pb) 
INFO: Original cross-section: 0.031437 +- 8.2975e-06 pb (cross-section from sum of weights: 0.03143699999978135) 
INFO: Computed cross-section: 
INFO: rwgt_1 : 0.0006600668321228835 +- 0.0002022139412914991 pb 
INFO: rwgt_2 : 0.026689103044374236 +- 0.0034392896345883145 pb 
INFO: rwgt_3 : 0.034761768402921306 +- 0.003946283361911878 pb 
INFO: rwgt_4 : 0.03143699999978135 +- 8.2975e-06 pb 
INFO: rwgt_5 : 0.03226272512712324 +- 0.000875257084777807 pb 
INFO: rwgt_6 : 0.06348814165607043 +- 0.0046142065095400335 pb 
INFO: quit rwgt 
decay_events -from_cards
INFO: storing files of previous run 
gzipping output file: unweighted_events.lhe
INFO: Done 
GDBus.Error:org.freedesktop.DBus.Error.ServiceUnknown: The name org.freedesktop.Notifications was not provided by any .service files
quit
INFO:  
 no parameter matchingQNUMBERS 9000006_1                                                                                                                                                                                                                                                                                                                                                                                                                                                                                                                 0.0000000000000000     
 no parameter matchingQNUMBERS 9000006_2                                                                                                                                                                                                                                                                                                                                                                                                                                                                                                                 1.0000000000000000     
 no parameter matchingQNUMBERS 9000006_3                                                                                                                                                                                                                                                                                                                                                                                                                                                                                                                 1.0000000000000000     
 no parameter matchingQNUMBERS 9000006_4                                                                                                                                                                                                                                                                                                                                                                                                                                                                                                                 0.0000000000000000     
