$ bash -lc yes 0 | "./processes/PROC_EWdim6_VBF_HAA/bin/generate_events" "basis_00_sm_part05" -f

************************************************************
*                                                          *
*                      W E L C O M E to                    *
*             M A D G R A P H 5 _ a M C @ N L O            *
*                      M A D E V E N T                     *
*                                                          *
*                 *                       *                *
*                   *        * *        *                  *
*                     * * * * 5 * * * *                    *
*                   *        * *        *                  *
*                 *                       *                *
*                                                          *
*         VERSION 3.7.1                                    *
*                                                          *
*    The MadGraph5_aMC@NLO Development Team - Find us at   *
*    https://server06.fynu.ucl.ac.be/projects/madgraph     *
*                                                          *
*               Type 'help' for in-line help.              *
*                                                          *
************************************************************
INFO: load configuration from ./processes/PROC_EWdim6_VBF_HAA/Cards/me5_configuration.txt  
INFO: load configuration from external/MG5_aMC_v3_7_1/input/mg5_configuration.txt  
INFO: load configuration from ./processes/PROC_EWdim6_VBF_HAA/Cards/me5_configuration.txt  
Using default text editor "vi". Set another one in ./input/mg5_configuration.txt
No valid eps viewer found. Please set in ./input/mg5_configuration.txt
No valid web browser found. Please set in ./input/mg5_configuration.txt
Using default gzip "pigz". Set another one in ./input/mg5_configuration.txt
generate_events basis_00_sm_part05 -f
stty: 'standard input': Inappropriate ioctl for device
[1;34mvalue '[]' for entry 'bypass_check' is not valid. Preserving previous value: '[]'.
allowed values are any list composed of the following entries: partonshower[0m
Generating 1000000 events with run name basis_00_sm_part05
survey  basis_00_sm_part05 
INFO: compile directory 
[1;34mNot able to open file ./processes/PROC_EWdim6_VBF_HAA/crossx.html since no program configured.Please set one in ./input/mg5_configuration.txt[0m
compile Source Directory
Using random number seed offset = 47
INFO: Running Survey 
Creating Jobs
Working on SubProcesses
INFO: Compiling for process 1/1. 
INFO:     P1_qq_qqh_h_aa  
[1;34mWARNING: The optimizer detects that you have coupling evaluated to zero: 
GC_92 GC_93 GC_94 GC_117
This will slow down the computation. Please consider using restricted model:
https://answers.launchpad.net/mg5amcnlo/+faq/2312 [0m
INFO:     P1_qq_qqh_h_aa  
INFO:  Idle: 1,  Running: 0,  Completed: 0 [ current time: 00h49 ] 
INFO:  Idle: 0,  Running: 0,  Completed: 1 [  0.24s  ] 
INFO:  Idle: 0,  Running: 0,  Completed: 1 [  0.26s  ] 
INFO: End survey 
refine 1000000
Creating Jobs
INFO: Refine results to 1000000 
INFO: Generating 1000000.0 unweighted events. 
sum of cpu time of last step: 0 second
INFO: Effective Luminosity 1885369532.428356 pb^-1 
INFO: need to improve 1 channels 
- Current estimate of cross-section: 0.00063648 +- 3.3131e-05
    P1_qq_qqh_h_aa 
INFO:  Idle: 114,  Running: 16,  Completed: 0 [ current time: 00h49 ] 
INFO:  Idle: 113,  Running: 16,  Completed: 1 [  33.2s  ] 
INFO:  Idle: 110,  Running: 16,  Completed: 4 [  36.2s  ] 
INFO:  Idle: 108,  Running: 16,  Completed: 6 [  39.3s  ] 
INFO:  Idle: 100,  Running: 16,  Completed: 14 [  47.9s  ] 
INFO:  Idle: 97,  Running: 16,  Completed: 17 [  1m 14s  ] 
INFO:  Idle: 93,  Running: 16,  Completed: 21 [  1m 17s  ] 
INFO:  Idle: 90,  Running: 16,  Completed: 24 [  1m 20s  ] 
INFO:  Idle: 85,  Running: 16,  Completed: 29 [  1m 29s  ] 
INFO:  Idle: 84,  Running: 16,  Completed: 30 [  1m 35s  ] 
INFO:  Idle: 83,  Running: 16,  Completed: 31 [  1m 39s  ] 
INFO:  Idle: 82,  Running: 16,  Completed: 32 [  2m 11s  ] 
INFO:  Idle: 77,  Running: 16,  Completed: 37 [  2m 15s  ] 
INFO:  Idle: 71,  Running: 16,  Completed: 43 [  2m 19s  ] 
INFO:  Idle: 69,  Running: 16,  Completed: 45 [  2m 22s  ] 
INFO:  Idle: 68,  Running: 16,  Completed: 46 [  2m 29s  ] 
INFO:  Idle: 67,  Running: 16,  Completed: 47 [  2m 33s  ] 
INFO:  Idle: 66,  Running: 16,  Completed: 48 [  3m 1s  ] 
INFO:  Idle: 63,  Running: 16,  Completed: 51 [  3m 9s  ] 
INFO:  Idle: 62,  Running: 16,  Completed: 52 [  3m 14s  ] 
INFO:  Idle: 57,  Running: 16,  Completed: 57 [  3m 17s  ] 
INFO:  Idle: 53,  Running: 16,  Completed: 61 [  3m 20s  ] 
INFO:  Idle: 52,  Running: 16,  Completed: 62 [  3m 26s  ] 
INFO:  Idle: 51,  Running: 16,  Completed: 63 [  3m 29s  ] 
INFO:  Idle: 50,  Running: 16,  Completed: 64 [  3m 58s  ] 
INFO:  Idle: 48,  Running: 16,  Completed: 66 [  4m 1s  ] 
INFO:  Idle: 47,  Running: 16,  Completed: 67 [  4m 11s  ] 
INFO:  Idle: 44,  Running: 16,  Completed: 70 [  4m 14s  ] 
INFO:  Idle: 37,  Running: 16,  Completed: 77 [  4m 21s  ] 
INFO:  Idle: 36,  Running: 16,  Completed: 78 [  4m 27s  ] 
INFO:  Idle: 34,  Running: 16,  Completed: 80 [  4m 56s  ] 
INFO:  Idle: 31,  Running: 16,  Completed: 83 [  4m 59s  ] 
INFO:  Idle: 29,  Running: 16,  Completed: 85 [  5m 13s  ] 
INFO:  Idle: 24,  Running: 16,  Completed: 90 [  5m 17s  ] 
INFO:  Idle: 22,  Running: 16,  Completed: 92 [  5m 21s  ] 
INFO:  Idle: 21,  Running: 16,  Completed: 93 [  5m 26s  ] 
INFO:  Idle: 19,  Running: 16,  Completed: 95 [  5m 53s  ] 
INFO:  Idle: 17,  Running: 16,  Completed: 97 [  5m 57s  ] 
INFO:  Idle: 16,  Running: 16,  Completed: 98 [  6m 4s  ] 
INFO:  Idle: 14,  Running: 16,  Completed: 100 [  6m 7s  ] 
INFO:  Idle: 13,  Running: 16,  Completed: 101 [  6m 11s  ] 
INFO:  Idle: 7,  Running: 16,  Completed: 107 [  6m 17s  ] 
INFO:  Idle: 6,  Running: 16,  Completed: 108 [  6m 31s  ] 
INFO:  Idle: 4,  Running: 16,  Completed: 110 [  6m 59s  ] 
INFO:  Idle: 2,  Running: 16,  Completed: 112 [  7m 5s  ] 
INFO:  Idle: 0,  Running: 13,  Completed: 117 [  7m 9s  ] 
INFO:  Idle: 0,  Running: 8,  Completed: 122 [  7m 14s  ] 
INFO:  Idle: 0,  Running: 6,  Completed: 124 [  7m 28s  ] 
INFO:  Idle: 0,  Running: 4,  Completed: 126 [  7m 43s  ] 
INFO:  Idle: 0,  Running: 2,  Completed: 128 [  7m 47s  ] 
INFO:  Idle: 0,  Running: 0,  Completed: 130 [  7m 48s  ] 
INFO: Combining runs 
sum of cpu time of last step: 1h56m42s
INFO: finish refine 
refine 1000000 --treshold=0.9
No need for second refine due to stability of cross-section
INFO: Combining Events 
combination of events done in 223.3235523700714 s 
  === Results Summary for run: basis_00_sm_part05 tag: tag_1 ===

     Cross-section :   0.0006618 +- 2.048e-07 pb
     Nb of events :  1000000
 
INFO: No version of lhapdf. Can not run systematics computation 
store_events
INFO: Storing parton level results 
INFO: End Parton 
reweight -from_cards
INFO: Extracting the banner ... 
INFO: process: u d > u d h  
INFO: options: / a z QCD=0 QED=99 NP=2, h > a a QCD=0 QED=99 NP=0 
INFO: Running Reweighting 
launch --rwgt_name=sm
INFO: detected model: EWdim6-full. Loading... 
INFO: detected model: EWdim6-full. Loading... 
INFO: generating the square matrix element for reweighting 
INFO: generate u d > u d h / a z QCD=0 QED=99 NP=2, h > a a QCD=0 QED=99 NP=0 ; 
INFO: Done 19.05 
Do you want to edit a card (press enter to bypass editing)?
/------------------------------------------------------------\
|  [31m1[0m. param : [32mparam_card.dat[0m                                 |
|  [31m9[0m. plot  : [32mplot_card.dat[0m                                  |
\------------------------------------------------------------/
 you can also
   - enter the path to a valid card or banner.
   - use the 'set' command to modify a parameter directly.
     The set option works only for param_card and run_card.
     Type 'help set' for more information on this command.
   - call an external program (ASperGE/MadWidth/...).
     Type 'help' for the list of available command
 [[4m0[0m, done, 1, param, 9, plot, enter path]
>[1;34mWARNING:  REWEIGHTING: original card and new card are identical. [0m
INFO: starts to compute weight for events with the following modification to the param_card: 
INFO:  
INFO: Event nb 0 current time: 01h02 
INFO: Event nb 10 current time: 01h02 
INFO: Event nb 20 current time: 01h02 
INFO: Event nb 30 current time: 01h02 
INFO: Event nb 40  0.022s  
INFO: Event nb 50  0.026s  
INFO: Event nb 60  0.03s  
INFO: Event nb 70  0.034s  
INFO: Event nb 80  0.038s  
INFO: Event nb 90  0.043s  
INFO: Event nb 100  0.046s  
INFO: Event nb 200  0.073s  
INFO: Event nb 300  0.1s  
INFO: Event nb 400  0.13s  
INFO: Event nb 500  0.16s  
INFO: Event nb 600  0.19s  
INFO: Event nb 700  0.22s  
INFO: Event nb 800  0.25s  
INFO: Event nb 900  0.28s  
INFO: Event nb 1000  0.3s  
INFO: Event nb 2000  0.57s  
INFO: Event nb 3000  0.83s  
INFO: Event nb 4000  1.1s  
INFO: Event nb 5000  3.1s  
INFO: Event nb 6000  3.4s  
INFO: Event nb 7000  3.7s  
INFO: Event nb 8000  3.9s  
INFO: Event nb 9000  4.2s  
INFO: Event nb 10000  4.5s  
INFO: reducing number of print status. Next status update in 10000 events 
INFO: Event nb 20000  7.2s  
INFO: Event nb 30000  9.9s  
INFO: Event nb 40000  12.6s  
INFO: Event nb 50000  15.5s  
INFO: Event nb 60000  18.3s  
INFO: Event nb 70000  21.1s  
INFO: Event nb 80000  23.9s  
INFO: Event nb 90000  27s  
INFO: Event nb 100000  30.1s  
INFO: reducing number of print status. Next status update in 100000 events 
INFO: Event nb 200000  1m 16s  
INFO: Event nb 300000  1m 47s  
INFO: Event nb 400000  2m 16s  
INFO: Event nb 500000  3m 4s  
INFO: Event nb 600000  3m 34s  
INFO: Event nb 700000  4m 13s  
INFO: Event nb 800000  4m 44s  
INFO: Event nb 900000  5m 23s  
INFO: All event done  (nb_event: 1000000)  6m 8s  
INFO: Event ./processes/PROC_EWdim6_VBF_HAA/Events/basis_00_sm_part05/unweighted_events.lhe have now the additional weight 
INFO: new cross-section is : 0.00066183 pb (indicative error: 2.0475e-07 pb) 
launch --rwgt_name=w
INFO: detected model: EWdim6-full. Loading... 
Do you want to edit a card (press enter to bypass editing)?
/------------------------------------------------------------\
|  [31m1[0m. param : [32mparam_card.dat[0m                                 |
|  [31m9[0m. plot  : [32mplot_card.dat[0m                                  |
\------------------------------------------------------------/
 you can also
   - enter the path to a valid card or banner.
   - use the 'set' command to modify a parameter directly.
     The set option works only for param_card and run_card.
     Type 'help set' for more information on this command.
   - call an external program (ASperGE/MadWidth/...).
     Type 'help' for the list of available command
 [[4m0[0m, done, 1, param, 9, plot, enter path]
>INFO: starts to compute weight for events with the following modification to the param_card: 
INFO: set param_card dim6 2 251.104 # orig: 0.0
KEEP:set param_card dim6 5 1.652 # orig: 0.0
KEEP: 
INFO: Event nb 0 current time: 01h08 
INFO: Event nb 10 current time: 01h08 
INFO: Event nb 20 current time: 01h08 
INFO: Event nb 30 current time: 01h08 
INFO: Event nb 40 current time: 01h08 
INFO: Event nb 50 current time: 01h08 
INFO: Event nb 60  0.022s  
INFO: Event nb 70  0.026s  
INFO: Event nb 80  0.03s  
INFO: Event nb 90  0.034s  
INFO: Event nb 100  0.037s  
INFO: Event nb 200  0.068s  
INFO: Event nb 300  0.096s  
INFO: Event nb 400  0.13s  
INFO: Event nb 500  0.15s  
INFO: Event nb 600  0.18s  
INFO: Event nb 700  0.21s  
INFO: Event nb 800  0.24s  
INFO: Event nb 900  0.27s  
INFO: Event nb 1000  0.3s  
INFO: Event nb 2000  0.6s  
INFO: Event nb 3000  0.89s  
INFO: Event nb 4000  1.2s  
INFO: Event nb 5000  1.5s  
INFO: Event nb 6000  1.8s  
INFO: Event nb 7000  2.1s  
INFO: Event nb 8000  2.4s  
INFO: Event nb 9000  2.7s  
INFO: Event nb 10000  3s  
INFO: reducing number of print status. Next status update in 10000 events 
INFO: Event nb 20000  6s  
INFO: Event nb 30000  10.8s  
INFO: Event nb 40000  14.1s  
INFO: Event nb 50000  24.9s  
INFO: Event nb 60000  27.8s  
INFO: Event nb 70000  30.7s  
INFO: Event nb 80000  33.7s  
INFO: Event nb 90000  36.7s  
INFO: Event nb 100000  39.6s  
INFO: reducing number of print status. Next status update in 100000 events 
INFO: Event nb 200000  1m 20s  
INFO: Event nb 300000  2m 1s  
INFO: Event nb 400000  2m 33s  
INFO: Event nb 500000  3m 13s  
INFO: Event nb 600000  3m 45s  
INFO: Event nb 700000  4m 17s  
INFO: Event nb 800000  4m 49s  
INFO: Event nb 900000  5m 28s  
INFO: All event done  (nb_event: 1000000)  6m 8s  
INFO: Event ./processes/PROC_EWdim6_VBF_HAA/Events/basis_00_sm_part05/unweighted_events.lhe have now the additional weight 
INFO: new cross-section is : 0.0273706 pb (indicative error: 0.025929 pb) 
launch --rwgt_name=neg_w
INFO: detected model: EWdim6-full. Loading... 
Do you want to edit a card (press enter to bypass editing)?
/------------------------------------------------------------\
|  [31m1[0m. param : [32mparam_card.dat[0m                                 |
|  [31m9[0m. plot  : [32mplot_card.dat[0m                                  |
\------------------------------------------------------------/
 you can also
   - enter the path to a valid card or banner.
   - use the 'set' command to modify a parameter directly.
     The set option works only for param_card and run_card.
     Type 'help set' for more information on this command.
   - call an external program (ASperGE/MadWidth/...).
     Type 'help' for the list of available command
 [[4m0[0m, done, 1, param, 9, plot, enter path]
>INFO: starts to compute weight for events with the following modification to the param_card: 
INFO: set param_card dim6 2 -254.408 # orig: 0.0
KEEP:set param_card dim6 5 3.304 # orig: 0.0
KEEP: 
INFO: Event nb 0 current time: 01h14 
INFO: Event nb 10 current time: 01h14 
INFO: Event nb 20 current time: 01h14 
INFO: Event nb 30 current time: 01h14 
INFO: Event nb 40 current time: 01h14 
INFO: Event nb 50  0.022s  
INFO: Event nb 60  0.025s  
INFO: Event nb 70  0.03s  
INFO: Event nb 80  0.034s  
INFO: Event nb 90  0.037s  
INFO: Event nb 100  0.041s  
INFO: Event nb 200  0.073s  
INFO: Event nb 300  0.1s  
INFO: Event nb 400  0.13s  
INFO: Event nb 500  0.17s  
INFO: Event nb 600  0.2s  
INFO: Event nb 700  0.23s  
INFO: Event nb 800  0.26s  
INFO: Event nb 900  0.29s  
INFO: Event nb 1000  0.35s  
INFO: Event nb 2000  0.64s  
INFO: Event nb 3000  0.94s  
INFO: Event nb 4000  1.2s  
INFO: Event nb 5000  1.5s  
INFO: Event nb 6000  1.8s  
INFO: Event nb 7000  2.1s  
INFO: Event nb 8000  2.5s  
INFO: Event nb 9000  2.9s  
INFO: Event nb 10000  3.2s  
INFO: reducing number of print status. Next status update in 10000 events 
INFO: Event nb 20000  6.4s  
INFO: Event nb 30000  9.6s  
INFO: Event nb 40000  14.5s  
INFO: Event nb 50000  17.7s  
INFO: Event nb 60000  20.7s  
INFO: Event nb 70000  31.3s  
INFO: Event nb 80000  34.4s  
INFO: Event nb 90000  37.6s  
INFO: Event nb 100000  40.7s  
INFO: reducing number of print status. Next status update in 100000 events 
INFO: Event nb 200000  1m 22s  
INFO: Event nb 300000  2m 2s  
INFO: Event nb 400000  2m 34s  
INFO: Event nb 500000  3m 12s  
INFO: Event nb 600000  3m 52s  
INFO: Event nb 700000  4m 31s  
INFO: Event nb 800000  5m 11s  
INFO: Event nb 900000  5m 52s  
INFO: All event done  (nb_event: 1000000)  6m 25s  
INFO: Event ./processes/PROC_EWdim6_VBF_HAA/Events/basis_00_sm_part05/unweighted_events.lhe have now the additional weight 
INFO: new cross-section is : 0.0354766 pb (indicative error: 0.0269947 pb) 
launch --rwgt_name=ww
INFO: detected model: EWdim6-full. Loading... 
Do you want to edit a card (press enter to bypass editing)?
/------------------------------------------------------------\
|  [31m1[0m. param : [32mparam_card.dat[0m                                 |
|  [31m9[0m. plot  : [32mplot_card.dat[0m                                  |
\------------------------------------------------------------/
 you can also
   - enter the path to a valid card or banner.
   - use the 'set' command to modify a parameter directly.
     The set option works only for param_card and run_card.
     Type 'help set' for more information on this command.
   - call an external program (ASperGE/MadWidth/...).
     Type 'help' for the list of available command
 [[4m0[0m, done, 1, param, 9, plot, enter path]
>INFO: starts to compute weight for events with the following modification to the param_card: 
INFO: set param_card dim6 2 4.956 # orig: 0.0
KEEP:set param_card dim6 5 249.452 # orig: 0.0
KEEP: 
INFO: Event nb 0 current time: 01h21 
INFO: Event nb 10 current time: 01h21 
INFO: Event nb 20 current time: 01h21 
INFO: Event nb 30 current time: 01h21 
INFO: Event nb 40 current time: 01h21 
INFO: Event nb 50  0.023s  
INFO: Event nb 60  0.028s  
INFO: Event nb 70  0.032s  
INFO: Event nb 80  0.036s  
INFO: Event nb 90  0.041s  
INFO: Event nb 100  0.045s  
INFO: Event nb 200  0.08s  
INFO: Event nb 300  0.11s  
INFO: Event nb 400  0.15s  
INFO: Event nb 500  0.18s  
INFO: Event nb 600  0.21s  
INFO: Event nb 700  0.25s  
INFO: Event nb 800  0.28s  
INFO: Event nb 900  0.31s  
INFO: Event nb 1000  0.35s  
INFO: Event nb 2000  0.67s  
INFO: Event nb 3000  2.8s  
INFO: Event nb 4000  3.1s  
INFO: Event nb 5000  3.5s  
INFO: Event nb 6000  3.9s  
INFO: Event nb 7000  4.2s  
INFO: Event nb 8000  4.5s  
INFO: Event nb 9000  4.9s  
INFO: Event nb 10000  5.2s  
INFO: reducing number of print status. Next status update in 10000 events 
INFO: Event nb 20000  17s  
INFO: Event nb 30000  20.1s  
INFO: Event nb 40000  23.1s  
INFO: Event nb 50000  26.1s  
INFO: Event nb 60000  29.2s  
INFO: Event nb 70000  32.3s  
INFO: Event nb 80000  37.2s  
INFO: Event nb 90000  40.3s  
INFO: Event nb 100000  43.3s  
INFO: reducing number of print status. Next status update in 100000 events 
INFO: Event nb 200000  1m 31s  
INFO: Event nb 300000  2m 4s  
INFO: Event nb 400000  2m 43s  
INFO: Event nb 500000  3m 32s  
INFO: Event nb 600000  4m 5s  
INFO: Event nb 700000  4m 52s  
INFO: Event nb 800000  5m 34s  
INFO: Event nb 900000  6m 42s  
INFO: All event done  (nb_event: 1000000)  7m 34s  
INFO: Event ./processes/PROC_EWdim6_VBF_HAA/Events/basis_00_sm_part05/unweighted_events.lhe have now the additional weight 
INFO: new cross-section is : 0.0308363 pb (indicative error: 0.0157404 pb) 
launch --rwgt_name=neg_ww
INFO: detected model: EWdim6-full. Loading... 
Do you want to edit a card (press enter to bypass editing)?
/------------------------------------------------------------\
|  [31m1[0m. param : [32mparam_card.dat[0m                                 |
|  [31m9[0m. plot  : [32mplot_card.dat[0m                                  |
\------------------------------------------------------------/
 you can also
   - enter the path to a valid card or banner.
   - use the 'set' command to modify a parameter directly.
     The set option works only for param_card and run_card.
     Type 'help set' for more information on this command.
   - call an external program (ASperGE/MadWidth/...).
     Type 'help' for the list of available command
 [[4m0[0m, done, 1, param, 9, plot, enter path]
>INFO: starts to compute weight for events with the following modification to the param_card: 
INFO: set param_card dim6 2 6.608 # orig: 0.0
KEEP:set param_card dim6 5 -252.756 # orig: 0.0
KEEP: 
INFO: Event nb 0 current time: 01h28 
INFO: Event nb 10 current time: 01h28 
INFO: Event nb 20 current time: 01h28 
INFO: Event nb 30 current time: 01h28 
INFO: Event nb 40  0.025s  
INFO: Event nb 50  0.03s  
INFO: Event nb 60  0.035s  
INFO: Event nb 70  0.04s  
INFO: Event nb 80  0.044s  
INFO: Event nb 90  0.049s  
INFO: Event nb 100  0.053s  
INFO: Event nb 200  0.088s  
INFO: Event nb 300  0.12s  
INFO: Event nb 400  0.16s  
INFO: Event nb 500  0.19s  
INFO: Event nb 600  0.22s  
INFO: Event nb 700  0.26s  
INFO: Event nb 800  0.29s  
INFO: Event nb 900  0.32s  
INFO: Event nb 1000  0.36s  
INFO: Event nb 2000  0.75s  
INFO: Event nb 3000  1.1s  
INFO: Event nb 4000  1.5s  
INFO: Event nb 5000  1.9s  
INFO: Event nb 6000  2.4s  
INFO: Event nb 7000  2.7s  
INFO: Event nb 8000  3s  
INFO: Event nb 9000  3.4s  
INFO: Event nb 10000  3.7s  
INFO: reducing number of print status. Next status update in 10000 events 
INFO: Event nb 20000  12.6s  
INFO: Event nb 30000  18s  
INFO: Event nb 40000  21.1s  
INFO: Event nb 50000  25.9s  
INFO: Event nb 60000  28.9s  
INFO: Event nb 70000  32s  
INFO: Event nb 80000  35.2s  
INFO: Event nb 90000  38.4s  
INFO: Event nb 100000  48.5s  
INFO: reducing number of print status. Next status update in 100000 events 
INFO: Event nb 200000  1m 20s  
INFO: Event nb 300000  2m 1s  
INFO: Event nb 400000  2m 43s  
INFO: Event nb 500000  3m 23s  
INFO: Event nb 600000  3m 55s  
INFO: Event nb 700000  4m 36s  
INFO: Event nb 800000  5m 17s  
INFO: Event nb 900000  5m 57s  
INFO: All event done  (nb_event: 1000000)  6m 31s  
INFO: Event ./processes/PROC_EWdim6_VBF_HAA/Events/basis_00_sm_part05/unweighted_events.lhe have now the additional weight 
INFO: new cross-section is : 0.0316233 pb (indicative error: 0.0163148 pb) 
launch --rwgt_name=w_ww
INFO: detected model: EWdim6-full. Loading... 
Do you want to edit a card (press enter to bypass editing)?
/------------------------------------------------------------\
|  [31m1[0m. param : [32mparam_card.dat[0m                                 |
|  [31m9[0m. plot  : [32mplot_card.dat[0m                                  |
\------------------------------------------------------------/
 you can also
   - enter the path to a valid card or banner.
   - use the 'set' command to modify a parameter directly.
     The set option works only for param_card and run_card.
     Type 'help set' for more information on this command.
   - call an external program (ASperGE/MadWidth/...).
     Type 'help' for the list of available command
 [[4m0[0m, done, 1, param, 9, plot, enter path]
>INFO: starts to compute weight for events with the following modification to the param_card: 
INFO: set param_card dim6 2 278.8576 # orig: 0.0
KEEP:set param_card dim6 5 246.974 # orig: 0.0
KEEP: 
INFO: Event nb 0 current time: 01h35 
INFO: Event nb 10 current time: 01h35 
INFO: Event nb 20 current time: 01h35 
INFO: Event nb 30 current time: 01h35 
INFO: Event nb 40  0.022s  
INFO: Event nb 50  0.026s  
INFO: Event nb 60  0.03s  
INFO: Event nb 70  0.034s  
INFO: Event nb 80  0.038s  
INFO: Event nb 90  0.042s  
INFO: Event nb 100  0.047s  
INFO: Event nb 200  0.079s  
INFO: Event nb 300  0.11s  
INFO: Event nb 400  0.14s  
INFO: Event nb 500  0.17s  
INFO: Event nb 600  0.2s  
INFO: Event nb 700  0.24s  
INFO: Event nb 800  0.27s  
INFO: Event nb 900  0.31s  
INFO: Event nb 1000  0.34s  
INFO: Event nb 2000  0.66s  
INFO: Event nb 3000  0.97s  
INFO: Event nb 4000  1.3s  
INFO: Event nb 5000  1.6s  
INFO: Event nb 6000  2s  
INFO: Event nb 7000  2.3s  
INFO: Event nb 8000  2.7s  
INFO: Event nb 9000  3.1s  
INFO: Event nb 10000  3.5s  
INFO: reducing number of print status. Next status update in 10000 events 
INFO: Event nb 20000  8.7s  
INFO: Event nb 30000  12.1s  
INFO: Event nb 40000  22.3s  
INFO: Event nb 50000  25.5s  
INFO: Event nb 60000  28.6s  
INFO: Event nb 70000  31.7s  
INFO: Event nb 80000  34.8s  
INFO: Event nb 90000  37.9s  
INFO: Event nb 100000  42.9s  
INFO: reducing number of print status. Next status update in 100000 events 
INFO: Event nb 200000  1m 16s  
INFO: Event nb 300000  1m 47s  
INFO: Event nb 400000  2m 29s  
INFO: Event nb 500000  3m 10s  
INFO: Event nb 600000  3m 43s  
INFO: Event nb 700000  4m 16s  
INFO: Event nb 800000  4m 49s  
INFO: Event nb 900000  5m 30s  
INFO: All event done  (nb_event: 1000000)  6m 4s  
INFO: Event ./processes/PROC_EWdim6_VBF_HAA/Events/basis_00_sm_part05/unweighted_events.lhe have now the additional weight 
INFO: new cross-section is : 0.063923 pb (indicative error: 0.0413514 pb) 
INFO: Original cross-section: 0.00066183 +- 2.0475e-07 pb (cross-section from sum of weights: 0.0006618299999912118) 
INFO: Computed cross-section: 
INFO: rwgt_1 : 0.0006618299999912118 +- 2.0475e-07 pb 
INFO: rwgt_2 : 0.02737062191153773 +- 0.025928997399049657 pb 
INFO: rwgt_3 : 0.03547662751455735 +- 0.026994707039933386 pb 
INFO: rwgt_4 : 0.030836282701669642 +- 0.015740416850136583 pb 
INFO: rwgt_5 : 0.03162330015701454 +- 0.01631475839034815 pb 
INFO: rwgt_6 : 0.06392304995245487 +- 0.04135135543382479 pb 
INFO: quit rwgt 
decay_events -from_cards
INFO: storing files of previous run 
gzipping output file: unweighted_events.lhe
INFO: Done 
quit
INFO:  
GDBus.Error:org.freedesktop.DBus.Error.ServiceUnknown: The name org.freedesktop.Notifications was not provided by any .service files
 no parameter matchingQNUMBERS 9000006_1                                                                                                                                                                                                                                                                                                                                                                                                                                                                                                                 0.0000000000000000     
 no parameter matchingQNUMBERS 9000006_2                                                                                                                                                                                                                                                                                                                                                                                                                                                                                                                 1.0000000000000000     
 no parameter matchingQNUMBERS 9000006_3                                                                                                                                                                                                                                                                                                                                                                                                                                                                                                                 1.0000000000000000     
 no parameter matchingQNUMBERS 9000006_4                                                                                                                                                                                                                                                                                                                                                                                                                                                                                                                 0.0000000000000000     
