$ bash -lc yes 0 | "./processes/PROC_EWdim6_VBF_HAA/bin/generate_events" "basis_02_neg_w" -f

************************************************************
*                                                          *
*                      W E L C O M E to                    *
*             M A D G R A P H 5 _ a M C @ N L O            *
*                      M A D E V E N T                     *
*                                                          *
*                 *                       *                *
*                   *        * *        *                  *
*                     * * * * 5 * * * *                    *
*                   *        * *        *                  *
*                 *                       *                *
*                                                          *
*         VERSION 3.7.1                                    *
*                                                          *
*    The MadGraph5_aMC@NLO Development Team - Find us at   *
*    https://server06.fynu.ucl.ac.be/projects/madgraph     *
*                                                          *
*               Type 'help' for in-line help.              *
*                                                          *
************************************************************
INFO: load configuration from ./processes/PROC_EWdim6_VBF_HAA/Cards/me5_configuration.txt  
INFO: load configuration from external/MG5_aMC_v3_7_1/input/mg5_configuration.txt  
INFO: load configuration from ./processes/PROC_EWdim6_VBF_HAA/Cards/me5_configuration.txt  
Using default text editor "vi". Set another one in ./input/mg5_configuration.txt
No valid eps viewer found. Please set in ./input/mg5_configuration.txt
No valid web browser found. Please set in ./input/mg5_configuration.txt
Using default gzip "pigz". Set another one in ./input/mg5_configuration.txt
generate_events basis_02_neg_w -f
stty: 'standard input': Inappropriate ioctl for device
[1;34mvalue '[]' for entry 'bypass_check' is not valid. Preserving previous value: '[]'.
allowed values are any list composed of the following entries: partonshower[0m
Generating 1000000 events with run name basis_02_neg_w
survey  basis_02_neg_w 
INFO: compile directory 
[1;34mNot able to open file ./processes/PROC_EWdim6_VBF_HAA/crossx.html since no program configured.Please set one in ./input/mg5_configuration.txt[0m
compile Source Directory
Using random number seed offset = 2043
INFO: Running Survey 
Creating Jobs
Working on SubProcesses
INFO: Compiling for process 1/1. 
INFO:     P1_qq_qqh_h_aa  
[1;34mWARNING: The optimizer detects that you have coupling evaluated to zero: 
GC_92 GC_117
This will slow down the computation. Please consider using restricted model:
https://answers.launchpad.net/mg5amcnlo/+faq/2312 [0m
INFO:     P1_qq_qqh_h_aa  
INFO:  Idle: 1,  Running: 0,  Completed: 0 [ current time: 02h47 ] 
INFO:  Idle: 0,  Running: 0,  Completed: 1 [  0.25s  ] 
INFO:  Idle: 0,  Running: 0,  Completed: 1 [  0.27s  ] 
INFO: End survey 
refine 1000000
Creating Jobs
INFO: Refine results to 1000000 
INFO: Generating 1000000.0 unweighted events. 
sum of cpu time of last step: 0 second
INFO: Effective Luminosity 35291003.734964564 pb^-1 
INFO: need to improve 1 channels 
- Current estimate of cross-section: 0.034003 +- 0.0014969
    P1_qq_qqh_h_aa 
INFO:  Idle: 114,  Running: 16,  Completed: 0 [ current time: 02h47 ] 
INFO:  Idle: 113,  Running: 16,  Completed: 1 [  1m 19s  ] 
INFO:  Idle: 112,  Running: 16,  Completed: 2 [  1m 30s  ] 
INFO:  Idle: 111,  Running: 16,  Completed: 3 [  2m 39s  ] 
INFO:  Idle: 110,  Running: 16,  Completed: 4 [  4m 31s  ] 
INFO:  Idle: 109,  Running: 16,  Completed: 5 [  5m 6s  ] 
INFO:  Idle: 107,  Running: 16,  Completed: 7 [  5m 11s  ] 
INFO:  Idle: 104,  Running: 16,  Completed: 10 [  5m 14s  ] 
INFO:  Idle: 101,  Running: 16,  Completed: 13 [  5m 19s  ] 
INFO:  Idle: 100,  Running: 16,  Completed: 14 [  5m 24s  ] 
INFO:  Idle: 97,  Running: 16,  Completed: 17 [  5m 28s  ] 
INFO:  Idle: 96,  Running: 16,  Completed: 18 [  7m 8s  ] 
INFO:  Idle: 95,  Running: 16,  Completed: 19 [  8m 47s  ] 
INFO:  Idle: 94,  Running: 16,  Completed: 20 [  8m 56s  ] 
INFO:  Idle: 93,  Running: 16,  Completed: 21 [  10m 43s  ] 
INFO:  Idle: 92,  Running: 16,  Completed: 22 [  11m 12s  ] 
INFO:  Idle: 91,  Running: 16,  Completed: 23 [  11m 23s  ] 
INFO:  Idle: 89,  Running: 16,  Completed: 25 [  11m 30s  ] 
INFO:  Idle: 88,  Running: 16,  Completed: 26 [  11m 43s  ] 
INFO:  Idle: 84,  Running: 16,  Completed: 30 [  11m 48s  ] 
INFO:  Idle: 81,  Running: 16,  Completed: 33 [  11m 59s  ] 
INFO:  Idle: 80,  Running: 16,  Completed: 34 [  13m 33s  ] 
INFO:  Idle: 79,  Running: 16,  Completed: 35 [  15m 20s  ] 
INFO:  Idle: 78,  Running: 16,  Completed: 36 [  15m 35s  ] 
INFO:  Idle: 77,  Running: 16,  Completed: 37 [  17m 30s  ] 
INFO:  Idle: 76,  Running: 16,  Completed: 38 [  17m 45s  ] 
INFO:  Idle: 75,  Running: 16,  Completed: 39 [  17m 50s  ] 
INFO:  Idle: 74,  Running: 16,  Completed: 40 [  18m 9s  ] 
INFO:  Idle: 70,  Running: 16,  Completed: 44 [  18m 13s  ] 
INFO:  Idle: 68,  Running: 16,  Completed: 46 [  18m 21s  ] 
INFO:  Idle: 66,  Running: 16,  Completed: 48 [  18m 24s  ] 
INFO:  Idle: 64,  Running: 16,  Completed: 50 [  18m 43s  ] 
INFO:  Idle: 63,  Running: 16,  Completed: 51 [  20m 4s  ] 
INFO:  Idle: 62,  Running: 16,  Completed: 52 [  21m 28s  ] 
INFO:  Idle: 61,  Running: 16,  Completed: 53 [  22m 7s  ] 
INFO:  Idle: 60,  Running: 16,  Completed: 54 [  22m 12s  ] 
INFO:  Idle: 59,  Running: 16,  Completed: 55 [  24m 36s  ] 
INFO:  Idle: 56,  Running: 16,  Completed: 58 [  24m 51s  ] 
INFO:  Idle: 55,  Running: 16,  Completed: 59 [  24m 58s  ] 
INFO:  Idle: 54,  Running: 16,  Completed: 60 [  25m 1s  ] 
INFO:  Idle: 51,  Running: 16,  Completed: 63 [  25m 5s  ] 
INFO:  Idle: 49,  Running: 16,  Completed: 65 [  25m 27s  ] 
INFO:  Idle: 48,  Running: 16,  Completed: 66 [  25m 33s  ] 
INFO:  Idle: 47,  Running: 16,  Completed: 67 [  26m 41s  ] 
INFO:  Idle: 46,  Running: 16,  Completed: 68 [  26m 51s  ] 
INFO:  Idle: 45,  Running: 16,  Completed: 69 [  27m 56s  ] 
INFO:  Idle: 44,  Running: 16,  Completed: 70 [  28m 32s  ] 
INFO:  Idle: 42,  Running: 16,  Completed: 72 [  30m 24s  ] 
INFO:  Idle: 41,  Running: 16,  Completed: 73 [  31m 13s  ] 
INFO:  Idle: 40,  Running: 16,  Completed: 74 [  31m 20s  ] 
INFO:  Idle: 39,  Running: 16,  Completed: 75 [  31m 32s  ] 
INFO:  Idle: 38,  Running: 16,  Completed: 76 [  31m 44s  ] 
INFO:  Idle: 36,  Running: 16,  Completed: 78 [  31m 48s  ] 
INFO:  Idle: 33,  Running: 16,  Completed: 81 [  31m 52s  ] 
INFO:  Idle: 32,  Running: 16,  Completed: 82 [  32m 8s  ] 
INFO:  Idle: 30,  Running: 16,  Completed: 84 [  33m 5s  ] 
INFO:  Idle: 29,  Running: 16,  Completed: 85 [  34m 52s  ] 
INFO:  Idle: 28,  Running: 16,  Completed: 86 [  35m 16s  ] 
INFO:  Idle: 26,  Running: 16,  Completed: 88 [  37m 26s  ] 
INFO:  Idle: 25,  Running: 16,  Completed: 89 [  38m 0s  ] 
INFO:  Idle: 24,  Running: 16,  Completed: 90 [  38m 14s  ] 
INFO:  Idle: 23,  Running: 16,  Completed: 91 [  38m 19s  ] 
INFO:  Idle: 21,  Running: 16,  Completed: 93 [  38m 30s  ] 
INFO:  Idle: 20,  Running: 16,  Completed: 94 [  38m 37s  ] 
INFO:  Idle: 17,  Running: 16,  Completed: 97 [  38m 40s  ] 
INFO:  Idle: 16,  Running: 16,  Completed: 98 [  38m 53s  ] 
INFO:  Idle: 15,  Running: 16,  Completed: 99 [  39m 1s  ] 
INFO:  Idle: 14,  Running: 16,  Completed: 100 [  39m 38s  ] 
INFO:  Idle: 13,  Running: 16,  Completed: 101 [  39m 48s  ] 
INFO:  Idle: 12,  Running: 16,  Completed: 102 [  40m 38s  ] 
INFO:  Idle: 11,  Running: 16,  Completed: 103 [  41m 48s  ] 
INFO:  Idle: 10,  Running: 16,  Completed: 104 [  41m 53s  ] 
INFO:  Idle: 9,  Running: 16,  Completed: 105 [  42m 11s  ] 
INFO:  Idle: 7,  Running: 16,  Completed: 107 [  44m 27s  ] 
INFO:  Idle: 6,  Running: 16,  Completed: 108 [  44m 41s  ] 
INFO:  Idle: 5,  Running: 16,  Completed: 109 [  45m 10s  ] 
INFO:  Idle: 3,  Running: 16,  Completed: 111 [  45m 14s  ] 
INFO:  Idle: 1,  Running: 16,  Completed: 113 [  45m 27s  ] 
INFO:  Idle: 0,  Running: 16,  Completed: 114 [  45m 42s  ] 
INFO:  Idle: 0,  Running: 15,  Completed: 115 [  45m 49s  ] 
INFO:  Idle: 0,  Running: 14,  Completed: 116 [  46m 12s  ] 
INFO:  Idle: 0,  Running: 13,  Completed: 117 [  46m 43s  ] 
INFO:  Idle: 0,  Running: 12,  Completed: 118 [  47m 14s  ] 
INFO:  Idle: 0,  Running: 11,  Completed: 119 [  48m 16s  ] 
INFO:  Idle: 0,  Running: 10,  Completed: 120 [  48m 24s  ] 
INFO:  Idle: 0,  Running: 9,  Completed: 121 [  48m 41s  ] 
INFO:  Idle: 0,  Running: 7,  Completed: 123 [  50m 18s  ] 
INFO:  Idle: 0,  Running: 6,  Completed: 124 [  50m 36s  ] 
INFO:  Idle: 0,  Running: 5,  Completed: 125 [  50m 53s  ] 
INFO:  Idle: 0,  Running: 3,  Completed: 127 [  50m 56s  ] 
INFO:  Idle: 0,  Running: 1,  Completed: 129 [  51m 8s  ] 
INFO:  Idle: 0,  Running: 0,  Completed: 130 [  51m 12s  ] 
INFO:  Idle: 0,  Running: 0,  Completed: 130 [  51m 12s  ] 
INFO: Combining runs 
sum of cpu time of last step: 1h59m19s
INFO: finish refine 
refine 1000000 --treshold=0.9
No need for second refine due to stability of cross-section
INFO: Combining Events 
INFO: fail to reach target 1000000 
[1;34mfailed to generate enough events. Please follow one of the following suggestions to fix the issue:[0m
[1;34m  - set in the run_card.dat 'sde_strategy' to 1[0m
[1;34m  - set in the run_card.dat  'hard_survey' to 1 or 2.[0m
[1;34m  - reduce the number of requested events (if set too high)[0m
[1;34m  - check that you do not have -integrable- singularity in your amplitude.[0m
[1;34m  - regenerate your process directory by selecting another gauge (in particular try FD gauge).[0m
combination of events done in 104.18879580497742 s 
  === Results Summary for run: basis_02_neg_w tag: tag_1 ===

     Cross-section :   0.03444 +- 9.877e-06 pb
     Nb of events :  729120
 
INFO: No version of lhapdf. Can not run systematics computation 
store_events
INFO: Storing parton level results 
INFO: End Parton 
reweight -from_cards
INFO: Extracting the banner ... 
INFO: process: u d > u d h  
INFO: options: / a z QCD=0 QED=99 NP=2, h > a a QCD=0 QED=99 NP=0 
INFO: Running Reweighting 
launch --rwgt_name=sm
INFO: detected model: EWdim6-full. Loading... 
INFO: detected model: EWdim6-full. Loading... 
INFO: generating the square matrix element for reweighting 
INFO: generate u d > u d h / a z QCD=0 QED=99 NP=2, h > a a QCD=0 QED=99 NP=0 ; 
INFO: Done 7.544 
Do you want to edit a card (press enter to bypass editing)?
/------------------------------------------------------------\
|  [31m1[0m. param : [32mparam_card.dat[0m                                 |
|  [31m9[0m. plot  : [32mplot_card.dat[0m                                  |
\------------------------------------------------------------/
 you can also
   - enter the path to a valid card or banner.
   - use the 'set' command to modify a parameter directly.
     The set option works only for param_card and run_card.
     Type 'help set' for more information on this command.
   - call an external program (ASperGE/MadWidth/...).
     Type 'help' for the list of available command
 [[4m0[0m, done, 1, param, 9, plot, enter path]
>INFO: starts to compute weight for events with the following modification to the param_card: 
INFO: set param_card dim6 2 0.0 # orig: -254.408
KEEP:set param_card dim6 5 0.0 # orig: 3.304
KEEP: 
INFO: Event nb 0 current time: 03h41 
INFO: Event nb 10 current time: 03h41 
INFO: Event nb 20 current time: 03h41 
INFO: Event nb 30 current time: 03h41 
INFO: Event nb 40  0.021s  
INFO: Event nb 50  0.026s  
INFO: Event nb 60  0.031s  
INFO: Event nb 70  0.035s  
INFO: Event nb 80  0.04s  
INFO: Event nb 90  0.044s  
INFO: Event nb 100  0.049s  
INFO: Event nb 200  0.079s  
INFO: Event nb 300  0.11s  
INFO: Event nb 400  0.15s  
INFO: Event nb 500  0.18s  
INFO: Event nb 600  0.21s  
INFO: Event nb 700  0.24s  
INFO: Event nb 800  0.27s  
INFO: Event nb 900  0.3s  
INFO: Event nb 1000  0.33s  
INFO: Event nb 2000  0.61s  
INFO: Event nb 3000  0.9s  
INFO: Event nb 4000  1.2s  
INFO: Event nb 5000  1.5s  
INFO: Event nb 6000  1.8s  
INFO: Event nb 7000  2.1s  
INFO: Event nb 8000  2.4s  
INFO: Event nb 9000  2.7s  
INFO: Event nb 10000  3s  
INFO: reducing number of print status. Next status update in 10000 events 
INFO: Event nb 20000  5.8s  
INFO: Event nb 30000  8.5s  
INFO: Event nb 40000  11.3s  
INFO: Event nb 50000  14.1s  
INFO: Event nb 60000  16.8s  
INFO: Event nb 70000  19.5s  
INFO: Event nb 80000  22.2s  
INFO: Event nb 90000  25s  
INFO: Event nb 100000  27.8s  
INFO: reducing number of print status. Next status update in 100000 events 
INFO: Event nb 200000  56.8s  
INFO: Event nb 300000  1m 26s  
INFO: Event nb 400000  1m 55s  
INFO: Event nb 500000  2m 24s  
INFO: Event nb 600000  2m 53s  
INFO: Event nb 700000  3m 22s  
INFO: All event done  (nb_event: 729120)  3m 31s  
INFO: Event ./processes/PROC_EWdim6_VBF_HAA/Events/basis_02_neg_w/unweighted_events.lhe have now the additional weight 
INFO: new cross-section is : 0.000665573 pb (indicative error: 9.36794e-05 pb) 
launch --rwgt_name=w
INFO: detected model: EWdim6-full. Loading... 
Do you want to edit a card (press enter to bypass editing)?
/------------------------------------------------------------\
|  [31m1[0m. param : [32mparam_card.dat[0m                                 |
|  [31m9[0m. plot  : [32mplot_card.dat[0m                                  |
\------------------------------------------------------------/
 you can also
   - enter the path to a valid card or banner.
   - use the 'set' command to modify a parameter directly.
     The set option works only for param_card and run_card.
     Type 'help set' for more information on this command.
   - call an external program (ASperGE/MadWidth/...).
     Type 'help' for the list of available command
 [[4m0[0m, done, 1, param, 9, plot, enter path]
>INFO: starts to compute weight for events with the following modification to the param_card: 
INFO: set param_card dim6 2 251.104 # orig: -254.408
KEEP:set param_card dim6 5 1.652 # orig: 3.304
KEEP: 
INFO: Event nb 0 current time: 03h45 
INFO: Event nb 10 current time: 03h45 
INFO: Event nb 20 current time: 03h45 
INFO: Event nb 30 current time: 03h45 
INFO: Event nb 40 current time: 03h45 
INFO: Event nb 50  0.023s  
INFO: Event nb 60  0.027s  
INFO: Event nb 70  0.031s  
INFO: Event nb 80  0.035s  
INFO: Event nb 90  0.04s  
INFO: Event nb 100  0.044s  
INFO: Event nb 200  0.074s  
INFO: Event nb 300  0.1s  
INFO: Event nb 400  0.13s  
INFO: Event nb 500  0.16s  
INFO: Event nb 600  0.19s  
INFO: Event nb 700  0.22s  
INFO: Event nb 800  0.25s  
INFO: Event nb 900  0.29s  
INFO: Event nb 1000  0.32s  
INFO: Event nb 2000  0.62s  
INFO: Event nb 3000  0.91s  
INFO: Event nb 4000  1.2s  
INFO: Event nb 5000  1.5s  
INFO: Event nb 6000  1.8s  
INFO: Event nb 7000  2.1s  
INFO: Event nb 8000  2.4s  
INFO: Event nb 9000  2.6s  
INFO: Event nb 10000  2.9s  
INFO: reducing number of print status. Next status update in 10000 events 
INFO: Event nb 20000  5.8s  
INFO: Event nb 30000  8.5s  
INFO: Event nb 40000  11.4s  
INFO: Event nb 50000  14.3s  
INFO: Event nb 60000  17s  
INFO: Event nb 70000  19.9s  
INFO: Event nb 80000  24s  
INFO: Event nb 90000  26.9s  
INFO: Event nb 100000  29.7s  
INFO: reducing number of print status. Next status update in 100000 events 
INFO: Event nb 200000  59.4s  
INFO: Event nb 300000  1m 27s  
INFO: Event nb 400000  1m 57s  
INFO: Event nb 500000  2m 27s  
INFO: Event nb 600000  2m 57s  
INFO: Event nb 700000  3m 27s  
INFO: All event done  (nb_event: 729120)  3m 35s  
INFO: Event ./processes/PROC_EWdim6_VBF_HAA/Events/basis_02_neg_w/unweighted_events.lhe have now the additional weight 
INFO: new cross-section is : 0.0263127 pb (indicative error: 0.000318876 pb) 
launch --rwgt_name=neg_w
INFO: detected model: EWdim6-full. Loading... 
Do you want to edit a card (press enter to bypass editing)?
/------------------------------------------------------------\
|  [31m1[0m. param : [32mparam_card.dat[0m                                 |
|  [31m9[0m. plot  : [32mplot_card.dat[0m                                  |
\------------------------------------------------------------/
 you can also
   - enter the path to a valid card or banner.
   - use the 'set' command to modify a parameter directly.
     The set option works only for param_card and run_card.
     Type 'help set' for more information on this command.
   - call an external program (ASperGE/MadWidth/...).
     Type 'help' for the list of available command
 [[4m0[0m, done, 1, param, 9, plot, enter path]
>[1;34mWARNING:  REWEIGHTING: original card and new card are identical. [0m
INFO: starts to compute weight for events with the following modification to the param_card: 
INFO:  
INFO: Event nb 0 current time: 03h48 
INFO: Event nb 10 current time: 03h48 
INFO: Event nb 20 current time: 03h48 
INFO: Event nb 30 current time: 03h48 
INFO: Event nb 40 current time: 03h48 
INFO: Event nb 50  0.021s  
INFO: Event nb 60  0.026s  
INFO: Event nb 70  0.03s  
INFO: Event nb 80  0.034s  
INFO: Event nb 90  0.038s  
INFO: Event nb 100  0.042s  
INFO: Event nb 200  0.072s  
INFO: Event nb 300  0.1s  
INFO: Event nb 400  0.13s  
INFO: Event nb 500  0.16s  
INFO: Event nb 600  0.19s  
INFO: Event nb 700  0.22s  
INFO: Event nb 800  0.25s  
INFO: Event nb 900  0.28s  
INFO: Event nb 1000  0.32s  
INFO: Event nb 2000  0.62s  
INFO: Event nb 3000  0.91s  
INFO: Event nb 4000  1.2s  
INFO: Event nb 5000  1.5s  
INFO: Event nb 6000  1.8s  
INFO: Event nb 7000  2.1s  
INFO: Event nb 8000  2.3s  
INFO: Event nb 9000  2.6s  
INFO: Event nb 10000  2.9s  
INFO: reducing number of print status. Next status update in 10000 events 
INFO: Event nb 20000  5.8s  
INFO: Event nb 30000  8.7s  
INFO: Event nb 40000  11.6s  
INFO: Event nb 50000  14.5s  
INFO: Event nb 60000  17.4s  
INFO: Event nb 70000  20.2s  
INFO: Event nb 80000  24.9s  
INFO: Event nb 90000  27.8s  
INFO: Event nb 100000  30.7s  
INFO: reducing number of print status. Next status update in 100000 events 
INFO: Event nb 200000  1m 0s  
INFO: Event nb 300000  1m 31s  
INFO: Event nb 400000  2m 0s  
INFO: Event nb 500000  2m 30s  
INFO: Event nb 600000  3m 0s  
INFO: Event nb 700000  3m 31s  
INFO: All event done  (nb_event: 729120)  3m 39s  
INFO: Event ./processes/PROC_EWdim6_VBF_HAA/Events/basis_02_neg_w/unweighted_events.lhe have now the additional weight 
INFO: new cross-section is : 0.034441 pb (indicative error: 9.8775e-06 pb) 
launch --rwgt_name=ww
INFO: detected model: EWdim6-full. Loading... 
Do you want to edit a card (press enter to bypass editing)?
/------------------------------------------------------------\
|  [31m1[0m. param : [32mparam_card.dat[0m                                 |
|  [31m9[0m. plot  : [32mplot_card.dat[0m                                  |
\------------------------------------------------------------/
 you can also
   - enter the path to a valid card or banner.
   - use the 'set' command to modify a parameter directly.
     The set option works only for param_card and run_card.
     Type 'help set' for more information on this command.
   - call an external program (ASperGE/MadWidth/...).
     Type 'help' for the list of available command
 [[4m0[0m, done, 1, param, 9, plot, enter path]
>INFO: starts to compute weight for events with the following modification to the param_card: 
INFO: set param_card dim6 2 4.956 # orig: -254.408
KEEP:set param_card dim6 5 249.452 # orig: 3.304
KEEP: 
INFO: Event nb 0 current time: 03h52 
INFO: Event nb 10 current time: 03h52 
INFO: Event nb 20 current time: 03h52 
INFO: Event nb 30 current time: 03h52 
INFO: Event nb 40 current time: 03h52 
INFO: Event nb 50  0.021s  
INFO: Event nb 60  0.026s  
INFO: Event nb 70  0.03s  
INFO: Event nb 80  0.034s  
INFO: Event nb 90  0.038s  
INFO: Event nb 100  0.041s  
INFO: Event nb 200  0.072s  
INFO: Event nb 300  0.1s  
INFO: Event nb 400  0.13s  
INFO: Event nb 500  0.16s  
INFO: Event nb 600  0.19s  
INFO: Event nb 700  0.22s  
INFO: Event nb 800  0.25s  
INFO: Event nb 900  0.28s  
INFO: Event nb 1000  0.31s  
INFO: Event nb 2000  0.61s  
INFO: Event nb 3000  0.9s  
INFO: Event nb 4000  1.2s  
INFO: Event nb 5000  1.5s  
INFO: Event nb 6000  1.8s  
INFO: Event nb 7000  2.1s  
INFO: Event nb 8000  2.3s  
INFO: Event nb 9000  2.6s  
INFO: Event nb 10000  2.9s  
INFO: reducing number of print status. Next status update in 10000 events 
INFO: Event nb 20000  7.1s  
INFO: Event nb 30000  10s  
INFO: Event nb 40000  12.9s  
INFO: Event nb 50000  15.8s  
INFO: Event nb 60000  18.7s  
INFO: Event nb 70000  21.6s  
INFO: Event nb 80000  24.5s  
INFO: Event nb 90000  27.4s  
INFO: Event nb 100000  30.5s  
INFO: reducing number of print status. Next status update in 100000 events 
INFO: Event nb 200000  1m 0s  
INFO: Event nb 300000  1m 31s  
INFO: Event nb 400000  2m 1s  
INFO: Event nb 500000  2m 31s  
INFO: Event nb 600000  3m 2s  
INFO: Event nb 700000  3m 32s  
INFO: All event done  (nb_event: 729120)  3m 41s  
INFO: Event ./processes/PROC_EWdim6_VBF_HAA/Events/basis_02_neg_w/unweighted_events.lhe have now the additional weight 
INFO: new cross-section is : 0.0315184 pb (indicative error: 0.00345953 pb) 
launch --rwgt_name=neg_ww
INFO: detected model: EWdim6-full. Loading... 
Do you want to edit a card (press enter to bypass editing)?
/------------------------------------------------------------\
|  [31m1[0m. param : [32mparam_card.dat[0m                                 |
|  [31m9[0m. plot  : [32mplot_card.dat[0m                                  |
\------------------------------------------------------------/
 you can also
   - enter the path to a valid card or banner.
   - use the 'set' command to modify a parameter directly.
     The set option works only for param_card and run_card.
     Type 'help set' for more information on this command.
   - call an external program (ASperGE/MadWidth/...).
     Type 'help' for the list of available command
 [[4m0[0m, done, 1, param, 9, plot, enter path]
>INFO: starts to compute weight for events with the following modification to the param_card: 
INFO: set param_card dim6 2 6.608 # orig: -254.408
KEEP:set param_card dim6 5 -252.756 # orig: 3.304
KEEP: 
INFO: Event nb 0 current time: 03h56 
INFO: Event nb 10 current time: 03h56 
INFO: Event nb 20 current time: 03h56 
INFO: Event nb 30  0.024s  
INFO: Event nb 40  0.028s  
INFO: Event nb 50  0.032s  
INFO: Event nb 60  0.038s  
INFO: Event nb 70  0.043s  
INFO: Event nb 80  0.046s  
INFO: Event nb 90  0.05s  
INFO: Event nb 100  0.054s  
INFO: Event nb 200  0.085s  
INFO: Event nb 300  0.12s  
INFO: Event nb 400  0.15s  
INFO: Event nb 500  0.18s  
INFO: Event nb 600  0.21s  
INFO: Event nb 700  0.24s  
INFO: Event nb 800  0.27s  
INFO: Event nb 900  0.3s  
INFO: Event nb 1000  0.34s  
INFO: Event nb 2000  0.63s  
INFO: Event nb 3000  0.98s  
INFO: Event nb 4000  1.3s  
INFO: Event nb 5000  1.6s  
INFO: Event nb 6000  1.9s  
INFO: Event nb 7000  2.2s  
INFO: Event nb 8000  2.5s  
INFO: Event nb 9000  2.8s  
INFO: Event nb 10000  3.1s  
INFO: reducing number of print status. Next status update in 10000 events 
INFO: Event nb 20000  6.1s  
INFO: Event nb 30000  9s  
INFO: Event nb 40000  12s  
INFO: Event nb 50000  15s  
INFO: Event nb 60000  19.2s  
INFO: Event nb 70000  22.1s  
INFO: Event nb 80000  25s  
INFO: Event nb 90000  28s  
INFO: Event nb 100000  30.9s  
INFO: reducing number of print status. Next status update in 100000 events 
INFO: Event nb 200000  1m 1s  
INFO: Event nb 300000  1m 32s  
INFO: Event nb 400000  2m 3s  
INFO: Event nb 500000  2m 34s  
INFO: Event nb 600000  3m 3s  
INFO: Event nb 700000  3m 34s  
INFO: All event done  (nb_event: 729120)  3m 44s  
INFO: Event ./processes/PROC_EWdim6_VBF_HAA/Events/basis_02_neg_w/unweighted_events.lhe have now the additional weight 
INFO: new cross-section is : 0.0323289 pb (indicative error: 0.00358654 pb) 
launch --rwgt_name=w_ww
INFO: detected model: EWdim6-full. Loading... 
Do you want to edit a card (press enter to bypass editing)?
/------------------------------------------------------------\
|  [31m1[0m. param : [32mparam_card.dat[0m                                 |
|  [31m9[0m. plot  : [32mplot_card.dat[0m                                  |
\------------------------------------------------------------/
 you can also
   - enter the path to a valid card or banner.
   - use the 'set' command to modify a parameter directly.
     The set option works only for param_card and run_card.
     Type 'help set' for more information on this command.
   - call an external program (ASperGE/MadWidth/...).
     Type 'help' for the list of available command
 [[4m0[0m, done, 1, param, 9, plot, enter path]
>INFO: starts to compute weight for events with the following modification to the param_card: 
INFO: set param_card dim6 2 278.8576 # orig: -254.408
KEEP:set param_card dim6 5 246.974 # orig: 3.304
KEEP: 
INFO: Event nb 0 current time: 03h59 
INFO: Event nb 10 current time: 03h59 
INFO: Event nb 20 current time: 03h59 
INFO: Event nb 30 current time: 03h59 
INFO: Event nb 40 current time: 03h59 
INFO: Event nb 50  0.023s  
INFO: Event nb 60  0.027s  
INFO: Event nb 70  0.031s  
INFO: Event nb 80  0.034s  
INFO: Event nb 90  0.039s  
INFO: Event nb 100  0.043s  
INFO: Event nb 200  0.076s  
INFO: Event nb 300  0.11s  
INFO: Event nb 400  0.14s  
INFO: Event nb 500  0.17s  
INFO: Event nb 600  0.2s  
INFO: Event nb 700  0.23s  
INFO: Event nb 800  0.26s  
INFO: Event nb 900  0.29s  
INFO: Event nb 1000  0.32s  
INFO: Event nb 2000  0.63s  
INFO: Event nb 3000  0.92s  
INFO: Event nb 4000  1.2s  
INFO: Event nb 5000  1.5s  
INFO: Event nb 6000  1.8s  
INFO: Event nb 7000  2.1s  
INFO: Event nb 8000  2.4s  
INFO: Event nb 9000  2.7s  
INFO: Event nb 10000  3s  
INFO: reducing number of print status. Next status update in 10000 events 
INFO: Event nb 20000  6s  
INFO: Event nb 30000  9s  
INFO: Event nb 40000  11.9s  
INFO: Event nb 50000  14.9s  
INFO: Event nb 60000  17.9s  
INFO: Event nb 70000  21.1s  
INFO: Event nb 80000  24.1s  
INFO: Event nb 90000  28.3s  
INFO: Event nb 100000  31.3s  
INFO: reducing number of print status. Next status update in 100000 events 
INFO: Event nb 200000  1m 2s  
INFO: Event nb 300000  1m 31s  
INFO: Event nb 400000  2m 3s  
INFO: Event nb 500000  2m 34s  
INFO: Event nb 600000  3m 5s  
INFO: Event nb 700000  3m 36s  
INFO: All event done  (nb_event: 729120)  3m 45s  
INFO: Event ./processes/PROC_EWdim6_VBF_HAA/Events/basis_02_neg_w/unweighted_events.lhe have now the additional weight 
INFO: new cross-section is : 0.0631119 pb (indicative error: 0.00390728 pb) 
INFO: Original cross-section: 0.034441 +- 9.8775e-06 pb (cross-section from sum of weights: 0.03444100032238274) 
INFO: Computed cross-section: 
INFO: rwgt_1 : 0.0006655733608686215 +- 9.36794256594839e-05 pb 
INFO: rwgt_2 : 0.026312706650262342 +- 0.00031887620193241366 pb 
INFO: rwgt_3 : 0.03444100032238274 +- 9.8775e-06 pb 
INFO: rwgt_4 : 0.0315183723941754 +- 0.003459533283590369 pb 
INFO: rwgt_5 : 0.032328900483946564 +- 0.003586539830583112 pb 
INFO: rwgt_6 : 0.06311192797361444 +- 0.003907279956434486 pb 
INFO: quit rwgt 
decay_events -from_cards
INFO: storing files of previous run 
gzipping output file: unweighted_events.lhe
INFO: Done 
GDBus.Error:org.freedesktop.DBus.Error.ServiceUnknown: The name org.freedesktop.Notifications was not provided by any .service files
quit
INFO:  
 no parameter matchingQNUMBERS 9000006_1                                                                                                                                                                                                                                                                                                                                                                                                                                                                                                                 0.0000000000000000     
 no parameter matchingQNUMBERS 9000006_2                                                                                                                                                                                                                                                                                                                                                                                                                                                                                                                 1.0000000000000000     
 no parameter matchingQNUMBERS 9000006_3                                                                                                                                                                                                                                                                                                                                                                                                                                                                                                                 1.0000000000000000     
 no parameter matchingQNUMBERS 9000006_4                                                                                                                                                                                                                                                                                                                                                                                                                                                                                                                 0.0000000000000000     
