$ bash -lc yes 0 | "./processes/PROC_EWdim6_VBF_HAA/bin/generate_events" "basis_01_w" -f

************************************************************
*                                                          *
*                      W E L C O M E to                    *
*             M A D G R A P H 5 _ a M C @ N L O            *
*                      M A D E V E N T                     *
*                                                          *
*                 *                       *                *
*                   *        * *        *                  *
*                     * * * * 5 * * * *                    *
*                   *        * *        *                  *
*                 *                       *                *
*                                                          *
*         VERSION 3.7.1                                    *
*                                                          *
*    The MadGraph5_aMC@NLO Development Team - Find us at   *
*    https://server06.fynu.ucl.ac.be/projects/madgraph     *
*                                                          *
*               Type 'help' for in-line help.              *
*                                                          *
************************************************************
INFO: load configuration from ./processes/PROC_EWdim6_VBF_HAA/Cards/me5_configuration.txt  
INFO: load configuration from external/MG5_aMC_v3_7_1/input/mg5_configuration.txt  
INFO: load configuration from ./processes/PROC_EWdim6_VBF_HAA/Cards/me5_configuration.txt  
Using default text editor "vi". Set another one in ./input/mg5_configuration.txt
No valid eps viewer found. Please set in ./input/mg5_configuration.txt
No valid web browser found. Please set in ./input/mg5_configuration.txt
Using default gzip "pigz". Set another one in ./input/mg5_configuration.txt
generate_events basis_01_w -f
stty: 'standard input': Inappropriate ioctl for device
[1;34mvalue '[]' for entry 'bypass_check' is not valid. Preserving previous value: '[]'.
allowed values are any list composed of the following entries: partonshower[0m
Generating 1000000 events with run name basis_01_w
survey  basis_01_w 
INFO: compile directory 
[1;34mNot able to open file ./processes/PROC_EWdim6_VBF_HAA/crossx.html since no program configured.Please set one in ./input/mg5_configuration.txt[0m
compile Source Directory
Using random number seed offset = 1043
INFO: Running Survey 
Creating Jobs
Working on SubProcesses
INFO: Compiling for process 1/1. 
INFO:     P1_qq_qqh_h_aa  
[1;34mWARNING: The optimizer detects that you have coupling evaluated to zero: 
GC_92 GC_117
This will slow down the computation. Please consider using restricted model:
https://answers.launchpad.net/mg5amcnlo/+faq/2312 [0m

  0%|          | 0/804 [00:00<?, ?it/s]
100%|██████████| 804/804 [00:00<00:00, 209324.67it/s]
INFO:     P1_qq_qqh_h_aa  
INFO:  Idle: 1,  Running: 0,  Completed: 0 [ current time: 01h41 ] 
INFO:  Idle: 0,  Running: 0,  Completed: 1 [  0.47s  ] 
INFO:  Idle: 0,  Running: 0,  Completed: 1 [  0.49s  ] 
INFO: End survey 
refine 1000000
Creating Jobs
INFO: Refine results to 1000000 
INFO: Generating 1000000.0 unweighted events. 
sum of cpu time of last step: 0 second
INFO: Effective Luminosity 45649941.03549283 pb^-1 
INFO: need to improve 1 channels 
- Current estimate of cross-section: 0.026287 +- 0.00074858
    P1_qq_qqh_h_aa 
INFO:  Idle: 114,  Running: 16,  Completed: 0 [ current time: 01h41 ] 
INFO:  Idle: 113,  Running: 16,  Completed: 1 [  59.9s  ] 
INFO:  Idle: 110,  Running: 16,  Completed: 4 [  1m 9s  ] 
INFO:  Idle: 108,  Running: 16,  Completed: 6 [  1m 38s  ] 
INFO:  Idle: 107,  Running: 16,  Completed: 7 [  2m 9s  ] 
INFO:  Idle: 105,  Running: 16,  Completed: 9 [  2m 28s  ] 
INFO:  Idle: 104,  Running: 16,  Completed: 10 [  2m 52s  ] 
INFO:  Idle: 103,  Running: 16,  Completed: 11 [  3m 5s  ] 
INFO:  Idle: 102,  Running: 16,  Completed: 12 [  3m 11s  ] 
INFO:  Idle: 101,  Running: 16,  Completed: 13 [  3m 25s  ] 
INFO:  Idle: 100,  Running: 16,  Completed: 14 [  3m 33s  ] 
INFO:  Idle: 99,  Running: 16,  Completed: 15 [  4m 26s  ] 
INFO:  Idle: 98,  Running: 16,  Completed: 16 [  4m 30s  ] 
INFO:  Idle: 97,  Running: 16,  Completed: 17 [  5m 20s  ] 
INFO:  Idle: 96,  Running: 16,  Completed: 18 [  5m 41s  ] 
INFO:  Idle: 95,  Running: 16,  Completed: 19 [  5m 59s  ] 
INFO:  Idle: 94,  Running: 16,  Completed: 20 [  6m 21s  ] 
INFO:  Idle: 93,  Running: 16,  Completed: 21 [  6m 51s  ] 
INFO:  Idle: 92,  Running: 16,  Completed: 22 [  7m 29s  ] 
INFO:  Idle: 91,  Running: 16,  Completed: 23 [  7m 52s  ] 
INFO:  Idle: 90,  Running: 16,  Completed: 24 [  8m 33s  ] 
INFO:  Idle: 89,  Running: 16,  Completed: 25 [  8m 39s  ] 
INFO:  Idle: 88,  Running: 16,  Completed: 26 [  9m 23s  ] 
INFO:  Idle: 86,  Running: 16,  Completed: 28 [  9m 32s  ] 
INFO:  Idle: 84,  Running: 16,  Completed: 30 [  9m 47s  ] 
INFO:  Idle: 83,  Running: 16,  Completed: 31 [  10m 15s  ] 
INFO:  Idle: 79,  Running: 16,  Completed: 35 [  10m 32s  ] 
INFO:  Idle: 78,  Running: 16,  Completed: 36 [  10m 38s  ] 
INFO:  Idle: 77,  Running: 16,  Completed: 37 [  10m 57s  ] 
INFO:  Idle: 76,  Running: 16,  Completed: 38 [  11m 7s  ] 
INFO:  Idle: 75,  Running: 16,  Completed: 39 [  11m 12s  ] 
INFO:  Idle: 74,  Running: 16,  Completed: 40 [  11m 15s  ] 
INFO:  Idle: 73,  Running: 16,  Completed: 41 [  11m 33s  ] 
INFO:  Idle: 71,  Running: 16,  Completed: 43 [  11m 54s  ] 
INFO:  Idle: 70,  Running: 16,  Completed: 44 [  12m 0s  ] 
INFO:  Idle: 69,  Running: 16,  Completed: 45 [  12m 20s  ] 
INFO:  Idle: 68,  Running: 16,  Completed: 46 [  12m 25s  ] 
INFO:  Idle: 67,  Running: 16,  Completed: 47 [  12m 43s  ] 
INFO:  Idle: 65,  Running: 16,  Completed: 49 [  13m 11s  ] 
INFO:  Idle: 64,  Running: 16,  Completed: 50 [  13m 56s  ] 
INFO:  Idle: 63,  Running: 16,  Completed: 51 [  13m 59s  ] 
INFO:  Idle: 62,  Running: 16,  Completed: 52 [  14m 2s  ] 
INFO:  Idle: 61,  Running: 16,  Completed: 53 [  14m 17s  ] 
INFO:  Idle: 59,  Running: 16,  Completed: 55 [  14m 51s  ] 
INFO:  Idle: 58,  Running: 16,  Completed: 56 [  15m 34s  ] 
INFO:  Idle: 57,  Running: 16,  Completed: 57 [  15m 46s  ] 
INFO:  Idle: 56,  Running: 16,  Completed: 58 [  15m 54s  ] 
INFO:  Idle: 55,  Running: 16,  Completed: 59 [  16m 48s  ] 
INFO:  Idle: 53,  Running: 16,  Completed: 61 [  16m 51s  ] 
INFO:  Idle: 52,  Running: 16,  Completed: 62 [  17m 10s  ] 
INFO:  Idle: 51,  Running: 16,  Completed: 63 [  17m 35s  ] 
INFO:  Idle: 49,  Running: 16,  Completed: 65 [  17m 42s  ] 
INFO:  Idle: 47,  Running: 16,  Completed: 67 [  18m 8s  ] 
INFO:  Idle: 45,  Running: 16,  Completed: 69 [  18m 21s  ] 
INFO:  Idle: 44,  Running: 16,  Completed: 70 [  18m 24s  ] 
INFO:  Idle: 43,  Running: 16,  Completed: 71 [  18m 31s  ] 
INFO:  Idle: 41,  Running: 16,  Completed: 73 [  18m 45s  ] 
INFO:  Idle: 39,  Running: 16,  Completed: 75 [  19m 20s  ] 
INFO:  Idle: 38,  Running: 16,  Completed: 76 [  19m 36s  ] 
INFO:  Idle: 37,  Running: 16,  Completed: 77 [  19m 56s  ] 
INFO:  Idle: 35,  Running: 16,  Completed: 79 [  20m 8s  ] 
INFO:  Idle: 34,  Running: 16,  Completed: 80 [  20m 20s  ] 
INFO:  Idle: 33,  Running: 16,  Completed: 81 [  20m 29s  ] 
INFO:  Idle: 32,  Running: 16,  Completed: 82 [  20m 51s  ] 
INFO:  Idle: 31,  Running: 16,  Completed: 83 [  20m 57s  ] 
INFO:  Idle: 29,  Running: 16,  Completed: 85 [  21m 14s  ] 
INFO:  Idle: 28,  Running: 16,  Completed: 86 [  21m 20s  ] 
INFO:  Idle: 27,  Running: 16,  Completed: 87 [  21m 43s  ] 
INFO:  Idle: 26,  Running: 16,  Completed: 88 [  22m 0s  ] 
INFO:  Idle: 23,  Running: 16,  Completed: 91 [  22m 8s  ] 
INFO:  Idle: 22,  Running: 16,  Completed: 92 [  22m 34s  ] 
INFO:  Idle: 21,  Running: 16,  Completed: 93 [  22m 52s  ] 
INFO:  Idle: 18,  Running: 16,  Completed: 96 [  23m 11s  ] 
INFO:  Idle: 17,  Running: 16,  Completed: 97 [  23m 19s  ] 
INFO:  Idle: 16,  Running: 16,  Completed: 98 [  23m 30s  ] 
INFO:  Idle: 15,  Running: 16,  Completed: 99 [  23m 44s  ] 
INFO:  Idle: 14,  Running: 16,  Completed: 100 [  24m 24s  ] 
INFO:  Idle: 13,  Running: 16,  Completed: 101 [  24m 49s  ] 
INFO:  Idle: 12,  Running: 16,  Completed: 102 [  24m 53s  ] 
INFO:  Idle: 11,  Running: 16,  Completed: 103 [  25m 15s  ] 
INFO:  Idle: 10,  Running: 16,  Completed: 104 [  25m 42s  ] 
INFO:  Idle: 6,  Running: 16,  Completed: 108 [  25m 45s  ] 
INFO:  Idle: 5,  Running: 16,  Completed: 109 [  26m 19s  ] 
INFO:  Idle: 4,  Running: 16,  Completed: 110 [  26m 27s  ] 
INFO:  Idle: 2,  Running: 16,  Completed: 112 [  26m 47s  ] 
INFO:  Idle: 1,  Running: 16,  Completed: 113 [  27m 12s  ] 
INFO:  Idle: 0,  Running: 16,  Completed: 114 [  27m 18s  ] 
INFO:  Idle: 0,  Running: 14,  Completed: 116 [  27m 23s  ] 
INFO:  Idle: 0,  Running: 13,  Completed: 117 [  27m 34s  ] 
INFO:  Idle: 0,  Running: 11,  Completed: 119 [  27m 54s  ] 
INFO:  Idle: 0,  Running: 10,  Completed: 120 [  28m 2s  ] 
INFO:  Idle: 0,  Running: 9,  Completed: 121 [  28m 18s  ] 
INFO:  Idle: 0,  Running: 8,  Completed: 122 [  28m 23s  ] 
INFO:  Idle: 0,  Running: 7,  Completed: 123 [  28m 34s  ] 
INFO:  Idle: 0,  Running: 6,  Completed: 124 [  30m 2s  ] 
INFO:  Idle: 0,  Running: 5,  Completed: 125 [  31m 32s  ] 
INFO:  Idle: 0,  Running: 4,  Completed: 126 [  31m 44s  ] 
INFO:  Idle: 0,  Running: 3,  Completed: 127 [  32m 2s  ] 
INFO:  Idle: 0,  Running: 1,  Completed: 129 [  32m 24s  ] 
INFO:  Idle: 0,  Running: 0,  Completed: 130 [  32m 32s  ] 
INFO:  Idle: 0,  Running: 0,  Completed: 130 [  32m 32s  ] 
INFO: Combining runs 
sum of cpu time of last step: 5h49m19s
INFO: finish refine 
refine 1000000 --treshold=0.9
No need for second refine due to stability of cross-section
INFO: Combining Events 
combination of events done in 127.93612885475159 s 
  === Results Summary for run: basis_01_w tag: tag_1 ===

     Cross-section :   0.02654 +- 7.425e-06 pb
     Nb of events :  1000000
 
INFO: No version of lhapdf. Can not run systematics computation 
store_events
INFO: Storing parton level results 
INFO: End Parton 
reweight -from_cards
INFO: Extracting the banner ... 
INFO: process: u d > u d h  
INFO: options: / a z QCD=0 QED=99 NP=2, h > a a QCD=0 QED=99 NP=0 
INFO: Running Reweighting 
launch --rwgt_name=sm
INFO: detected model: EWdim6-full. Loading... 
INFO: detected model: EWdim6-full. Loading... 
INFO: generating the square matrix element for reweighting 
INFO: generate u d > u d h / a z QCD=0 QED=99 NP=2, h > a a QCD=0 QED=99 NP=0 ; 
INFO: Done 2.128 
Do you want to edit a card (press enter to bypass editing)?
/------------------------------------------------------------\
|  [31m1[0m. param : [32mparam_card.dat[0m                                 |
|  [31m9[0m. plot  : [32mplot_card.dat[0m                                  |
\------------------------------------------------------------/
 you can also
   - enter the path to a valid card or banner.
   - use the 'set' command to modify a parameter directly.
     The set option works only for param_card and run_card.
     Type 'help set' for more information on this command.
   - call an external program (ASperGE/MadWidth/...).
     Type 'help' for the list of available command
 [[4m0[0m, done, 1, param, 9, plot, enter path]
>INFO: starts to compute weight for events with the following modification to the param_card: 
INFO: set param_card dim6 2 0.0 # orig: 251.104
KEEP:set param_card dim6 5 0.0 # orig: 1.652
KEEP: 
INFO: Event nb 0 current time: 02h17 
INFO: Event nb 10 current time: 02h17 
INFO: Event nb 20 current time: 02h17 
INFO: Event nb 30 current time: 02h17 
INFO: Event nb 40 current time: 02h17 
INFO: Event nb 50  0.023s  
INFO: Event nb 60  0.028s  
INFO: Event nb 70  0.031s  
INFO: Event nb 80  0.036s  
INFO: Event nb 90  0.04s  
INFO: Event nb 100  0.045s  
INFO: Event nb 200  0.073s  
INFO: Event nb 300  0.1s  
INFO: Event nb 400  0.13s  
INFO: Event nb 500  0.16s  
INFO: Event nb 600  0.19s  
INFO: Event nb 700  0.21s  
INFO: Event nb 800  0.24s  
INFO: Event nb 900  0.27s  
INFO: Event nb 1000  0.3s  
INFO: Event nb 2000  0.56s  
INFO: Event nb 3000  0.83s  
INFO: Event nb 4000  1.1s  
INFO: Event nb 5000  1.4s  
INFO: Event nb 6000  1.7s  
INFO: Event nb 7000  1.9s  
INFO: Event nb 8000  2.2s  
INFO: Event nb 9000  2.5s  
INFO: Event nb 10000  2.7s  
INFO: reducing number of print status. Next status update in 10000 events 
INFO: Event nb 20000  5.4s  
INFO: Event nb 30000  8.1s  
INFO: Event nb 40000  10.8s  
INFO: Event nb 50000  13.5s  
INFO: Event nb 60000  17.8s  
INFO: Event nb 70000  20.5s  
INFO: Event nb 80000  23.2s  
INFO: Event nb 90000  25.8s  
INFO: Event nb 100000  28.6s  
INFO: reducing number of print status. Next status update in 100000 events 
INFO: Event nb 200000  57.1s  
INFO: Event nb 300000  1m 25s  
INFO: Event nb 400000  1m 52s  
INFO: Event nb 500000  2m 21s  
INFO: Event nb 600000  2m 50s  
INFO: Event nb 700000  3m 19s  
INFO: Event nb 800000  3m 48s  
INFO: Event nb 900000  4m 17s  
INFO: All event done  (nb_event: 1000000)  4m 46s  
INFO: Event ./processes/PROC_EWdim6_VBF_HAA/Events/basis_01_w/unweighted_events.lhe have now the additional weight 
INFO: new cross-section is : 0.00069418 pb (indicative error: 0.0010728 pb) 
launch --rwgt_name=w
INFO: detected model: EWdim6-full. Loading... 
Do you want to edit a card (press enter to bypass editing)?
/------------------------------------------------------------\
|  [31m1[0m. param : [32mparam_card.dat[0m                                 |
|  [31m9[0m. plot  : [32mplot_card.dat[0m                                  |
\------------------------------------------------------------/
 you can also
   - enter the path to a valid card or banner.
   - use the 'set' command to modify a parameter directly.
     The set option works only for param_card and run_card.
     Type 'help set' for more information on this command.
   - call an external program (ASperGE/MadWidth/...).
     Type 'help' for the list of available command
 [[4m0[0m, done, 1, param, 9, plot, enter path]
>[1;34mWARNING:  REWEIGHTING: original card and new card are identical. [0m
INFO: starts to compute weight for events with the following modification to the param_card: 
INFO:  
INFO: Event nb 0 current time: 02h22 
INFO: Event nb 10 current time: 02h22 
INFO: Event nb 20 current time: 02h22 
INFO: Event nb 30 current time: 02h22 
INFO: Event nb 40  0.02s  
INFO: Event nb 50  0.025s  
INFO: Event nb 60  0.029s  
INFO: Event nb 70  0.034s  
INFO: Event nb 80  0.038s  
INFO: Event nb 90  0.043s  
INFO: Event nb 100  0.047s  
INFO: Event nb 200  0.08s  
INFO: Event nb 300  0.11s  
INFO: Event nb 400  0.14s  
INFO: Event nb 500  0.17s  
INFO: Event nb 600  0.2s  
INFO: Event nb 700  0.23s  
INFO: Event nb 800  0.25s  
INFO: Event nb 900  0.28s  
INFO: Event nb 1000  0.32s  
INFO: Event nb 2000  0.6s  
INFO: Event nb 3000  0.88s  
INFO: Event nb 4000  1.2s  
INFO: Event nb 5000  1.4s  
INFO: Event nb 6000  1.7s  
INFO: Event nb 7000  2s  
INFO: Event nb 8000  2.3s  
INFO: Event nb 9000  2.6s  
INFO: Event nb 10000  2.9s  
INFO: reducing number of print status. Next status update in 10000 events 
INFO: Event nb 20000  5.7s  
INFO: Event nb 30000  8.5s  
INFO: Event nb 40000  11.3s  
INFO: Event nb 50000  14.1s  
INFO: Event nb 60000  17s  
INFO: Event nb 70000  19.8s  
INFO: Event nb 80000  22.6s  
INFO: Event nb 90000  25.4s  
INFO: Event nb 100000  28.2s  
INFO: reducing number of print status. Next status update in 100000 events 
INFO: Event nb 200000  58s  
INFO: Event nb 300000  1m 27s  
INFO: Event nb 400000  1m 57s  
INFO: Event nb 500000  2m 27s  
INFO: Event nb 600000  2m 57s  
INFO: Event nb 700000  3m 27s  
INFO: Event nb 800000  3m 57s  
INFO: Event nb 900000  4m 26s  
INFO: All event done  (nb_event: 1000000)  4m 56s  
INFO: Event ./processes/PROC_EWdim6_VBF_HAA/Events/basis_01_w/unweighted_events.lhe have now the additional weight 
INFO: new cross-section is : 0.026543 pb (indicative error: 7.4246e-06 pb) 
launch --rwgt_name=neg_w
INFO: detected model: EWdim6-full. Loading... 
Do you want to edit a card (press enter to bypass editing)?
/------------------------------------------------------------\
|  [31m1[0m. param : [32mparam_card.dat[0m                                 |
|  [31m9[0m. plot  : [32mplot_card.dat[0m                                  |
\------------------------------------------------------------/
 you can also
   - enter the path to a valid card or banner.
   - use the 'set' command to modify a parameter directly.
     The set option works only for param_card and run_card.
     Type 'help set' for more information on this command.
   - call an external program (ASperGE/MadWidth/...).
     Type 'help' for the list of available command
 [[4m0[0m, done, 1, param, 9, plot, enter path]
>INFO: starts to compute weight for events with the following modification to the param_card: 
INFO: set param_card dim6 2 -254.408 # orig: 251.104
KEEP:set param_card dim6 5 3.304 # orig: 1.652
KEEP: 
INFO: Event nb 0 current time: 02h27 
INFO: Event nb 10 current time: 02h27 
INFO: Event nb 20 current time: 02h27 
INFO: Event nb 30 current time: 02h27 
INFO: Event nb 40 current time: 02h27 
INFO: Event nb 50  0.021s  
INFO: Event nb 60  0.025s  
INFO: Event nb 70  0.029s  
INFO: Event nb 80  0.033s  
INFO: Event nb 90  0.037s  
INFO: Event nb 100  0.041s  
INFO: Event nb 200  0.071s  
INFO: Event nb 300  0.099s  
INFO: Event nb 400  0.13s  
INFO: Event nb 500  0.16s  
INFO: Event nb 600  0.19s  
INFO: Event nb 700  0.22s  
INFO: Event nb 800  0.25s  
INFO: Event nb 900  0.28s  
INFO: Event nb 1000  0.33s  
INFO: Event nb 2000  0.61s  
INFO: Event nb 3000  0.89s  
INFO: Event nb 4000  1.2s  
INFO: Event nb 5000  1.5s  
INFO: Event nb 6000  1.7s  
INFO: Event nb 7000  2s  
INFO: Event nb 8000  2.3s  
INFO: Event nb 9000  2.6s  
INFO: Event nb 10000  2.9s  
INFO: reducing number of print status. Next status update in 10000 events 
INFO: Event nb 20000  7.3s  
INFO: Event nb 30000  10.2s  
INFO: Event nb 40000  13.1s  
INFO: Event nb 50000  16s  
INFO: Event nb 60000  18.8s  
INFO: Event nb 70000  21.6s  
INFO: Event nb 80000  24.5s  
INFO: Event nb 90000  27.3s  
INFO: Event nb 100000  30.2s  
INFO: reducing number of print status. Next status update in 100000 events 
INFO: Event nb 200000  1m 0s  
INFO: Event nb 300000  1m 31s  
INFO: Event nb 400000  2m 1s  
INFO: Event nb 500000  2m 31s  
INFO: Event nb 600000  3m 2s  
INFO: Event nb 700000  3m 32s  
INFO: Event nb 800000  4m 1s  
INFO: Event nb 900000  4m 31s  
INFO: All event done  (nb_event: 1000000)  5m 1s  
INFO: Event ./processes/PROC_EWdim6_VBF_HAA/Events/basis_01_w/unweighted_events.lhe have now the additional weight 
INFO: new cross-section is : 0.0347704 pb (indicative error: 0.00424858 pb) 
launch --rwgt_name=ww
INFO: detected model: EWdim6-full. Loading... 
Do you want to edit a card (press enter to bypass editing)?
/------------------------------------------------------------\
|  [31m1[0m. param : [32mparam_card.dat[0m                                 |
|  [31m9[0m. plot  : [32mplot_card.dat[0m                                  |
\------------------------------------------------------------/
 you can also
   - enter the path to a valid card or banner.
   - use the 'set' command to modify a parameter directly.
     The set option works only for param_card and run_card.
     Type 'help set' for more information on this command.
   - call an external program (ASperGE/MadWidth/...).
     Type 'help' for the list of available command
 [[4m0[0m, done, 1, param, 9, plot, enter path]
>INFO: starts to compute weight for events with the following modification to the param_card: 
INFO: set param_card dim6 2 4.956 # orig: 251.104
KEEP:set param_card dim6 5 249.452 # orig: 1.652
KEEP: 
INFO: Event nb 0 current time: 02h32 
INFO: Event nb 10 current time: 02h32 
INFO: Event nb 20 current time: 02h32 
INFO: Event nb 30 current time: 02h32 
INFO: Event nb 40 current time: 02h32 
INFO: Event nb 50  0.021s  
INFO: Event nb 60  0.026s  
INFO: Event nb 70  0.03s  
INFO: Event nb 80  0.033s  
INFO: Event nb 90  0.037s  
INFO: Event nb 100  0.041s  
INFO: Event nb 200  0.071s  
INFO: Event nb 300  0.1s  
INFO: Event nb 400  0.13s  
INFO: Event nb 500  0.16s  
INFO: Event nb 600  0.19s  
INFO: Event nb 700  0.22s  
INFO: Event nb 800  0.25s  
INFO: Event nb 900  0.28s  
INFO: Event nb 1000  0.31s  
INFO: Event nb 2000  0.59s  
INFO: Event nb 3000  0.89s  
INFO: Event nb 4000  1.2s  
INFO: Event nb 5000  1.5s  
INFO: Event nb 6000  1.8s  
INFO: Event nb 7000  2.1s  
INFO: Event nb 8000  2.4s  
INFO: Event nb 9000  2.7s  
INFO: Event nb 10000  2.9s  
INFO: reducing number of print status. Next status update in 10000 events 
INFO: Event nb 20000  5.8s  
INFO: Event nb 30000  10.4s  
INFO: Event nb 40000  13.4s  
INFO: Event nb 50000  16.4s  
INFO: Event nb 60000  19.3s  
INFO: Event nb 70000  22.1s  
INFO: Event nb 80000  25.1s  
INFO: Event nb 90000  28s  
INFO: Event nb 100000  30.8s  
INFO: reducing number of print status. Next status update in 100000 events 
INFO: Event nb 200000  1m 1s  
INFO: Event nb 300000  1m 31s  
INFO: Event nb 400000  2m 2s  
INFO: Event nb 500000  2m 32s  
INFO: Event nb 600000  3m 3s  
INFO: Event nb 700000  3m 33s  
INFO: Event nb 800000  4m 2s  
INFO: Event nb 900000  4m 33s  
INFO: All event done  (nb_event: 1000000)  5m 4s  
INFO: Event ./processes/PROC_EWdim6_VBF_HAA/Events/basis_01_w/unweighted_events.lhe have now the additional weight 
INFO: new cross-section is : 0.0315205 pb (indicative error: 0.00372546 pb) 
launch --rwgt_name=neg_ww
INFO: detected model: EWdim6-full. Loading... 
Do you want to edit a card (press enter to bypass editing)?
/------------------------------------------------------------\
|  [31m1[0m. param : [32mparam_card.dat[0m                                 |
|  [31m9[0m. plot  : [32mplot_card.dat[0m                                  |
\------------------------------------------------------------/
 you can also
   - enter the path to a valid card or banner.
   - use the 'set' command to modify a parameter directly.
     The set option works only for param_card and run_card.
     Type 'help set' for more information on this command.
   - call an external program (ASperGE/MadWidth/...).
     Type 'help' for the list of available command
 [[4m0[0m, done, 1, param, 9, plot, enter path]
>INFO: starts to compute weight for events with the following modification to the param_card: 
INFO: set param_card dim6 2 6.608 # orig: 251.104
KEEP:set param_card dim6 5 -252.756 # orig: 1.652
KEEP: 
INFO: Event nb 0 current time: 02h37 
INFO: Event nb 10 current time: 02h37 
INFO: Event nb 20 current time: 02h37 
INFO: Event nb 30 current time: 02h37 
INFO: Event nb 40 current time: 02h37 
INFO: Event nb 50 current time: 02h37 
INFO: Event nb 60  0.023s  
INFO: Event nb 70  0.027s  
INFO: Event nb 80  0.031s  
INFO: Event nb 90  0.036s  
INFO: Event nb 100  0.04s  
INFO: Event nb 200  0.071s  
INFO: Event nb 300  0.1s  
INFO: Event nb 400  0.13s  
INFO: Event nb 500  0.16s  
INFO: Event nb 600  0.19s  
INFO: Event nb 700  0.22s  
INFO: Event nb 800  0.26s  
INFO: Event nb 900  0.29s  
INFO: Event nb 1000  0.32s  
INFO: Event nb 2000  0.63s  
INFO: Event nb 3000  0.92s  
INFO: Event nb 4000  1.2s  
INFO: Event nb 5000  1.5s  
INFO: Event nb 6000  1.8s  
INFO: Event nb 7000  2.1s  
INFO: Event nb 8000  2.4s  
INFO: Event nb 9000  2.7s  
INFO: Event nb 10000  3s  
INFO: reducing number of print status. Next status update in 10000 events 
INFO: Event nb 20000  6s  
INFO: Event nb 30000  10.6s  
INFO: Event nb 40000  13.8s  
INFO: Event nb 50000  16.7s  
INFO: Event nb 60000  19.6s  
INFO: Event nb 70000  22.4s  
INFO: Event nb 80000  25.4s  
INFO: Event nb 90000  28.4s  
INFO: Event nb 100000  31.4s  
INFO: reducing number of print status. Next status update in 100000 events 
INFO: Event nb 200000  1m 2s  
INFO: Event nb 300000  1m 33s  
INFO: Event nb 400000  2m 3s  
INFO: Event nb 500000  2m 34s  
INFO: Event nb 600000  3m 5s  
INFO: Event nb 700000  3m 36s  
INFO: Event nb 800000  4m 7s  
INFO: Event nb 900000  4m 36s  
INFO: All event done  (nb_event: 1000000)  5m 7s  
INFO: Event ./processes/PROC_EWdim6_VBF_HAA/Events/basis_01_w/unweighted_events.lhe have now the additional weight 
INFO: new cross-section is : 0.032304 pb (indicative error: 0.00371448 pb) 
launch --rwgt_name=w_ww
INFO: detected model: EWdim6-full. Loading... 
Do you want to edit a card (press enter to bypass editing)?
/------------------------------------------------------------\
|  [31m1[0m. param : [32mparam_card.dat[0m                                 |
|  [31m9[0m. plot  : [32mplot_card.dat[0m                                  |
\------------------------------------------------------------/
 you can also
   - enter the path to a valid card or banner.
   - use the 'set' command to modify a parameter directly.
     The set option works only for param_card and run_card.
     Type 'help set' for more information on this command.
   - call an external program (ASperGE/MadWidth/...).
     Type 'help' for the list of available command
 [[4m0[0m, done, 1, param, 9, plot, enter path]
>INFO: starts to compute weight for events with the following modification to the param_card: 
INFO: set param_card dim6 2 278.8576 # orig: 251.104
KEEP:set param_card dim6 5 246.974 # orig: 1.652
KEEP: 
INFO: Event nb 0 current time: 02h42 
INFO: Event nb 10 current time: 02h42 
INFO: Event nb 20 current time: 02h42 
INFO: Event nb 30 current time: 02h42 
INFO: Event nb 40 current time: 02h42 
INFO: Event nb 50  0.021s  
INFO: Event nb 60  0.026s  
INFO: Event nb 70  0.031s  
INFO: Event nb 80  0.036s  
INFO: Event nb 90  0.04s  
INFO: Event nb 100  0.045s  
INFO: Event nb 200  0.08s  
INFO: Event nb 300  0.11s  
INFO: Event nb 400  0.14s  
INFO: Event nb 500  0.18s  
INFO: Event nb 600  0.21s  
INFO: Event nb 700  0.24s  
INFO: Event nb 800  0.28s  
INFO: Event nb 900  0.31s  
INFO: Event nb 1000  0.35s  
INFO: Event nb 2000  0.69s  
INFO: Event nb 3000  1s  
INFO: Event nb 4000  1.3s  
INFO: Event nb 5000  1.7s  
INFO: Event nb 6000  2s  
INFO: Event nb 7000  2.3s  
INFO: Event nb 8000  2.6s  
INFO: Event nb 9000  2.9s  
INFO: Event nb 10000  3.2s  
INFO: reducing number of print status. Next status update in 10000 events 
INFO: Event nb 20000  7.6s  
INFO: Event nb 30000  10.5s  
INFO: Event nb 40000  13.4s  
INFO: Event nb 50000  16.3s  
INFO: Event nb 60000  19.3s  
INFO: Event nb 70000  22.2s  
INFO: Event nb 80000  25.2s  
INFO: Event nb 90000  28.3s  
INFO: Event nb 100000  31.2s  
INFO: reducing number of print status. Next status update in 100000 events 
INFO: Event nb 200000  1m 2s  
INFO: Event nb 300000  1m 33s  
INFO: Event nb 400000  2m 4s  
INFO: Event nb 500000  2m 36s  
INFO: Event nb 600000  3m 7s  
INFO: Event nb 700000  3m 38s  
INFO: Event nb 800000  4m 10s  
INFO: Event nb 900000  4m 41s  
INFO: All event done  (nb_event: 1000000)  5m 12s  
INFO: Event ./processes/PROC_EWdim6_VBF_HAA/Events/basis_01_w/unweighted_events.lhe have now the additional weight 
INFO: new cross-section is : 0.0632486 pb (indicative error: 0.00357145 pb) 
INFO: Original cross-section: 0.026543 +- 7.4246e-06 pb (cross-section from sum of weights: 0.026542999999563444) 
INFO: Computed cross-section: 
INFO: rwgt_1 : 0.0006941804833792386 +- 0.0010727968567012499 pb 
INFO: rwgt_2 : 0.026542999999563444 +- 7.4246e-06 pb 
INFO: rwgt_3 : 0.03477042680700467 +- 0.004248581846378865 pb 
INFO: rwgt_4 : 0.03152050418915149 +- 0.0037254582727705697 pb 
INFO: rwgt_5 : 0.03230398055923735 +- 0.003714478162251129 pb 
INFO: rwgt_6 : 0.06324855890157866 +- 0.003571446204689377 pb 
INFO: quit rwgt 
decay_events -from_cards
INFO: storing files of previous run 
gzipping output file: unweighted_events.lhe
INFO: Done 
GDBus.Error:org.freedesktop.DBus.Error.ServiceUnknown: The name org.freedesktop.Notifications was not provided by any .service files
quit
INFO:  
 no parameter matchingQNUMBERS 9000006_1                                                                                                                                                                                                                                                                                                                                                                                                                                                                                                                 0.0000000000000000     
 no parameter matchingQNUMBERS 9000006_2                                                                                                                                                                                                                                                                                                                                                                                                                                                                                                                 1.0000000000000000     
 no parameter matchingQNUMBERS 9000006_3                                                                                                                                                                                                                                                                                                                                                                                                                                                                                                                 1.0000000000000000     
 no parameter matchingQNUMBERS 9000006_4                                                                                                                                                                                                                                                                                                                                                                                                                                                                                                                 0.0000000000000000     
