$ bash -lc yes 0 | "./processes/PROC_EWdim6_VBF_HAA/bin/generate_events" "basis_04_neg_ww" -f

************************************************************
*                                                          *
*                      W E L C O M E to                    *
*             M A D G R A P H 5 _ a M C @ N L O            *
*                      M A D E V E N T                     *
*                                                          *
*                 *                       *                *
*                   *        * *        *                  *
*                     * * * * 5 * * * *                    *
*                   *        * *        *                  *
*                 *                       *                *
*                                                          *
*         VERSION 3.7.1                                    *
*                                                          *
*    The MadGraph5_aMC@NLO Development Team - Find us at   *
*    https://server06.fynu.ucl.ac.be/projects/madgraph     *
*                                                          *
*               Type 'help' for in-line help.              *
*                                                          *
************************************************************
INFO: load configuration from ./processes/PROC_EWdim6_VBF_HAA/Cards/me5_configuration.txt  
INFO: load configuration from external/MG5_aMC_v3_7_1/input/mg5_configuration.txt  
INFO: load configuration from ./processes/PROC_EWdim6_VBF_HAA/Cards/me5_configuration.txt  
Using default text editor "vi". Set another one in ./input/mg5_configuration.txt
No valid eps viewer found. Please set in ./input/mg5_configuration.txt
No valid web browser found. Please set in ./input/mg5_configuration.txt
Using default gzip "pigz". Set another one in ./input/mg5_configuration.txt
generate_events basis_04_neg_ww -f
stty: 'standard input': Inappropriate ioctl for device
[1;34mvalue '[]' for entry 'bypass_check' is not valid. Preserving previous value: '[]'.
allowed values are any list composed of the following entries: partonshower[0m
Generating 1000000 events with run name basis_04_neg_ww
survey  basis_04_neg_ww 
INFO: compile directory 
[1;34mNot able to open file ./processes/PROC_EWdim6_VBF_HAA/crossx.html since no program configured.Please set one in ./input/mg5_configuration.txt[0m
compile Source Directory
Using random number seed offset = 4043
INFO: Running Survey 
Creating Jobs
Working on SubProcesses
INFO: Compiling for process 1/1. 
INFO:     P1_qq_qqh_h_aa  
[1;34mWARNING: The optimizer detects that you have coupling evaluated to zero: 
GC_92 GC_117
This will slow down the computation. Please consider using restricted model:
https://answers.launchpad.net/mg5amcnlo/+faq/2312 [0m

  0%|          | 0/804 [00:00<?, ?it/s]
100%|██████████| 804/804 [00:00<00:00, 212222.81it/s]
INFO:     P1_qq_qqh_h_aa  
INFO:  Idle: 1,  Running: 0,  Completed: 0 [ current time: 04h45 ] 
INFO:  Idle: 0,  Running: 0,  Completed: 1 [  0.24s  ] 
INFO:  Idle: 0,  Running: 0,  Completed: 1 [  0.26s  ] 
INFO: End survey 
refine 1000000
Creating Jobs
INFO: Refine results to 1000000 
INFO: Generating 1000000.0 unweighted events. 
sum of cpu time of last step: 0 second
INFO: Effective Luminosity 36976550.70409515 pb^-1 
INFO: need to improve 1 channels 
- Current estimate of cross-section: 0.032453 +- 0.0022046
    P1_qq_qqh_h_aa 
INFO:  Idle: 114,  Running: 16,  Completed: 0 [ current time: 04h45 ] 
INFO:  Idle: 113,  Running: 16,  Completed: 1 [  55.9s  ] 
INFO:  Idle: 112,  Running: 16,  Completed: 2 [  1m 0s  ] 
INFO:  Idle: 104,  Running: 16,  Completed: 10 [  1m 3s  ] 
INFO:  Idle: 101,  Running: 16,  Completed: 13 [  1m 10s  ] 
INFO:  Idle: 98,  Running: 16,  Completed: 16 [  1m 36s  ] 
INFO:  Idle: 97,  Running: 16,  Completed: 17 [  1m 54s  ] 
INFO:  Idle: 96,  Running: 16,  Completed: 18 [  2m 8s  ] 
INFO:  Idle: 93,  Running: 16,  Completed: 21 [  2m 13s  ] 
INFO:  Idle: 88,  Running: 16,  Completed: 26 [  2m 17s  ] 
INFO:  Idle: 84,  Running: 16,  Completed: 30 [  2m 21s  ] 
INFO:  Idle: 82,  Running: 16,  Completed: 32 [  2m 56s  ] 
INFO:  Idle: 81,  Running: 16,  Completed: 33 [  3m 7s  ] 
INFO:  Idle: 80,  Running: 16,  Completed: 34 [  3m 15s  ] 
INFO:  Idle: 78,  Running: 16,  Completed: 36 [  3m 21s  ] 
INFO:  Idle: 73,  Running: 16,  Completed: 41 [  3m 24s  ] 
INFO:  Idle: 68,  Running: 16,  Completed: 46 [  4m 1s  ] 
INFO:  Idle: 67,  Running: 16,  Completed: 47 [  4m 27s  ] 
INFO:  Idle: 65,  Running: 16,  Completed: 49 [  4m 40s  ] 
INFO:  Idle: 61,  Running: 16,  Completed: 53 [  4m 45s  ] 
INFO:  Idle: 55,  Running: 16,  Completed: 59 [  4m 49s  ] 
INFO:  Idle: 54,  Running: 16,  Completed: 60 [  5m 18s  ] 
INFO:  Idle: 53,  Running: 16,  Completed: 61 [  5m 21s  ] 
INFO:  Idle: 52,  Running: 16,  Completed: 62 [  5m 38s  ] 
INFO:  Idle: 50,  Running: 16,  Completed: 64 [  5m 50s  ] 
INFO:  Idle: 49,  Running: 16,  Completed: 65 [  5m 55s  ] 
INFO:  Idle: 48,  Running: 16,  Completed: 66 [  5m 58s  ] 
INFO:  Idle: 47,  Running: 16,  Completed: 67 [  6m 2s  ] 
INFO:  Idle: 41,  Running: 16,  Completed: 73 [  6m 5s  ] 
INFO:  Idle: 39,  Running: 16,  Completed: 75 [  6m 35s  ] 
INFO:  Idle: 38,  Running: 16,  Completed: 76 [  6m 40s  ] 
INFO:  Idle: 37,  Running: 16,  Completed: 77 [  6m 51s  ] 
INFO:  Idle: 35,  Running: 16,  Completed: 79 [  6m 58s  ] 
INFO:  Idle: 33,  Running: 16,  Completed: 81 [  7m 8s  ] 
INFO:  Idle: 32,  Running: 16,  Completed: 82 [  7m 16s  ] 
INFO:  Idle: 31,  Running: 16,  Completed: 83 [  7m 22s  ] 
INFO:  Idle: 29,  Running: 16,  Completed: 85 [  7m 26s  ] 
INFO:  Idle: 27,  Running: 16,  Completed: 87 [  7m 34s  ] 
INFO:  Idle: 24,  Running: 16,  Completed: 90 [  7m 56s  ] 
INFO:  Idle: 23,  Running: 16,  Completed: 91 [  8m 13s  ] 
INFO:  Idle: 21,  Running: 16,  Completed: 93 [  8m 17s  ] 
INFO:  Idle: 20,  Running: 16,  Completed: 94 [  8m 22s  ] 
INFO:  Idle: 17,  Running: 16,  Completed: 97 [  8m 39s  ] 
INFO:  Idle: 16,  Running: 16,  Completed: 98 [  8m 48s  ] 
INFO:  Idle: 12,  Running: 16,  Completed: 102 [  8m 54s  ] 
INFO:  Idle: 10,  Running: 16,  Completed: 104 [  9m 8s  ] 
INFO:  Idle: 9,  Running: 16,  Completed: 105 [  9m 15s  ] 
INFO:  Idle: 8,  Running: 16,  Completed: 106 [  9m 36s  ] 
INFO:  Idle: 6,  Running: 16,  Completed: 108 [  9m 43s  ] 
INFO:  Idle: 5,  Running: 16,  Completed: 109 [  9m 47s  ] 
INFO:  Idle: 2,  Running: 16,  Completed: 112 [  9m 51s  ] 
INFO:  Idle: 1,  Running: 16,  Completed: 113 [  10m 6s  ] 
INFO:  Idle: 0,  Running: 16,  Completed: 114 [  10m 16s  ] 
INFO:  Idle: 0,  Running: 13,  Completed: 117 [  10m 19s  ] 
INFO:  Idle: 0,  Running: 12,  Completed: 118 [  10m 24s  ] 
INFO:  Idle: 0,  Running: 10,  Completed: 120 [  10m 37s  ] 
INFO:  Idle: 0,  Running: 8,  Completed: 122 [  11m 1s  ] 
INFO:  Idle: 0,  Running: 4,  Completed: 126 [  11m 6s  ] 
INFO:  Idle: 0,  Running: 3,  Completed: 127 [  11m 19s  ] 
INFO:  Idle: 0,  Running: 1,  Completed: 129 [  11m 37s  ] 
INFO:  Idle: 0,  Running: 0,  Completed: 130 [  11m 43s  ] 
INFO:  Idle: 0,  Running: 0,  Completed: 130 [  11m 43s  ] 
INFO: Combining runs 
sum of cpu time of last step: 2h40m02s
INFO: finish refine 
refine 1000000 --treshold=0.9
No need for second refine due to stability of cross-section
INFO: Combining Events 
combination of events done in 102.18391442298889 s 
  === Results Summary for run: basis_04_neg_ww tag: tag_1 ===

     Cross-section :   0.03226 +- 7.245e-06 pb
     Nb of events :  1000000
 
INFO: No version of lhapdf. Can not run systematics computation 
store_events
INFO: Storing parton level results 
INFO: End Parton 
reweight -from_cards
INFO: Extracting the banner ... 
INFO: process: u d > u d h  
INFO: options: / a z QCD=0 QED=99 NP=2, h > a a QCD=0 QED=99 NP=0 
INFO: Running Reweighting 
launch --rwgt_name=sm
INFO: detected model: EWdim6-full. Loading... 
INFO: detected model: EWdim6-full. Loading... 
INFO: generating the square matrix element for reweighting 
INFO: generate u d > u d h / a z QCD=0 QED=99 NP=2, h > a a QCD=0 QED=99 NP=0 ; 
INFO: Done 10.1 
Do you want to edit a card (press enter to bypass editing)?
/------------------------------------------------------------\
|  [31m1[0m. param : [32mparam_card.dat[0m                                 |
|  [31m9[0m. plot  : [32mplot_card.dat[0m                                  |
\------------------------------------------------------------/
 you can also
   - enter the path to a valid card or banner.
   - use the 'set' command to modify a parameter directly.
     The set option works only for param_card and run_card.
     Type 'help set' for more information on this command.
   - call an external program (ASperGE/MadWidth/...).
     Type 'help' for the list of available command
 [[4m0[0m, done, 1, param, 9, plot, enter path]
>INFO: starts to compute weight for events with the following modification to the param_card: 
INFO: set param_card dim6 2 0.0 # orig: 6.608
KEEP:set param_card dim6 5 0.0 # orig: -252.756
KEEP: 
INFO: Event nb 0 current time: 05h00 
INFO: Event nb 10 current time: 05h00 
INFO: Event nb 20 current time: 05h00 
INFO: Event nb 30  0.022s  
INFO: Event nb 40  0.026s  
INFO: Event nb 50  0.03s  
INFO: Event nb 60  0.034s  
INFO: Event nb 70  0.038s  
INFO: Event nb 80  0.043s  
INFO: Event nb 90  0.047s  
INFO: Event nb 100  0.052s  
INFO: Event nb 200  0.084s  
INFO: Event nb 300  0.11s  
INFO: Event nb 400  0.15s  
INFO: Event nb 500  0.17s  
INFO: Event nb 600  0.2s  
INFO: Event nb 700  0.23s  
INFO: Event nb 800  0.26s  
INFO: Event nb 900  0.29s  
INFO: Event nb 1000  0.32s  
INFO: Event nb 2000  0.61s  
INFO: Event nb 3000  0.88s  
INFO: Event nb 4000  1.2s  
INFO: Event nb 5000  1.4s  
INFO: Event nb 6000  1.7s  
INFO: Event nb 7000  2s  
INFO: Event nb 8000  2.9s  
INFO: Event nb 9000  3.2s  
INFO: Event nb 10000  3.5s  
INFO: reducing number of print status. Next status update in 10000 events 
INFO: Event nb 20000  6.3s  
INFO: Event nb 30000  9.1s  
INFO: Event nb 40000  11.7s  
INFO: Event nb 50000  14.6s  
INFO: Event nb 60000  17.4s  
INFO: Event nb 70000  20.1s  
INFO: Event nb 80000  23.1s  
INFO: Event nb 90000  26s  
INFO: Event nb 100000  28.8s  
INFO: reducing number of print status. Next status update in 100000 events 
INFO: Event nb 200000  57.3s  
INFO: Event nb 300000  1m 27s  
INFO: Event nb 400000  1m 56s  
INFO: Event nb 500000  2m 24s  
INFO: Event nb 600000  2m 53s  
INFO: Event nb 700000  3m 23s  
INFO: Event nb 800000  3m 52s  
INFO: Event nb 900000  4m 21s  
INFO: All event done  (nb_event: 1000000)  4m 50s  
INFO: Event ./processes/PROC_EWdim6_VBF_HAA/Events/basis_04_neg_ww/unweighted_events.lhe have now the additional weight 
INFO: new cross-section is : 0.000696431 pb (indicative error: 0.00106172 pb) 
launch --rwgt_name=w
INFO: detected model: EWdim6-full. Loading... 
Do you want to edit a card (press enter to bypass editing)?
/------------------------------------------------------------\
|  [31m1[0m. param : [32mparam_card.dat[0m                                 |
|  [31m9[0m. plot  : [32mplot_card.dat[0m                                  |
\------------------------------------------------------------/
 you can also
   - enter the path to a valid card or banner.
   - use the 'set' command to modify a parameter directly.
     The set option works only for param_card and run_card.
     Type 'help set' for more information on this command.
   - call an external program (ASperGE/MadWidth/...).
     Type 'help' for the list of available command
 [[4m0[0m, done, 1, param, 9, plot, enter path]
>INFO: starts to compute weight for events with the following modification to the param_card: 
INFO: set param_card dim6 2 251.104 # orig: 6.608
KEEP:set param_card dim6 5 1.652 # orig: -252.756
KEEP: 
INFO: Event nb 0 current time: 05h05 
INFO: Event nb 10 current time: 05h05 
INFO: Event nb 20 current time: 05h05 
INFO: Event nb 30 current time: 05h05 
INFO: Event nb 40 current time: 05h05 
INFO: Event nb 50  0.022s  
INFO: Event nb 60  0.026s  
INFO: Event nb 70  0.031s  
INFO: Event nb 80  0.035s  
INFO: Event nb 90  0.039s  
INFO: Event nb 100  0.042s  
INFO: Event nb 200  0.074s  
INFO: Event nb 300  0.1s  
INFO: Event nb 400  0.14s  
INFO: Event nb 500  0.17s  
INFO: Event nb 600  0.2s  
INFO: Event nb 700  0.23s  
INFO: Event nb 800  0.26s  
INFO: Event nb 900  0.29s  
INFO: Event nb 1000  0.32s  
INFO: Event nb 2000  0.61s  
INFO: Event nb 3000  0.91s  
INFO: Event nb 4000  1.2s  
INFO: Event nb 5000  1.5s  
INFO: Event nb 6000  1.8s  
INFO: Event nb 7000  2.1s  
INFO: Event nb 8000  2.4s  
INFO: Event nb 9000  2.7s  
INFO: Event nb 10000  3s  
INFO: reducing number of print status. Next status update in 10000 events 
INFO: Event nb 20000  5.9s  
INFO: Event nb 30000  8.8s  
INFO: Event nb 40000  11.8s  
INFO: Event nb 50000  14.7s  
INFO: Event nb 60000  17.7s  
INFO: Event nb 70000  21.3s  
INFO: Event nb 80000  24.2s  
INFO: Event nb 90000  27.2s  
INFO: Event nb 100000  30.1s  
INFO: reducing number of print status. Next status update in 100000 events 
INFO: Event nb 200000  1m 0s  
INFO: Event nb 300000  1m 29s  
INFO: Event nb 400000  2m 0s  
INFO: Event nb 500000  2m 30s  
INFO: Event nb 600000  3m 0s  
INFO: Event nb 700000  3m 30s  
INFO: Event nb 800000  4m 1s  
INFO: Event nb 900000  4m 32s  
INFO: All event done  (nb_event: 1000000)  5m 2s  
INFO: Event ./processes/PROC_EWdim6_VBF_HAA/Events/basis_04_neg_ww/unweighted_events.lhe have now the additional weight 
INFO: new cross-section is : 0.0265716 pb (indicative error: 0.00339044 pb) 
launch --rwgt_name=neg_w
INFO: detected model: EWdim6-full. Loading... 
Do you want to edit a card (press enter to bypass editing)?
/------------------------------------------------------------\
|  [31m1[0m. param : [32mparam_card.dat[0m                                 |
|  [31m9[0m. plot  : [32mplot_card.dat[0m                                  |
\------------------------------------------------------------/
 you can also
   - enter the path to a valid card or banner.
   - use the 'set' command to modify a parameter directly.
     The set option works only for param_card and run_card.
     Type 'help set' for more information on this command.
   - call an external program (ASperGE/MadWidth/...).
     Type 'help' for the list of available command
 [[4m0[0m, done, 1, param, 9, plot, enter path]
>INFO: starts to compute weight for events with the following modification to the param_card: 
INFO: set param_card dim6 2 -254.408 # orig: 6.608
KEEP:set param_card dim6 5 3.304 # orig: -252.756
KEEP: 
INFO: Event nb 0 current time: 05h10 
INFO: Event nb 10 current time: 05h10 
INFO: Event nb 20 current time: 05h10 
INFO: Event nb 30 current time: 05h10 
INFO: Event nb 40 current time: 05h10 
INFO: Event nb 50  0.02s  
INFO: Event nb 60  0.025s  
INFO: Event nb 70  0.029s  
INFO: Event nb 80  0.033s  
INFO: Event nb 90  0.037s  
INFO: Event nb 100  0.042s  
INFO: Event nb 200  0.074s  
INFO: Event nb 300  0.1s  
INFO: Event nb 400  0.13s  
INFO: Event nb 500  0.17s  
INFO: Event nb 600  0.2s  
INFO: Event nb 700  0.23s  
INFO: Event nb 800  0.26s  
INFO: Event nb 900  0.29s  
INFO: Event nb 1000  0.35s  
INFO: Event nb 2000  0.65s  
INFO: Event nb 3000  0.94s  
INFO: Event nb 4000  1.2s  
INFO: Event nb 5000  1.6s  
INFO: Event nb 6000  1.9s  
INFO: Event nb 7000  2.2s  
INFO: Event nb 8000  2.5s  
INFO: Event nb 9000  2.9s  
INFO: Event nb 10000  3.2s  
INFO: reducing number of print status. Next status update in 10000 events 
INFO: Event nb 20000  6.1s  
INFO: Event nb 30000  9.1s  
INFO: Event nb 40000  12s  
INFO: Event nb 50000  14.9s  
INFO: Event nb 60000  18s  
INFO: Event nb 70000  20.9s  
INFO: Event nb 80000  23.9s  
INFO: Event nb 90000  26.9s  
INFO: Event nb 100000  30.6s  
INFO: reducing number of print status. Next status update in 100000 events 
INFO: Event nb 200000  1m 0s  
INFO: Event nb 300000  1m 31s  
INFO: Event nb 400000  2m 1s  
INFO: Event nb 500000  2m 32s  
INFO: Event nb 600000  3m 3s  
INFO: Event nb 700000  3m 34s  
INFO: Event nb 800000  4m 4s  
INFO: Event nb 900000  4m 35s  
INFO: All event done  (nb_event: 1000000)  5m 5s  
INFO: Event ./processes/PROC_EWdim6_VBF_HAA/Events/basis_04_neg_ww/unweighted_events.lhe have now the additional weight 
INFO: new cross-section is : 0.0347337 pb (indicative error: 0.00506979 pb) 
launch --rwgt_name=ww
INFO: detected model: EWdim6-full. Loading... 
Do you want to edit a card (press enter to bypass editing)?
/------------------------------------------------------------\
|  [31m1[0m. param : [32mparam_card.dat[0m                                 |
|  [31m9[0m. plot  : [32mplot_card.dat[0m                                  |
\------------------------------------------------------------/
 you can also
   - enter the path to a valid card or banner.
   - use the 'set' command to modify a parameter directly.
     The set option works only for param_card and run_card.
     Type 'help set' for more information on this command.
   - call an external program (ASperGE/MadWidth/...).
     Type 'help' for the list of available command
 [[4m0[0m, done, 1, param, 9, plot, enter path]
>INFO: starts to compute weight for events with the following modification to the param_card: 
INFO: set param_card dim6 2 4.956 # orig: 6.608
KEEP:set param_card dim6 5 249.452 # orig: -252.756
KEEP: 
INFO: Event nb 0 current time: 05h15 
INFO: Event nb 10 current time: 05h15 
INFO: Event nb 20 current time: 05h15 
INFO: Event nb 30 current time: 05h15 
INFO: Event nb 40 current time: 05h15 
INFO: Event nb 50  0.021s  
INFO: Event nb 60  0.025s  
INFO: Event nb 70  0.03s  
INFO: Event nb 80  0.035s  
INFO: Event nb 90  0.04s  
INFO: Event nb 100  0.045s  
INFO: Event nb 200  0.075s  
INFO: Event nb 300  0.11s  
INFO: Event nb 400  0.14s  
INFO: Event nb 500  0.17s  
INFO: Event nb 600  0.2s  
INFO: Event nb 700  0.23s  
INFO: Event nb 800  0.26s  
INFO: Event nb 900  0.29s  
INFO: Event nb 1000  0.32s  
INFO: Event nb 2000  0.63s  
INFO: Event nb 3000  0.93s  
INFO: Event nb 4000  1.3s  
INFO: Event nb 5000  1.6s  
INFO: Event nb 6000  1.9s  
INFO: Event nb 7000  2.2s  
INFO: Event nb 8000  2.5s  
INFO: Event nb 9000  2.8s  
INFO: Event nb 10000  3.1s  
INFO: reducing number of print status. Next status update in 10000 events 
INFO: Event nb 20000  6.1s  
INFO: Event nb 30000  9.1s  
INFO: Event nb 40000  12.1s  
INFO: Event nb 50000  15.1s  
INFO: Event nb 60000  18.7s  
INFO: Event nb 70000  21.7s  
INFO: Event nb 80000  24.9s  
INFO: Event nb 90000  27.9s  
INFO: Event nb 100000  30.9s  
INFO: reducing number of print status. Next status update in 100000 events 
INFO: Event nb 200000  1m 1s  
INFO: Event nb 300000  1m 32s  
INFO: Event nb 400000  2m 2s  
INFO: Event nb 500000  2m 33s  
INFO: Event nb 600000  3m 3s  
INFO: Event nb 700000  3m 34s  
INFO: Event nb 800000  4m 4s  
INFO: Event nb 900000  4m 36s  
INFO: All event done  (nb_event: 1000000)  5m 7s  
INFO: Event ./processes/PROC_EWdim6_VBF_HAA/Events/basis_04_neg_ww/unweighted_events.lhe have now the additional weight 
INFO: new cross-section is : 0.0315805 pb (indicative error: 0.0041382 pb) 
launch --rwgt_name=neg_ww
INFO: detected model: EWdim6-full. Loading... 
Do you want to edit a card (press enter to bypass editing)?
/------------------------------------------------------------\
|  [31m1[0m. param : [32mparam_card.dat[0m                                 |
|  [31m9[0m. plot  : [32mplot_card.dat[0m                                  |
\------------------------------------------------------------/
 you can also
   - enter the path to a valid card or banner.
   - use the 'set' command to modify a parameter directly.
     The set option works only for param_card and run_card.
     Type 'help set' for more information on this command.
   - call an external program (ASperGE/MadWidth/...).
     Type 'help' for the list of available command
 [[4m0[0m, done, 1, param, 9, plot, enter path]
>[1;34mWARNING:  REWEIGHTING: original card and new card are identical. [0m
INFO: starts to compute weight for events with the following modification to the param_card: 
INFO:  
INFO: Event nb 0 current time: 05h20 
INFO: Event nb 10 current time: 05h20 
INFO: Event nb 20 current time: 05h20 
INFO: Event nb 30 current time: 05h20 
INFO: Event nb 40 current time: 05h20 
INFO: Event nb 50  0.022s  
INFO: Event nb 60  0.025s  
INFO: Event nb 70  0.029s  
INFO: Event nb 80  0.033s  
INFO: Event nb 90  0.037s  
INFO: Event nb 100  0.041s  
INFO: Event nb 200  0.073s  
INFO: Event nb 300  0.1s  
INFO: Event nb 400  0.14s  
INFO: Event nb 500  0.17s  
INFO: Event nb 600  0.2s  
INFO: Event nb 700  0.23s  
INFO: Event nb 800  0.26s  
INFO: Event nb 900  0.29s  
INFO: Event nb 1000  0.32s  
INFO: Event nb 2000  0.65s  
INFO: Event nb 3000  0.96s  
INFO: Event nb 4000  1.3s  
INFO: Event nb 5000  1.6s  
INFO: Event nb 6000  1.9s  
INFO: Event nb 7000  2.2s  
INFO: Event nb 8000  2.5s  
INFO: Event nb 9000  2.8s  
INFO: Event nb 10000  3.1s  
INFO: reducing number of print status. Next status update in 10000 events 
INFO: Event nb 20000  6.2s  
INFO: Event nb 30000  9.2s  
INFO: Event nb 40000  12.4s  
INFO: Event nb 50000  15.6s  
INFO: Event nb 60000  18.7s  
INFO: Event nb 70000  21.8s  
INFO: Event nb 80000  25s  
INFO: Event nb 90000  28.2s  
INFO: Event nb 100000  31.3s  
INFO: reducing number of print status. Next status update in 100000 events 
INFO: Event nb 200000  1m 2s  
INFO: Event nb 300000  1m 33s  
INFO: Event nb 400000  2m 4s  
INFO: Event nb 500000  2m 35s  
INFO: Event nb 600000  3m 6s  
INFO: Event nb 700000  3m 38s  
INFO: Event nb 800000  4m 9s  
INFO: Event nb 900000  4m 40s  
INFO: All event done  (nb_event: 1000000)  5m 11s  
INFO: Event ./processes/PROC_EWdim6_VBF_HAA/Events/basis_04_neg_ww/unweighted_events.lhe have now the additional weight 
INFO: new cross-section is : 0.032263 pb (indicative error: 7.2446e-06 pb) 
launch --rwgt_name=w_ww
INFO: detected model: EWdim6-full. Loading... 
Do you want to edit a card (press enter to bypass editing)?
/------------------------------------------------------------\
|  [31m1[0m. param : [32mparam_card.dat[0m                                 |
|  [31m9[0m. plot  : [32mplot_card.dat[0m                                  |
\------------------------------------------------------------/
 you can also
   - enter the path to a valid card or banner.
   - use the 'set' command to modify a parameter directly.
     The set option works only for param_card and run_card.
     Type 'help set' for more information on this command.
   - call an external program (ASperGE/MadWidth/...).
     Type 'help' for the list of available command
 [[4m0[0m, done, 1, param, 9, plot, enter path]
>INFO: starts to compute weight for events with the following modification to the param_card: 
INFO: set param_card dim6 2 278.8576 # orig: 6.608
KEEP:set param_card dim6 5 246.974 # orig: -252.756
KEEP: 
INFO: Event nb 0 current time: 05h26 
INFO: Event nb 10 current time: 05h26 
INFO: Event nb 20 current time: 05h26 
INFO: Event nb 30 current time: 05h26 
INFO: Event nb 40 current time: 05h26 
INFO: Event nb 50  0.021s  
INFO: Event nb 60  0.026s  
INFO: Event nb 70  0.031s  
INFO: Event nb 80  0.034s  
INFO: Event nb 90  0.038s  
INFO: Event nb 100  0.042s  
INFO: Event nb 200  0.074s  
INFO: Event nb 300  0.11s  
INFO: Event nb 400  0.14s  
INFO: Event nb 500  0.17s  
INFO: Event nb 600  0.2s  
INFO: Event nb 700  0.24s  
INFO: Event nb 800  0.27s  
INFO: Event nb 900  0.3s  
INFO: Event nb 1000  0.34s  
INFO: Event nb 2000  0.67s  
INFO: Event nb 3000  1s  
INFO: Event nb 4000  1.3s  
INFO: Event nb 5000  1.6s  
INFO: Event nb 6000  2s  
INFO: Event nb 7000  2.3s  
INFO: Event nb 8000  2.8s  
INFO: Event nb 9000  3.1s  
INFO: Event nb 10000  3.4s  
INFO: reducing number of print status. Next status update in 10000 events 
INFO: Event nb 20000  6.6s  
INFO: Event nb 30000  10.2s  
INFO: Event nb 40000  13.3s  
INFO: Event nb 50000  16.3s  
INFO: Event nb 60000  19.5s  
INFO: Event nb 70000  22.5s  
INFO: Event nb 80000  25.6s  
INFO: Event nb 90000  28.7s  
INFO: Event nb 100000  31.8s  
INFO: reducing number of print status. Next status update in 100000 events 
INFO: Event nb 200000  1m 3s  
INFO: Event nb 300000  1m 34s  
INFO: Event nb 400000  2m 5s  
INFO: Event nb 500000  2m 37s  
INFO: Event nb 600000  3m 9s  
INFO: Event nb 700000  3m 40s  
INFO: Event nb 800000  4m 12s  
INFO: Event nb 900000  4m 44s  
INFO: All event done  (nb_event: 1000000)  5m 16s  
INFO: Event ./processes/PROC_EWdim6_VBF_HAA/Events/basis_04_neg_ww/unweighted_events.lhe have now the additional weight 
INFO: new cross-section is : 0.0633591 pb (indicative error: 0.0047499 pb) 
INFO: Original cross-section: 0.032263 +- 7.2446e-06 pb (cross-section from sum of weights: 0.032263000000553814) 
INFO: Computed cross-section: 
INFO: rwgt_1 : 0.0006964309806842549 +- 0.0010617193626522277 pb 
INFO: rwgt_2 : 0.026571614648021043 +- 0.003390442340975673 pb 
INFO: rwgt_3 : 0.034733670496750295 +- 0.005069787759006168 pb 
INFO: rwgt_4 : 0.03158049017919077 +- 0.0041382004073454775 pb 
INFO: rwgt_5 : 0.032263000000553814 +- 7.2446e-06 pb 
INFO: rwgt_6 : 0.06335910316911399 +- 0.004749901854232311 pb 
INFO: quit rwgt 
decay_events -from_cards
INFO: storing files of previous run 
gzipping output file: unweighted_events.lhe
INFO: Done 
GDBus.Error:org.freedesktop.DBus.Error.ServiceUnknown: The name org.freedesktop.Notifications was not provided by any .service files
quit
INFO:  
 no parameter matchingQNUMBERS 9000006_1                                                                                                                                                                                                                                                                                                                                                                                                                                                                                                                 0.0000000000000000     
 no parameter matchingQNUMBERS 9000006_2                                                                                                                                                                                                                                                                                                                                                                                                                                                                                                                 1.0000000000000000     
 no parameter matchingQNUMBERS 9000006_3                                                                                                                                                                                                                                                                                                                                                                                                                                                                                                                 1.0000000000000000     
 no parameter matchingQNUMBERS 9000006_4                                                                                                                                                                                                                                                                                                                                                                                                                                                                                                                 0.0000000000000000     
