$ bash -lc yes 0 | "./processes/PROC_EWdim6_VBF_HAA/bin/generate_events" "basis_00_sm_part02" -f

************************************************************
*                                                          *
*                      W E L C O M E to                    *
*             M A D G R A P H 5 _ a M C @ N L O            *
*                      M A D E V E N T                     *
*                                                          *
*                 *                       *                *
*                   *        * *        *                  *
*                     * * * * 5 * * * *                    *
*                   *        * *        *                  *
*                 *                       *                *
*                                                          *
*         VERSION 3.7.1                                    *
*                                                          *
*    The MadGraph5_aMC@NLO Development Team - Find us at   *
*    https://server06.fynu.ucl.ac.be/projects/madgraph     *
*                                                          *
*               Type 'help' for in-line help.              *
*                                                          *
************************************************************
INFO: load configuration from ./processes/PROC_EWdim6_VBF_HAA/Cards/me5_configuration.txt  
INFO: load configuration from external/MG5_aMC_v3_7_1/input/mg5_configuration.txt  
INFO: load configuration from ./processes/PROC_EWdim6_VBF_HAA/Cards/me5_configuration.txt  
Using default text editor "vi". Set another one in ./input/mg5_configuration.txt
No valid eps viewer found. Please set in ./input/mg5_configuration.txt
No valid web browser found. Please set in ./input/mg5_configuration.txt
Using default gzip "pigz". Set another one in ./input/mg5_configuration.txt
generate_events basis_00_sm_part02 -f
stty: 'standard input': Inappropriate ioctl for device
[1;34mvalue '[]' for entry 'bypass_check' is not valid. Preserving previous value: '[]'.
allowed values are any list composed of the following entries: partonshower[0m
Generating 1000000 events with run name basis_00_sm_part02
survey  basis_00_sm_part02 
INFO: compile directory 
[1;34mNot able to open file ./processes/PROC_EWdim6_VBF_HAA/crossx.html since no program configured.Please set one in ./input/mg5_configuration.txt[0m
compile Source Directory
Using random number seed offset = 44
INFO: Running Survey 
Creating Jobs
Working on SubProcesses
INFO: Compiling for process 1/1. 
INFO:     P1_qq_qqh_h_aa  
[1;34mWARNING: The optimizer detects that you have coupling evaluated to zero: 
GC_92 GC_93 GC_94 GC_117
This will slow down the computation. Please consider using restricted model:
https://answers.launchpad.net/mg5amcnlo/+faq/2312 [0m
INFO:     P1_qq_qqh_h_aa  
INFO:  Idle: 1,  Running: 0,  Completed: 0 [ current time: 07h56 ] 
INFO:  Idle: 0,  Running: 0,  Completed: 1 [  0.28s  ] 
INFO:  Idle: 0,  Running: 0,  Completed: 1 [  0.28s  ] 
INFO: End survey 
refine 1000000
Creating Jobs
INFO: Refine results to 1000000 
INFO: Generating 1000000.0 unweighted events. 
sum of cpu time of last step: 0 second
INFO: Effective Luminosity 1862515326.9490445 pb^-1 
INFO: need to improve 1 channels 
- Current estimate of cross-section: 0.00064429 +- 2.7178e-05
    P1_qq_qqh_h_aa 
INFO:  Idle: 114,  Running: 16,  Completed: 0 [ current time: 07h56 ] 
INFO:  Idle: 113,  Running: 16,  Completed: 1 [  1m 2s  ] 
INFO:  Idle: 112,  Running: 16,  Completed: 2 [  1m 9s  ] 
INFO:  Idle: 100,  Running: 16,  Completed: 14 [  1m 12s  ] 
INFO:  Idle: 97,  Running: 16,  Completed: 17 [  2m 25s  ] 
INFO:  Idle: 96,  Running: 16,  Completed: 18 [  2m 32s  ] 
INFO:  Idle: 93,  Running: 16,  Completed: 21 [  2m 35s  ] 
INFO:  Idle: 88,  Running: 16,  Completed: 26 [  2m 38s  ] 
INFO:  Idle: 82,  Running: 16,  Completed: 32 [  2m 43s  ] 
INFO:  Idle: 81,  Running: 16,  Completed: 33 [  3m 55s  ] 
INFO:  Idle: 79,  Running: 16,  Completed: 35 [  3m 59s  ] 
INFO:  Idle: 78,  Running: 16,  Completed: 36 [  4m 9s  ] 
INFO:  Idle: 72,  Running: 16,  Completed: 42 [  4m 12s  ] 
INFO:  Idle: 69,  Running: 16,  Completed: 45 [  4m 16s  ] 
INFO:  Idle: 67,  Running: 16,  Completed: 47 [  4m 20s  ] 
INFO:  Idle: 65,  Running: 16,  Completed: 49 [  5m 31s  ] 
INFO:  Idle: 64,  Running: 16,  Completed: 50 [  5m 39s  ] 
INFO:  Idle: 60,  Running: 16,  Completed: 54 [  5m 48s  ] 
INFO:  Idle: 51,  Running: 16,  Completed: 63 [  5m 57s  ] 
INFO:  Idle: 49,  Running: 16,  Completed: 65 [  7m 9s  ] 
INFO:  Idle: 48,  Running: 16,  Completed: 66 [  7m 12s  ] 
INFO:  Idle: 45,  Running: 16,  Completed: 69 [  7m 16s  ] 
INFO:  Idle: 42,  Running: 16,  Completed: 72 [  7m 29s  ] 
INFO:  Idle: 39,  Running: 16,  Completed: 75 [  7m 32s  ] 
INFO:  Idle: 37,  Running: 16,  Completed: 77 [  7m 36s  ] 
INFO:  Idle: 33,  Running: 16,  Completed: 81 [  8m 51s  ] 
INFO:  Idle: 31,  Running: 16,  Completed: 83 [  8m 59s  ] 
INFO:  Idle: 26,  Running: 16,  Completed: 88 [  9m 4s  ] 
INFO:  Idle: 24,  Running: 16,  Completed: 90 [  9m 15s  ] 
INFO:  Idle: 21,  Running: 16,  Completed: 93 [  9m 20s  ] 
INFO:  Idle: 17,  Running: 16,  Completed: 97 [  10m 28s  ] 
INFO:  Idle: 16,  Running: 16,  Completed: 98 [  10m 36s  ] 
INFO:  Idle: 14,  Running: 16,  Completed: 100 [  10m 41s  ] 
INFO:  Idle: 13,  Running: 16,  Completed: 101 [  10m 51s  ] 
INFO:  Idle: 12,  Running: 16,  Completed: 102 [  10m 54s  ] 
INFO:  Idle: 5,  Running: 16,  Completed: 109 [  11m 4s  ] 
INFO:  Idle: 3,  Running: 16,  Completed: 111 [  11m 10s  ] 
INFO:  Idle: 1,  Running: 16,  Completed: 113 [  12m 20s  ] 
INFO:  Idle: 0,  Running: 13,  Completed: 117 [  12m 31s  ] 
INFO:  Idle: 0,  Running: 12,  Completed: 118 [  12m 42s  ] 
INFO:  Idle: 0,  Running: 3,  Completed: 127 [  12m 45s  ] 
INFO:  Idle: 0,  Running: 2,  Completed: 128 [  12m 54s  ] 
INFO:  Idle: 0,  Running: 1,  Completed: 129 [  13m 20s  ] 
INFO:  Idle: 0,  Running: 0,  Completed: 130 [  13m 21s  ] 
INFO: Combining runs 
sum of cpu time of last step: 3h13m42s
INFO: finish refine 
refine 1000000 --treshold=0.9
No need for second refine due to stability of cross-section
INFO: Combining Events 
combination of events done in 198.47223711013794 s 
  === Results Summary for run: basis_00_sm_part02 tag: tag_1 ===

     Cross-section :   0.0006609 +- 1.617e-07 pb
     Nb of events :  1000000
 
INFO: No version of lhapdf. Can not run systematics computation 
store_events
INFO: Storing parton level results 
INFO: End Parton 
reweight -from_cards
INFO: Extracting the banner ... 
INFO: process: u d > u d h  
INFO: options: / a z QCD=0 QED=99 NP=2, h > a a QCD=0 QED=99 NP=0 
INFO: Running Reweighting 
launch --rwgt_name=sm
INFO: detected model: EWdim6-full. Loading... 
INFO: detected model: EWdim6-full. Loading... 
INFO: generating the square matrix element for reweighting 
INFO: generate u d > u d h / a z QCD=0 QED=99 NP=2, h > a a QCD=0 QED=99 NP=0 ; 
INFO: Done 15.69 
Do you want to edit a card (press enter to bypass editing)?
/------------------------------------------------------------\
|  [31m1[0m. param : [32mparam_card.dat[0m                                 |
|  [31m9[0m. plot  : [32mplot_card.dat[0m                                  |
\------------------------------------------------------------/
 you can also
   - enter the path to a valid card or banner.
   - use the 'set' command to modify a parameter directly.
     The set option works only for param_card and run_card.
     Type 'help set' for more information on this command.
   - call an external program (ASperGE/MadWidth/...).
     Type 'help' for the list of available command
 [[4m0[0m, done, 1, param, 9, plot, enter path]
>[1;34mWARNING:  REWEIGHTING: original card and new card are identical. [0m
INFO: starts to compute weight for events with the following modification to the param_card: 
INFO:  
INFO: Event nb 0 current time: 08h14 
INFO: Event nb 10 current time: 08h14 
INFO: Event nb 20 current time: 08h14 
INFO: Event nb 30 current time: 08h14 
INFO: Event nb 40  0.021s  
INFO: Event nb 50  0.026s  
INFO: Event nb 60  0.031s  
INFO: Event nb 70  0.035s  
INFO: Event nb 80  0.041s  
INFO: Event nb 90  0.045s  
INFO: Event nb 100  0.05s  
INFO: Event nb 200  0.084s  
INFO: Event nb 300  0.11s  
INFO: Event nb 400  0.15s  
INFO: Event nb 500  0.17s  
INFO: Event nb 600  0.2s  
INFO: Event nb 700  0.23s  
INFO: Event nb 800  0.26s  
INFO: Event nb 900  0.29s  
INFO: Event nb 1000  0.32s  
INFO: Event nb 2000  0.59s  
INFO: Event nb 3000  0.86s  
INFO: Event nb 4000  1.1s  
INFO: Event nb 5000  1.4s  
INFO: Event nb 6000  1.7s  
INFO: Event nb 7000  2s  
INFO: Event nb 8000  2.3s  
INFO: Event nb 9000  2.6s  
INFO: Event nb 10000  2.8s  
INFO: reducing number of print status. Next status update in 10000 events 
INFO: Event nb 20000  5.6s  
INFO: Event nb 30000  8.4s  
INFO: Event nb 40000  11.2s  
INFO: Event nb 50000  14.1s  
INFO: Event nb 60000  16.9s  
INFO: Event nb 70000  19.8s  
INFO: Event nb 80000  22.7s  
INFO: Event nb 90000  25.6s  
INFO: Event nb 100000  28.4s  
INFO: reducing number of print status. Next status update in 100000 events 
INFO: Event nb 200000  56.5s  
INFO: Event nb 300000  1m 24s  
INFO: Event nb 400000  1m 52s  
INFO: Event nb 500000  2m 21s  
INFO: Event nb 600000  2m 49s  
INFO: Event nb 700000  3m 18s  
INFO: Event nb 800000  3m 46s  
INFO: Event nb 900000  4m 14s  
INFO: All event done  (nb_event: 1000000)  4m 43s  
INFO: Event ./processes/PROC_EWdim6_VBF_HAA/Events/basis_00_sm_part02/unweighted_events.lhe have now the additional weight 
INFO: new cross-section is : 0.00066093 pb (indicative error: 1.6167e-07 pb) 
launch --rwgt_name=w
INFO: detected model: EWdim6-full. Loading... 
Do you want to edit a card (press enter to bypass editing)?
/------------------------------------------------------------\
|  [31m1[0m. param : [32mparam_card.dat[0m                                 |
|  [31m9[0m. plot  : [32mplot_card.dat[0m                                  |
\------------------------------------------------------------/
 you can also
   - enter the path to a valid card or banner.
   - use the 'set' command to modify a parameter directly.
     The set option works only for param_card and run_card.
     Type 'help set' for more information on this command.
   - call an external program (ASperGE/MadWidth/...).
     Type 'help' for the list of available command
 [[4m0[0m, done, 1, param, 9, plot, enter path]
>INFO: starts to compute weight for events with the following modification to the param_card: 
INFO: set param_card dim6 2 251.104 # orig: 0.0
KEEP:set param_card dim6 5 1.652 # orig: 0.0
KEEP: 
INFO: Event nb 0 current time: 08h19 
INFO: Event nb 10 current time: 08h19 
INFO: Event nb 20 current time: 08h19 
INFO: Event nb 30 current time: 08h19 
INFO: Event nb 40 current time: 08h19 
INFO: Event nb 50  0.023s  
INFO: Event nb 60  0.029s  
INFO: Event nb 70  0.032s  
INFO: Event nb 80  0.037s  
INFO: Event nb 90  0.041s  
INFO: Event nb 100  0.045s  
INFO: Event nb 200  0.075s  
INFO: Event nb 300  0.1s  
INFO: Event nb 400  0.13s  
INFO: Event nb 500  0.17s  
INFO: Event nb 600  0.19s  
INFO: Event nb 700  0.22s  
INFO: Event nb 800  0.26s  
INFO: Event nb 900  0.28s  
INFO: Event nb 1000  0.31s  
INFO: Event nb 2000  0.6s  
INFO: Event nb 3000  0.9s  
INFO: Event nb 4000  1.2s  
INFO: Event nb 5000  1.5s  
INFO: Event nb 6000  1.8s  
INFO: Event nb 7000  2.1s  
INFO: Event nb 8000  2.3s  
INFO: Event nb 9000  2.6s  
INFO: Event nb 10000  2.9s  
INFO: reducing number of print status. Next status update in 10000 events 
INFO: Event nb 20000  5.9s  
INFO: Event nb 30000  8.8s  
INFO: Event nb 40000  11.7s  
INFO: Event nb 50000  14.6s  
INFO: Event nb 60000  17.5s  
INFO: Event nb 70000  20.4s  
INFO: Event nb 80000  23.4s  
INFO: Event nb 90000  26.3s  
INFO: Event nb 100000  29.6s  
INFO: reducing number of print status. Next status update in 100000 events 
INFO: Event nb 200000  59s  
INFO: Event nb 300000  1m 28s  
INFO: Event nb 400000  1m 57s  
INFO: Event nb 500000  2m 27s  
INFO: Event nb 600000  2m 56s  
INFO: Event nb 700000  3m 26s  
INFO: Event nb 800000  3m 55s  
INFO: Event nb 900000  4m 25s  
INFO: All event done  (nb_event: 1000000)  4m 55s  
INFO: Event ./processes/PROC_EWdim6_VBF_HAA/Events/basis_00_sm_part02/unweighted_events.lhe have now the additional weight 
INFO: new cross-section is : 0.0270791 pb (indicative error: 0.0340051 pb) 
launch --rwgt_name=neg_w
INFO: detected model: EWdim6-full. Loading... 
Do you want to edit a card (press enter to bypass editing)?
/------------------------------------------------------------\
|  [31m1[0m. param : [32mparam_card.dat[0m                                 |
|  [31m9[0m. plot  : [32mplot_card.dat[0m                                  |
\------------------------------------------------------------/
 you can also
   - enter the path to a valid card or banner.
   - use the 'set' command to modify a parameter directly.
     The set option works only for param_card and run_card.
     Type 'help set' for more information on this command.
   - call an external program (ASperGE/MadWidth/...).
     Type 'help' for the list of available command
 [[4m0[0m, done, 1, param, 9, plot, enter path]
>INFO: starts to compute weight for events with the following modification to the param_card: 
INFO: set param_card dim6 2 -254.408 # orig: 0.0
KEEP:set param_card dim6 5 3.304 # orig: 0.0
KEEP: 
INFO: Event nb 0 current time: 08h24 
INFO: Event nb 10 current time: 08h24 
INFO: Event nb 20 current time: 08h24 
INFO: Event nb 30 current time: 08h24 
INFO: Event nb 40 current time: 08h24 
INFO: Event nb 50  0.023s  
INFO: Event nb 60  0.027s  
INFO: Event nb 70  0.031s  
INFO: Event nb 80  0.035s  
INFO: Event nb 90  0.039s  
INFO: Event nb 100  0.043s  
INFO: Event nb 200  0.077s  
INFO: Event nb 300  0.11s  
INFO: Event nb 400  0.14s  
INFO: Event nb 500  0.17s  
INFO: Event nb 600  0.2s  
INFO: Event nb 700  0.23s  
INFO: Event nb 800  0.26s  
INFO: Event nb 900  0.29s  
INFO: Event nb 1000  0.35s  
INFO: Event nb 2000  0.64s  
INFO: Event nb 3000  0.93s  
INFO: Event nb 4000  1.2s  
INFO: Event nb 5000  1.5s  
INFO: Event nb 6000  1.8s  
INFO: Event nb 7000  2.1s  
INFO: Event nb 8000  2.4s  
INFO: Event nb 9000  2.7s  
INFO: Event nb 10000  3s  
INFO: reducing number of print status. Next status update in 10000 events 
INFO: Event nb 20000  6s  
INFO: Event nb 30000  8.9s  
INFO: Event nb 40000  11.8s  
INFO: Event nb 50000  14.8s  
INFO: Event nb 60000  17.6s  
INFO: Event nb 70000  20.6s  
INFO: Event nb 80000  23.6s  
INFO: Event nb 90000  26.6s  
INFO: Event nb 100000  29.6s  
INFO: reducing number of print status. Next status update in 100000 events 
INFO: Event nb 200000  59.5s  
INFO: Event nb 300000  1m 29s  
INFO: Event nb 400000  1m 58s  
INFO: Event nb 500000  2m 28s  
INFO: Event nb 600000  2m 58s  
INFO: Event nb 700000  3m 28s  
INFO: Event nb 800000  4m 0s  
INFO: Event nb 900000  4m 29s  
INFO: All event done  (nb_event: 1000000)  4m 59s  
INFO: Event ./processes/PROC_EWdim6_VBF_HAA/Events/basis_00_sm_part02/unweighted_events.lhe have now the additional weight 
INFO: new cross-section is : 0.0351538 pb (indicative error: 0.0352712 pb) 
launch --rwgt_name=ww
INFO: detected model: EWdim6-full. Loading... 
Do you want to edit a card (press enter to bypass editing)?
/------------------------------------------------------------\
|  [31m1[0m. param : [32mparam_card.dat[0m                                 |
|  [31m9[0m. plot  : [32mplot_card.dat[0m                                  |
\------------------------------------------------------------/
 you can also
   - enter the path to a valid card or banner.
   - use the 'set' command to modify a parameter directly.
     The set option works only for param_card and run_card.
     Type 'help set' for more information on this command.
   - call an external program (ASperGE/MadWidth/...).
     Type 'help' for the list of available command
 [[4m0[0m, done, 1, param, 9, plot, enter path]
>INFO: starts to compute weight for events with the following modification to the param_card: 
INFO: set param_card dim6 2 4.956 # orig: 0.0
KEEP:set param_card dim6 5 249.452 # orig: 0.0
KEEP: 
INFO: Event nb 0 current time: 08h29 
INFO: Event nb 10 current time: 08h29 
INFO: Event nb 20 current time: 08h29 
INFO: Event nb 30 current time: 08h29 
INFO: Event nb 40 current time: 08h29 
INFO: Event nb 50  0.022s  
INFO: Event nb 60  0.028s  
INFO: Event nb 70  0.032s  
INFO: Event nb 80  0.036s  
INFO: Event nb 90  0.04s  
INFO: Event nb 100  0.043s  
INFO: Event nb 200  0.075s  
INFO: Event nb 300  0.1s  
INFO: Event nb 400  0.14s  
INFO: Event nb 500  0.17s  
INFO: Event nb 600  0.2s  
INFO: Event nb 700  0.23s  
INFO: Event nb 800  0.26s  
INFO: Event nb 900  0.29s  
INFO: Event nb 1000  0.32s  
INFO: Event nb 2000  0.62s  
INFO: Event nb 3000  0.91s  
INFO: Event nb 4000  1.2s  
INFO: Event nb 5000  1.5s  
INFO: Event nb 6000  1.8s  
INFO: Event nb 7000  2.1s  
INFO: Event nb 8000  2.4s  
INFO: Event nb 9000  2.7s  
INFO: Event nb 10000  3s  
INFO: reducing number of print status. Next status update in 10000 events 
INFO: Event nb 20000  6s  
INFO: Event nb 30000  9s  
INFO: Event nb 40000  12s  
INFO: Event nb 50000  15.1s  
INFO: Event nb 60000  18.1s  
INFO: Event nb 70000  21.1s  
INFO: Event nb 80000  24.2s  
INFO: Event nb 90000  27.2s  
INFO: Event nb 100000  30.2s  
INFO: reducing number of print status. Next status update in 100000 events 
INFO: Event nb 200000  1m 0s  
INFO: Event nb 300000  1m 30s  
INFO: Event nb 400000  2m 0s  
INFO: Event nb 500000  2m 30s  
INFO: Event nb 600000  3m 0s  
INFO: Event nb 700000  3m 30s  
INFO: Event nb 800000  4m 0s  
INFO: Event nb 900000  4m 30s  
INFO: All event done  (nb_event: 1000000)  5m 1s  
INFO: Event ./processes/PROC_EWdim6_VBF_HAA/Events/basis_00_sm_part02/unweighted_events.lhe have now the additional weight 
INFO: new cross-section is : 0.0314905 pb (indicative error: 0.0217987 pb) 
launch --rwgt_name=neg_ww
INFO: detected model: EWdim6-full. Loading... 
Do you want to edit a card (press enter to bypass editing)?
/------------------------------------------------------------\
|  [31m1[0m. param : [32mparam_card.dat[0m                                 |
|  [31m9[0m. plot  : [32mplot_card.dat[0m                                  |
\------------------------------------------------------------/
 you can also
   - enter the path to a valid card or banner.
   - use the 'set' command to modify a parameter directly.
     The set option works only for param_card and run_card.
     Type 'help set' for more information on this command.
   - call an external program (ASperGE/MadWidth/...).
     Type 'help' for the list of available command
 [[4m0[0m, done, 1, param, 9, plot, enter path]
>INFO: starts to compute weight for events with the following modification to the param_card: 
INFO: set param_card dim6 2 6.608 # orig: 0.0
KEEP:set param_card dim6 5 -252.756 # orig: 0.0
KEEP: 
INFO: Event nb 0 current time: 08h34 
INFO: Event nb 10 current time: 08h34 
INFO: Event nb 20 current time: 08h34 
INFO: Event nb 30 current time: 08h34 
INFO: Event nb 40 current time: 08h34 
INFO: Event nb 50  0.023s  
INFO: Event nb 60  0.027s  
INFO: Event nb 70  0.032s  
INFO: Event nb 80  0.036s  
INFO: Event nb 90  0.041s  
INFO: Event nb 100  0.045s  
INFO: Event nb 200  0.077s  
INFO: Event nb 300  0.11s  
INFO: Event nb 400  0.14s  
INFO: Event nb 500  0.17s  
INFO: Event nb 600  0.2s  
INFO: Event nb 700  0.24s  
INFO: Event nb 800  0.27s  
INFO: Event nb 900  0.3s  
INFO: Event nb 1000  0.33s  
INFO: Event nb 2000  0.65s  
INFO: Event nb 3000  0.95s  
INFO: Event nb 4000  1.3s  
INFO: Event nb 5000  1.6s  
INFO: Event nb 6000  1.9s  
INFO: Event nb 7000  2.2s  
INFO: Event nb 8000  2.5s  
INFO: Event nb 9000  2.9s  
INFO: Event nb 10000  3.2s  
INFO: reducing number of print status. Next status update in 10000 events 
INFO: Event nb 20000  6.3s  
INFO: Event nb 30000  9.5s  
INFO: Event nb 40000  12.5s  
INFO: Event nb 50000  15.5s  
INFO: Event nb 60000  18.7s  
INFO: Event nb 70000  21.6s  
INFO: Event nb 80000  24.7s  
INFO: Event nb 90000  27.6s  
INFO: Event nb 100000  30.7s  
INFO: reducing number of print status. Next status update in 100000 events 
INFO: Event nb 200000  1m 1s  
INFO: Event nb 300000  1m 31s  
INFO: Event nb 400000  2m 1s  
INFO: Event nb 500000  2m 32s  
INFO: Event nb 600000  3m 3s  
INFO: Event nb 700000  3m 34s  
INFO: Event nb 800000  4m 4s  
INFO: Event nb 900000  4m 35s  
INFO: All event done  (nb_event: 1000000)  5m 6s  
INFO: Event ./processes/PROC_EWdim6_VBF_HAA/Events/basis_00_sm_part02/unweighted_events.lhe have now the additional weight 
INFO: new cross-section is : 0.0322957 pb (indicative error: 0.0221376 pb) 
launch --rwgt_name=w_ww
INFO: detected model: EWdim6-full. Loading... 
Do you want to edit a card (press enter to bypass editing)?
/------------------------------------------------------------\
|  [31m1[0m. param : [32mparam_card.dat[0m                                 |
|  [31m9[0m. plot  : [32mplot_card.dat[0m                                  |
\------------------------------------------------------------/
 you can also
   - enter the path to a valid card or banner.
   - use the 'set' command to modify a parameter directly.
     The set option works only for param_card and run_card.
     Type 'help set' for more information on this command.
   - call an external program (ASperGE/MadWidth/...).
     Type 'help' for the list of available command
 [[4m0[0m, done, 1, param, 9, plot, enter path]
>INFO: starts to compute weight for events with the following modification to the param_card: 
INFO: set param_card dim6 2 278.8576 # orig: 0.0
KEEP:set param_card dim6 5 246.974 # orig: 0.0
KEEP: 
INFO: Event nb 0 current time: 08h39 
INFO: Event nb 10 current time: 08h39 
INFO: Event nb 20 current time: 08h39 
INFO: Event nb 30 current time: 08h39 
INFO: Event nb 40 current time: 08h39 
INFO: Event nb 50  0.023s  
INFO: Event nb 60  0.028s  
INFO: Event nb 70  0.033s  
INFO: Event nb 80  0.038s  
INFO: Event nb 90  0.043s  
INFO: Event nb 100  0.048s  
INFO: Event nb 200  0.079s  
INFO: Event nb 300  0.11s  
INFO: Event nb 400  0.14s  
INFO: Event nb 500  0.17s  
INFO: Event nb 600  0.2s  
INFO: Event nb 700  0.24s  
INFO: Event nb 800  0.27s  
INFO: Event nb 900  0.3s  
INFO: Event nb 1000  0.33s  
INFO: Event nb 2000  0.64s  
INFO: Event nb 3000  0.98s  
INFO: Event nb 4000  1.3s  
INFO: Event nb 5000  1.6s  
INFO: Event nb 6000  1.9s  
INFO: Event nb 7000  2.2s  
INFO: Event nb 8000  2.5s  
INFO: Event nb 9000  2.9s  
INFO: Event nb 10000  3.2s  
INFO: reducing number of print status. Next status update in 10000 events 
INFO: Event nb 20000  6.2s  
INFO: Event nb 30000  9.3s  
INFO: Event nb 40000  12.7s  
INFO: Event nb 50000  16s  
INFO: Event nb 60000  19.1s  
INFO: Event nb 70000  22.1s  
INFO: Event nb 80000  25.2s  
INFO: Event nb 90000  28.3s  
INFO: Event nb 100000  31.3s  
INFO: reducing number of print status. Next status update in 100000 events 
INFO: Event nb 200000  1m 1s  
INFO: Event nb 300000  1m 32s  
INFO: Event nb 400000  2m 2s  
INFO: Event nb 500000  2m 35s  
INFO: Event nb 600000  3m 6s  
INFO: Event nb 700000  3m 37s  
INFO: Event nb 800000  4m 8s  
INFO: Event nb 900000  4m 40s  
INFO: All event done  (nb_event: 1000000)  5m 11s  
INFO: Event ./processes/PROC_EWdim6_VBF_HAA/Events/basis_00_sm_part02/unweighted_events.lhe have now the additional weight 
INFO: new cross-section is : 0.0638945 pb (indicative error: 0.0520595 pb) 
INFO: Original cross-section: 0.00066093 +- 1.6167e-07 pb (cross-section from sum of weights: 0.0006609299999973995) 
INFO: Computed cross-section: 
INFO: rwgt_1 : 0.0006609299999973995 +- 1.6167e-07 pb 
INFO: rwgt_2 : 0.027079104105939247 +- 0.03400512575356786 pb 
INFO: rwgt_3 : 0.03515381751936642 +- 0.035271194038962166 pb 
INFO: rwgt_4 : 0.03149045346750341 +- 0.021798674926014273 pb 
INFO: rwgt_5 : 0.032295741051491966 +- 0.022137610693689476 pb 
INFO: rwgt_6 : 0.06389453901788991 +- 0.05205948275090444 pb 
INFO: quit rwgt 
decay_events -from_cards
INFO: storing files of previous run 
gzipping output file: unweighted_events.lhe
INFO: Done 
quit
INFO:  
GDBus.Error:org.freedesktop.DBus.Error.ServiceUnknown: The name org.freedesktop.Notifications was not provided by any .service files
 no parameter matchingQNUMBERS 9000006_1                                                                                                                                                                                                                                                                                                                                                                                                                                                                                                                 0.0000000000000000     
 no parameter matchingQNUMBERS 9000006_2                                                                                                                                                                                                                                                                                                                                                                                                                                                                                                                 1.0000000000000000     
 no parameter matchingQNUMBERS 9000006_3                                                                                                                                                                                                                                                                                                                                                                                                                                                                                                                 1.0000000000000000     
 no parameter matchingQNUMBERS 9000006_4                                                                                                                                                                                                                                                                                                                                                                                                                                                                                                                 0.0000000000000000     
