$ bash -lc yes 0 | "./processes/PROC_EWdim6_VBF_HAA/bin/generate_events" "basis_00_sm_part04" -f

************************************************************
*                                                          *
*                      W E L C O M E to                    *
*             M A D G R A P H 5 _ a M C @ N L O            *
*                      M A D E V E N T                     *
*                                                          *
*                 *                       *                *
*                   *        * *        *                  *
*                     * * * * 5 * * * *                    *
*                   *        * *        *                  *
*                 *                       *                *
*                                                          *
*         VERSION 3.7.1                                    *
*                                                          *
*    The MadGraph5_aMC@NLO Development Team - Find us at   *
*    https://server06.fynu.ucl.ac.be/projects/madgraph     *
*                                                          *
*               Type 'help' for in-line help.              *
*                                                          *
************************************************************
INFO: load configuration from ./processes/PROC_EWdim6_VBF_HAA/Cards/me5_configuration.txt  
INFO: load configuration from external/MG5_aMC_v3_7_1/input/mg5_configuration.txt  
INFO: load configuration from ./processes/PROC_EWdim6_VBF_HAA/Cards/me5_configuration.txt  
Using default text editor "vi". Set another one in ./input/mg5_configuration.txt
No valid eps viewer found. Please set in ./input/mg5_configuration.txt
No valid web browser found. Please set in ./input/mg5_configuration.txt
Using default gzip "pigz". Set another one in ./input/mg5_configuration.txt
generate_events basis_00_sm_part04 -f
stty: 'standard input': Inappropriate ioctl for device
[1;34mvalue '[]' for entry 'bypass_check' is not valid. Preserving previous value: '[]'.
allowed values are any list composed of the following entries: partonshower[0m
Generating 1000000 events with run name basis_00_sm_part04
survey  basis_00_sm_part04 
INFO: compile directory 
[1;34mNot able to open file ./processes/PROC_EWdim6_VBF_HAA/crossx.html since no program configured.Please set one in ./input/mg5_configuration.txt[0m
compile Source Directory
Using random number seed offset = 46
INFO: Running Survey 
Creating Jobs
Working on SubProcesses
INFO: Compiling for process 1/1. 
INFO:     P1_qq_qqh_h_aa  
[1;34mWARNING: The optimizer detects that you have coupling evaluated to zero: 
GC_92 GC_93 GC_94 GC_117
This will slow down the computation. Please consider using restricted model:
https://answers.launchpad.net/mg5amcnlo/+faq/2312 [0m

  0%|          | 0/804 [00:00<?, ?it/s]
100%|██████████| 804/804 [00:00<00:00, 248158.10it/s]
INFO:     P1_qq_qqh_h_aa  
INFO:  Idle: 1,  Running: 0,  Completed: 0 [ current time: 00h07 ] 
INFO:  Idle: 0,  Running: 0,  Completed: 1 [  0.23s  ] 
INFO:  Idle: 0,  Running: 0,  Completed: 1 [  0.24s  ] 
INFO: End survey 
refine 1000000
Creating Jobs
INFO: Refine results to 1000000 
INFO: Generating 1000000.0 unweighted events. 
sum of cpu time of last step: 0 second
INFO: Effective Luminosity 1820747416.8146024 pb^-1 
INFO: need to improve 1 channels 
- Current estimate of cross-section: 0.00065907 +- 4.4527e-05
    P1_qq_qqh_h_aa 
INFO:  Idle: 114,  Running: 16,  Completed: 0 [ current time: 00h07 ] 
INFO:  Idle: 113,  Running: 16,  Completed: 1 [  37s  ] 
INFO:  Idle: 100,  Running: 16,  Completed: 14 [  40.6s  ] 
INFO:  Idle: 98,  Running: 16,  Completed: 16 [  44.3s  ] 
INFO:  Idle: 97,  Running: 16,  Completed: 17 [  1m 14s  ] 
INFO:  Idle: 93,  Running: 16,  Completed: 21 [  1m 18s  ] 
INFO:  Idle: 84,  Running: 16,  Completed: 30 [  1m 21s  ] 
INFO:  Idle: 83,  Running: 16,  Completed: 31 [  1m 25s  ] 
INFO:  Idle: 82,  Running: 16,  Completed: 32 [  1m 34s  ] 
INFO:  Idle: 81,  Running: 16,  Completed: 33 [  2m 6s  ] 
INFO:  Idle: 78,  Running: 16,  Completed: 36 [  2m 11s  ] 
INFO:  Idle: 75,  Running: 16,  Completed: 39 [  2m 14s  ] 
INFO:  Idle: 68,  Running: 16,  Completed: 46 [  2m 19s  ] 
INFO:  Idle: 67,  Running: 16,  Completed: 47 [  2m 39s  ] 
INFO:  Idle: 66,  Running: 16,  Completed: 48 [  2m 56s  ] 
INFO:  Idle: 63,  Running: 16,  Completed: 51 [  3m 4s  ] 
INFO:  Idle: 62,  Running: 16,  Completed: 52 [  3m 10s  ] 
INFO:  Idle: 57,  Running: 16,  Completed: 57 [  3m 14s  ] 
INFO:  Idle: 52,  Running: 16,  Completed: 62 [  3m 18s  ] 
INFO:  Idle: 51,  Running: 16,  Completed: 63 [  3m 41s  ] 
INFO:  Idle: 50,  Running: 16,  Completed: 64 [  3m 51s  ] 
INFO:  Idle: 49,  Running: 16,  Completed: 65 [  3m 58s  ] 
INFO:  Idle: 46,  Running: 16,  Completed: 68 [  4m 1s  ] 
INFO:  Idle: 42,  Running: 16,  Completed: 72 [  4m 11s  ] 
INFO:  Idle: 40,  Running: 16,  Completed: 74 [  4m 14s  ] 
INFO:  Idle: 35,  Running: 16,  Completed: 79 [  4m 29s  ] 
INFO:  Idle: 34,  Running: 16,  Completed: 80 [  4m 48s  ] 
INFO:  Idle: 33,  Running: 16,  Completed: 81 [  4m 58s  ] 
INFO:  Idle: 32,  Running: 16,  Completed: 82 [  5m 1s  ] 
INFO:  Idle: 31,  Running: 16,  Completed: 83 [  5m 7s  ] 
INFO:  Idle: 27,  Running: 16,  Completed: 87 [  5m 10s  ] 
INFO:  Idle: 25,  Running: 16,  Completed: 89 [  5m 13s  ] 
INFO:  Idle: 21,  Running: 16,  Completed: 93 [  5m 16s  ] 
INFO:  Idle: 20,  Running: 16,  Completed: 94 [  5m 38s  ] 
INFO:  Idle: 19,  Running: 16,  Completed: 95 [  5m 46s  ] 
INFO:  Idle: 18,  Running: 16,  Completed: 96 [  5m 51s  ] 
INFO:  Idle: 17,  Running: 16,  Completed: 97 [  6m 3s  ] 
INFO:  Idle: 10,  Running: 16,  Completed: 104 [  6m 7s  ] 
INFO:  Idle: 8,  Running: 16,  Completed: 106 [  6m 11s  ] 
INFO:  Idle: 4,  Running: 16,  Completed: 110 [  6m 41s  ] 
INFO:  Idle: 2,  Running: 16,  Completed: 112 [  6m 58s  ] 
INFO:  Idle: 1,  Running: 16,  Completed: 113 [  7m 2s  ] 
INFO:  Idle: 0,  Running: 15,  Completed: 115 [  7m 6s  ] 
INFO:  Idle: 0,  Running: 8,  Completed: 122 [  7m 10s  ] 
INFO:  Idle: 0,  Running: 6,  Completed: 124 [  7m 30s  ] 
INFO:  Idle: 0,  Running: 4,  Completed: 126 [  7m 42s  ] 
INFO:  Idle: 0,  Running: 0,  Completed: 130 [  7m 45s  ] 
INFO: Combining runs 
sum of cpu time of last step: 1h55m31s
INFO: finish refine 
refine 1000000 --treshold=0.9
No need for second refine due to stability of cross-section
INFO: Combining Events 
combination of events done in 159.88714790344238 s 
  === Results Summary for run: basis_00_sm_part04 tag: tag_1 ===

     Cross-section :   0.0006612 +- 2.132e-07 pb
     Nb of events :  1000000
 
INFO: No version of lhapdf. Can not run systematics computation 
store_events
INFO: Storing parton level results 
INFO: End Parton 
reweight -from_cards
INFO: Extracting the banner ... 
INFO: process: u d > u d h  
INFO: options: / a z QCD=0 QED=99 NP=2, h > a a QCD=0 QED=99 NP=0 
INFO: Running Reweighting 
launch --rwgt_name=sm
INFO: detected model: EWdim6-full. Loading... 
INFO: detected model: EWdim6-full. Loading... 
INFO: generating the square matrix element for reweighting 
INFO: generate u d > u d h / a z QCD=0 QED=99 NP=2, h > a a QCD=0 QED=99 NP=0 ; 
INFO: Done 2.003 
Do you want to edit a card (press enter to bypass editing)?
/------------------------------------------------------------\
|  [31m1[0m. param : [32mparam_card.dat[0m                                 |
|  [31m9[0m. plot  : [32mplot_card.dat[0m                                  |
\------------------------------------------------------------/
 you can also
   - enter the path to a valid card or banner.
   - use the 'set' command to modify a parameter directly.
     The set option works only for param_card and run_card.
     Type 'help set' for more information on this command.
   - call an external program (ASperGE/MadWidth/...).
     Type 'help' for the list of available command
 [[4m0[0m, done, 1, param, 9, plot, enter path]
>[1;34mWARNING:  REWEIGHTING: original card and new card are identical. [0m
INFO: starts to compute weight for events with the following modification to the param_card: 
INFO:  
INFO: Event nb 0 current time: 00h18 
INFO: Event nb 10 current time: 00h18 
INFO: Event nb 20 current time: 00h18 
INFO: Event nb 30 current time: 00h18 
INFO: Event nb 40  0.022s  
INFO: Event nb 50  0.026s  
INFO: Event nb 60  0.031s  
INFO: Event nb 70  0.034s  
INFO: Event nb 80  0.039s  
INFO: Event nb 90  0.042s  
INFO: Event nb 100  0.046s  
INFO: Event nb 200  0.073s  
INFO: Event nb 300  0.1s  
INFO: Event nb 400  0.13s  
INFO: Event nb 500  0.16s  
INFO: Event nb 600  0.19s  
INFO: Event nb 700  0.22s  
INFO: Event nb 800  0.24s  
INFO: Event nb 900  0.27s  
INFO: Event nb 1000  0.3s  
INFO: Event nb 2000  0.56s  
INFO: Event nb 3000  0.83s  
INFO: Event nb 4000  1.1s  
INFO: Event nb 5000  1.3s  
INFO: Event nb 6000  1.6s  
INFO: Event nb 7000  1.9s  
INFO: Event nb 8000  2.1s  
INFO: Event nb 9000  2.4s  
INFO: Event nb 10000  2.7s  
INFO: reducing number of print status. Next status update in 10000 events 
INFO: Event nb 20000  5.3s  
INFO: Event nb 30000  8s  
INFO: Event nb 40000  10.6s  
INFO: Event nb 50000  13.3s  
INFO: Event nb 60000  16s  
INFO: Event nb 70000  18.6s  
INFO: Event nb 80000  21.3s  
INFO: Event nb 90000  24s  
INFO: Event nb 100000  26.6s  
INFO: reducing number of print status. Next status update in 100000 events 
INFO: Event nb 200000  55.3s  
INFO: Event nb 300000  1m 24s  
INFO: Event nb 400000  1m 53s  
INFO: Event nb 500000  2m 22s  
INFO: Event nb 600000  2m 51s  
INFO: Event nb 700000  3m 18s  
INFO: Event nb 800000  3m 47s  
INFO: Event nb 900000  4m 16s  
INFO: All event done  (nb_event: 1000000)  4m 45s  
INFO: Event ./processes/PROC_EWdim6_VBF_HAA/Events/basis_00_sm_part04/unweighted_events.lhe have now the additional weight 
INFO: new cross-section is : 0.00066116 pb (indicative error: 2.1316e-07 pb) 
launch --rwgt_name=w
INFO: detected model: EWdim6-full. Loading... 
Do you want to edit a card (press enter to bypass editing)?
/------------------------------------------------------------\
|  [31m1[0m. param : [32mparam_card.dat[0m                                 |
|  [31m9[0m. plot  : [32mplot_card.dat[0m                                  |
\------------------------------------------------------------/
 you can also
   - enter the path to a valid card or banner.
   - use the 'set' command to modify a parameter directly.
     The set option works only for param_card and run_card.
     Type 'help set' for more information on this command.
   - call an external program (ASperGE/MadWidth/...).
     Type 'help' for the list of available command
 [[4m0[0m, done, 1, param, 9, plot, enter path]
>INFO: starts to compute weight for events with the following modification to the param_card: 
INFO: set param_card dim6 2 251.104 # orig: 0.0
KEEP:set param_card dim6 5 1.652 # orig: 0.0
KEEP: 
INFO: Event nb 0 current time: 00h23 
INFO: Event nb 10 current time: 00h23 
INFO: Event nb 20 current time: 00h23 
INFO: Event nb 30 current time: 00h23 
INFO: Event nb 40 current time: 00h23 
INFO: Event nb 50 current time: 00h23 
INFO: Event nb 60  0.023s  
INFO: Event nb 70  0.026s  
INFO: Event nb 80  0.03s  
INFO: Event nb 90  0.034s  
INFO: Event nb 100  0.038s  
INFO: Event nb 200  0.066s  
INFO: Event nb 300  0.095s  
INFO: Event nb 400  0.12s  
INFO: Event nb 500  0.15s  
INFO: Event nb 600  0.18s  
INFO: Event nb 700  0.21s  
INFO: Event nb 800  0.24s  
INFO: Event nb 900  0.27s  
INFO: Event nb 1000  0.3s  
INFO: Event nb 2000  0.59s  
INFO: Event nb 3000  0.87s  
INFO: Event nb 4000  1.1s  
INFO: Event nb 5000  1.4s  
INFO: Event nb 6000  1.7s  
INFO: Event nb 7000  2s  
INFO: Event nb 8000  2.3s  
INFO: Event nb 9000  2.5s  
INFO: Event nb 10000  2.8s  
INFO: reducing number of print status. Next status update in 10000 events 
INFO: Event nb 20000  5.7s  
INFO: Event nb 30000  8.4s  
INFO: Event nb 40000  11.2s  
INFO: Event nb 50000  14s  
INFO: Event nb 60000  16.9s  
INFO: Event nb 70000  21.5s  
INFO: Event nb 80000  24.3s  
INFO: Event nb 90000  27.1s  
INFO: Event nb 100000  29.9s  
INFO: reducing number of print status. Next status update in 100000 events 
INFO: Event nb 200000  59.4s  
INFO: Event nb 300000  1m 29s  
INFO: Event nb 400000  1m 57s  
INFO: Event nb 500000  2m 26s  
INFO: Event nb 600000  2m 56s  
INFO: Event nb 700000  3m 26s  
INFO: Event nb 800000  3m 56s  
INFO: Event nb 900000  4m 27s  
INFO: All event done  (nb_event: 1000000)  4m 57s  
INFO: Event ./processes/PROC_EWdim6_VBF_HAA/Events/basis_00_sm_part04/unweighted_events.lhe have now the additional weight 
INFO: new cross-section is : 0.0263705 pb (indicative error: 0.0222068 pb) 
launch --rwgt_name=neg_w
INFO: detected model: EWdim6-full. Loading... 
Do you want to edit a card (press enter to bypass editing)?
/------------------------------------------------------------\
|  [31m1[0m. param : [32mparam_card.dat[0m                                 |
|  [31m9[0m. plot  : [32mplot_card.dat[0m                                  |
\------------------------------------------------------------/
 you can also
   - enter the path to a valid card or banner.
   - use the 'set' command to modify a parameter directly.
     The set option works only for param_card and run_card.
     Type 'help set' for more information on this command.
   - call an external program (ASperGE/MadWidth/...).
     Type 'help' for the list of available command
 [[4m0[0m, done, 1, param, 9, plot, enter path]
>INFO: starts to compute weight for events with the following modification to the param_card: 
INFO: set param_card dim6 2 -254.408 # orig: 0.0
KEEP:set param_card dim6 5 3.304 # orig: 0.0
KEEP: 
INFO: Event nb 0 current time: 00h28 
INFO: Event nb 10 current time: 00h28 
INFO: Event nb 20 current time: 00h28 
INFO: Event nb 30 current time: 00h28 
INFO: Event nb 40 current time: 00h28 
INFO: Event nb 50  0.021s  
INFO: Event nb 60  0.026s  
INFO: Event nb 70  0.029s  
INFO: Event nb 80  0.034s  
INFO: Event nb 90  0.037s  
INFO: Event nb 100  0.041s  
INFO: Event nb 200  0.07s  
INFO: Event nb 300  0.099s  
INFO: Event nb 400  0.13s  
INFO: Event nb 500  0.16s  
INFO: Event nb 600  0.19s  
INFO: Event nb 700  0.22s  
INFO: Event nb 800  0.25s  
INFO: Event nb 900  0.27s  
INFO: Event nb 1000  0.33s  
INFO: Event nb 2000  0.6s  
INFO: Event nb 3000  0.91s  
INFO: Event nb 4000  1.2s  
INFO: Event nb 5000  1.5s  
INFO: Event nb 6000  1.8s  
INFO: Event nb 7000  2.2s  
INFO: Event nb 8000  2.5s  
INFO: Event nb 9000  2.8s  
INFO: Event nb 10000  3.2s  
INFO: reducing number of print status. Next status update in 10000 events 
INFO: Event nb 20000  6.3s  
INFO: Event nb 30000  9.3s  
INFO: Event nb 40000  12s  
INFO: Event nb 50000  14.8s  
INFO: Event nb 60000  17.6s  
INFO: Event nb 70000  20.4s  
INFO: Event nb 80000  23.3s  
INFO: Event nb 90000  26.1s  
INFO: Event nb 100000  30.8s  
INFO: reducing number of print status. Next status update in 100000 events 
INFO: Event nb 200000  58.9s  
INFO: Event nb 300000  1m 29s  
INFO: Event nb 400000  1m 59s  
INFO: Event nb 500000  2m 29s  
INFO: Event nb 600000  2m 59s  
INFO: Event nb 700000  3m 30s  
INFO: Event nb 800000  4m 0s  
INFO: Event nb 900000  4m 30s  
INFO: All event done  (nb_event: 1000000)  4m 58s  
INFO: Event ./processes/PROC_EWdim6_VBF_HAA/Events/basis_00_sm_part04/unweighted_events.lhe have now the additional weight 
INFO: new cross-section is : 0.0344343 pb (indicative error: 0.0231383 pb) 
launch --rwgt_name=ww
INFO: detected model: EWdim6-full. Loading... 
Do you want to edit a card (press enter to bypass editing)?
/------------------------------------------------------------\
|  [31m1[0m. param : [32mparam_card.dat[0m                                 |
|  [31m9[0m. plot  : [32mplot_card.dat[0m                                  |
\------------------------------------------------------------/
 you can also
   - enter the path to a valid card or banner.
   - use the 'set' command to modify a parameter directly.
     The set option works only for param_card and run_card.
     Type 'help set' for more information on this command.
   - call an external program (ASperGE/MadWidth/...).
     Type 'help' for the list of available command
 [[4m0[0m, done, 1, param, 9, plot, enter path]
>INFO: starts to compute weight for events with the following modification to the param_card: 
INFO: set param_card dim6 2 4.956 # orig: 0.0
KEEP:set param_card dim6 5 249.452 # orig: 0.0
KEEP: 
INFO: Event nb 0 current time: 00h33 
INFO: Event nb 10 current time: 00h33 
INFO: Event nb 20 current time: 00h33 
INFO: Event nb 30 current time: 00h33 
INFO: Event nb 40 current time: 00h33 
INFO: Event nb 50  0.021s  
INFO: Event nb 60  0.026s  
INFO: Event nb 70  0.03s  
INFO: Event nb 80  0.035s  
INFO: Event nb 90  0.039s  
INFO: Event nb 100  0.043s  
INFO: Event nb 200  0.075s  
INFO: Event nb 300  0.11s  
INFO: Event nb 400  0.14s  
INFO: Event nb 500  0.17s  
INFO: Event nb 600  0.21s  
INFO: Event nb 700  0.24s  
INFO: Event nb 800  0.27s  
INFO: Event nb 900  0.3s  
INFO: Event nb 1000  0.33s  
INFO: Event nb 2000  0.63s  
INFO: Event nb 3000  0.93s  
INFO: Event nb 4000  3.1s  
INFO: Event nb 5000  3.4s  
INFO: Event nb 6000  3.8s  
INFO: Event nb 7000  4.1s  
INFO: Event nb 8000  4.4s  
INFO: Event nb 9000  4.7s  
INFO: Event nb 10000  5s  
INFO: reducing number of print status. Next status update in 10000 events 
INFO: Event nb 20000  7.8s  
INFO: Event nb 30000  10.8s  
INFO: Event nb 40000  13.7s  
INFO: Event nb 50000  16.5s  
INFO: Event nb 60000  19.3s  
INFO: Event nb 70000  22.1s  
INFO: Event nb 80000  24.9s  
INFO: Event nb 90000  27.7s  
INFO: Event nb 100000  30.6s  
INFO: reducing number of print status. Next status update in 100000 events 
INFO: Event nb 200000  1m 0s  
INFO: Event nb 300000  1m 30s  
INFO: Event nb 400000  2m 1s  
INFO: Event nb 500000  2m 32s  
INFO: Event nb 600000  3m 2s  
INFO: Event nb 700000  3m 33s  
INFO: Event nb 800000  4m 4s  
INFO: Event nb 900000  4m 34s  
INFO: All event done  (nb_event: 1000000)  5m 5s  
INFO: Event ./processes/PROC_EWdim6_VBF_HAA/Events/basis_00_sm_part04/unweighted_events.lhe have now the additional weight 
INFO: new cross-section is : 0.0308835 pb (indicative error: 0.0161614 pb) 
launch --rwgt_name=neg_ww
INFO: detected model: EWdim6-full. Loading... 
Do you want to edit a card (press enter to bypass editing)?
/------------------------------------------------------------\
|  [31m1[0m. param : [32mparam_card.dat[0m                                 |
|  [31m9[0m. plot  : [32mplot_card.dat[0m                                  |
\------------------------------------------------------------/
 you can also
   - enter the path to a valid card or banner.
   - use the 'set' command to modify a parameter directly.
     The set option works only for param_card and run_card.
     Type 'help set' for more information on this command.
   - call an external program (ASperGE/MadWidth/...).
     Type 'help' for the list of available command
 [[4m0[0m, done, 1, param, 9, plot, enter path]
>INFO: starts to compute weight for events with the following modification to the param_card: 
INFO: set param_card dim6 2 6.608 # orig: 0.0
KEEP:set param_card dim6 5 -252.756 # orig: 0.0
KEEP: 
INFO: Event nb 0 current time: 00h38 
INFO: Event nb 10 current time: 00h38 
INFO: Event nb 20 current time: 00h38 
INFO: Event nb 30 current time: 00h38 
INFO: Event nb 40 current time: 00h38 
INFO: Event nb 50  0.021s  
INFO: Event nb 60  0.026s  
INFO: Event nb 70  0.03s  
INFO: Event nb 80  0.034s  
INFO: Event nb 90  0.038s  
INFO: Event nb 100  0.042s  
INFO: Event nb 200  0.073s  
INFO: Event nb 300  0.1s  
INFO: Event nb 400  0.13s  
INFO: Event nb 500  0.16s  
INFO: Event nb 600  0.2s  
INFO: Event nb 700  0.23s  
INFO: Event nb 800  0.26s  
INFO: Event nb 900  0.28s  
INFO: Event nb 1000  0.32s  
INFO: Event nb 2000  0.62s  
INFO: Event nb 3000  0.91s  
INFO: Event nb 4000  1.2s  
INFO: Event nb 5000  1.5s  
INFO: Event nb 6000  1.8s  
INFO: Event nb 7000  2.1s  
INFO: Event nb 8000  2.4s  
INFO: Event nb 9000  4.7s  
INFO: Event nb 10000  5s  
INFO: reducing number of print status. Next status update in 10000 events 
INFO: Event nb 20000  8s  
INFO: Event nb 30000  10.9s  
INFO: Event nb 40000  13.7s  
INFO: Event nb 50000  16.7s  
INFO: Event nb 60000  19.6s  
INFO: Event nb 70000  22.4s  
INFO: Event nb 80000  25.3s  
INFO: Event nb 90000  28.2s  
INFO: Event nb 100000  31.1s  
INFO: reducing number of print status. Next status update in 100000 events 
INFO: Event nb 200000  1m 1s  
INFO: Event nb 300000  1m 32s  
INFO: Event nb 400000  2m 3s  
INFO: Event nb 500000  2m 34s  
INFO: Event nb 600000  3m 5s  
INFO: Event nb 700000  3m 37s  
INFO: Event nb 800000  4m 7s  
INFO: Event nb 900000  4m 40s  
INFO: All event done  (nb_event: 1000000)  5m 9s  
INFO: Event ./processes/PROC_EWdim6_VBF_HAA/Events/basis_00_sm_part04/unweighted_events.lhe have now the additional weight 
INFO: new cross-section is : 0.0316821 pb (indicative error: 0.0167004 pb) 
launch --rwgt_name=w_ww
INFO: detected model: EWdim6-full. Loading... 
Do you want to edit a card (press enter to bypass editing)?
/------------------------------------------------------------\
|  [31m1[0m. param : [32mparam_card.dat[0m                                 |
|  [31m9[0m. plot  : [32mplot_card.dat[0m                                  |
\------------------------------------------------------------/
 you can also
   - enter the path to a valid card or banner.
   - use the 'set' command to modify a parameter directly.
     The set option works only for param_card and run_card.
     Type 'help set' for more information on this command.
   - call an external program (ASperGE/MadWidth/...).
     Type 'help' for the list of available command
 [[4m0[0m, done, 1, param, 9, plot, enter path]
>INFO: starts to compute weight for events with the following modification to the param_card: 
INFO: set param_card dim6 2 278.8576 # orig: 0.0
KEEP:set param_card dim6 5 246.974 # orig: 0.0
KEEP: 
INFO: Event nb 0 current time: 00h43 
INFO: Event nb 10 current time: 00h43 
INFO: Event nb 20  2s  
INFO: Event nb 30  2s  
INFO: Event nb 40  2s  
INFO: Event nb 50  2s  
INFO: Event nb 60  2s  
INFO: Event nb 70  2s  
INFO: Event nb 80  2s  
INFO: Event nb 90  2s  
INFO: Event nb 100  2s  
INFO: Event nb 200  2s  
INFO: Event nb 300  2.1s  
INFO: Event nb 400  2.1s  
INFO: Event nb 500  2.1s  
INFO: Event nb 600  2.1s  
INFO: Event nb 700  2.2s  
INFO: Event nb 800  2.2s  
INFO: Event nb 900  2.2s  
INFO: Event nb 1000  2.3s  
INFO: Event nb 2000  2.6s  
INFO: Event nb 3000  2.9s  
INFO: Event nb 4000  3.2s  
INFO: Event nb 5000  3.4s  
INFO: Event nb 6000  3.7s  
INFO: Event nb 7000  4.1s  
INFO: Event nb 8000  4.4s  
INFO: Event nb 9000  4.7s  
INFO: Event nb 10000  5s  
INFO: reducing number of print status. Next status update in 10000 events 
INFO: Event nb 20000  8s  
INFO: Event nb 30000  11s  
INFO: Event nb 40000  13.9s  
INFO: Event nb 50000  16.8s  
INFO: Event nb 60000  19.8s  
INFO: Event nb 70000  22.7s  
INFO: Event nb 80000  25.6s  
INFO: Event nb 90000  28.6s  
INFO: Event nb 100000  31.5s  
INFO: reducing number of print status. Next status update in 100000 events 
INFO: Event nb 200000  1m 2s  
INFO: Event nb 300000  1m 33s  
INFO: Event nb 400000  2m 5s  
INFO: Event nb 500000  2m 36s  
INFO: Event nb 600000  3m 8s  
INFO: Event nb 700000  3m 39s  
INFO: Event nb 800000  4m 11s  
INFO: Event nb 900000  4m 42s  
INFO: All event done  (nb_event: 1000000)  5m 13s  
INFO: Event ./processes/PROC_EWdim6_VBF_HAA/Events/basis_00_sm_part04/unweighted_events.lhe have now the additional weight 
INFO: new cross-section is : 0.062275 pb (indicative error: 0.0368727 pb) 
INFO: Original cross-section: 0.00066116 +- 2.1316e-07 pb (cross-section from sum of weights: 0.0006611600000097964) 
INFO: Computed cross-section: 
INFO: rwgt_1 : 0.0006611600000097964 +- 2.1316e-07 pb 
INFO: rwgt_2 : 0.0263705339773513 +- 0.02220675602888416 pb 
INFO: rwgt_3 : 0.03443432281862364 +- 0.023138327736992474 pb 
INFO: rwgt_4 : 0.03088349161569921 +- 0.016161387916764854 pb 
INFO: rwgt_5 : 0.031682115827863205 +- 0.016700412216692023 pb 
INFO: rwgt_6 : 0.06227504571458618 +- 0.03687266849839778 pb 
INFO: quit rwgt 
decay_events -from_cards
INFO: storing files of previous run 
gzipping output file: unweighted_events.lhe
INFO: Done 
quit
INFO:  
GDBus.Error:org.freedesktop.DBus.Error.ServiceUnknown: The name org.freedesktop.Notifications was not provided by any .service files
 no parameter matchingQNUMBERS 9000006_1                                                                                                                                                                                                                                                                                                                                                                                                                                                                                                                 0.0000000000000000     
 no parameter matchingQNUMBERS 9000006_2                                                                                                                                                                                                                                                                                                                                                                                                                                                                                                                 1.0000000000000000     
 no parameter matchingQNUMBERS 9000006_3                                                                                                                                                                                                                                                                                                                                                                                                                                                                                                                 1.0000000000000000     
 no parameter matchingQNUMBERS 9000006_4                                                                                                                                                                                                                                                                                                                                                                                                                                                                                                                 0.0000000000000000     
