$ bash -lc yes 0 | "./processes/PROC_EWdim6_VBF_HAA/bin/generate_events" "basis_00_sm_part04" -f

************************************************************
*                                                          *
*                      W E L C O M E to                    *
*             M A D G R A P H 5 _ a M C @ N L O            *
*                      M A D E V E N T                     *
*                                                          *
*                 *                       *                *
*                   *        * *        *                  *
*                     * * * * 5 * * * *                    *
*                   *        * *        *                  *
*                 *                       *                *
*                                                          *
*         VERSION 3.7.1                                    *
*                                                          *
*    The MadGraph5_aMC@NLO Development Team - Find us at   *
*    https://server06.fynu.ucl.ac.be/projects/madgraph     *
*                                                          *
*               Type 'help' for in-line help.              *
*                                                          *
************************************************************
INFO: load configuration from ./processes/PROC_EWdim6_VBF_HAA/Cards/me5_configuration.txt  
INFO: load configuration from external/MG5_aMC_v3_7_1/input/mg5_configuration.txt  
INFO: load configuration from ./processes/PROC_EWdim6_VBF_HAA/Cards/me5_configuration.txt  
Using default text editor "vi". Set another one in ./input/mg5_configuration.txt
No valid eps viewer found. Please set in ./input/mg5_configuration.txt
No valid web browser found. Please set in ./input/mg5_configuration.txt
Using default gzip "pigz". Set another one in ./input/mg5_configuration.txt
generate_events basis_00_sm_part04 -f
stty: 'standard input': Inappropriate ioctl for device
[1;34mvalue '[]' for entry 'bypass_check' is not valid. Preserving previous value: '[]'.
allowed values are any list composed of the following entries: partonshower[0m
Generating 1000000 events with run name basis_00_sm_part04
survey  basis_00_sm_part04 
INFO: compile directory 
[1;34mNot able to open file ./processes/PROC_EWdim6_VBF_HAA/crossx.html since no program configured.Please set one in ./input/mg5_configuration.txt[0m
compile Source Directory
Using random number seed offset = 46
INFO: Running Survey 
Creating Jobs
Working on SubProcesses
INFO: Compiling for process 1/1. 
INFO:     P1_qq_qqh_h_aa  
[1;34mWARNING: The optimizer detects that you have coupling evaluated to zero: 
GC_92 GC_93 GC_94 GC_117
This will slow down the computation. Please consider using restricted model:
https://answers.launchpad.net/mg5amcnlo/+faq/2312 [0m
INFO:     P1_qq_qqh_h_aa  
INFO:  Idle: 1,  Running: 0,  Completed: 0 [ current time: 09h28 ] 
INFO:  Idle: 0,  Running: 0,  Completed: 1 [  0.25s  ] 
INFO:  Idle: 0,  Running: 0,  Completed: 1 [  0.26s  ] 
INFO: End survey 
refine 1000000
Creating Jobs
INFO: Refine results to 1000000 
INFO: Generating 1000000.0 unweighted events. 
sum of cpu time of last step: 0 second
INFO: Effective Luminosity 1820747416.8146024 pb^-1 
INFO: need to improve 1 channels 
- Current estimate of cross-section: 0.00065907 +- 4.4527e-05
    P1_qq_qqh_h_aa 
INFO:  Idle: 114,  Running: 16,  Completed: 0 [ current time: 09h28 ] 
INFO:  Idle: 113,  Running: 16,  Completed: 1 [  36.5s  ] 
INFO:  Idle: 98,  Running: 16,  Completed: 16 [  42.7s  ] 
INFO:  Idle: 97,  Running: 16,  Completed: 17 [  1m 29s  ] 
INFO:  Idle: 83,  Running: 16,  Completed: 31 [  1m 32s  ] 
INFO:  Idle: 82,  Running: 16,  Completed: 32 [  1m 51s  ] 
INFO:  Idle: 81,  Running: 16,  Completed: 33 [  2m 11s  ] 
INFO:  Idle: 80,  Running: 16,  Completed: 34 [  2m 14s  ] 
INFO:  Idle: 79,  Running: 16,  Completed: 35 [  2m 19s  ] 
INFO:  Idle: 78,  Running: 16,  Completed: 36 [  2m 27s  ] 
INFO:  Idle: 68,  Running: 16,  Completed: 46 [  2m 30s  ] 
INFO:  Idle: 67,  Running: 16,  Completed: 47 [  2m 47s  ] 
INFO:  Idle: 66,  Running: 16,  Completed: 48 [  3m 15s  ] 
INFO:  Idle: 57,  Running: 16,  Completed: 57 [  3m 19s  ] 
INFO:  Idle: 55,  Running: 16,  Completed: 59 [  3m 26s  ] 
INFO:  Idle: 52,  Running: 16,  Completed: 62 [  3m 30s  ] 
INFO:  Idle: 51,  Running: 16,  Completed: 63 [  3m 52s  ] 
INFO:  Idle: 50,  Running: 16,  Completed: 64 [  4m 9s  ] 
INFO:  Idle: 49,  Running: 16,  Completed: 65 [  4m 18s  ] 
INFO:  Idle: 38,  Running: 16,  Completed: 76 [  4m 21s  ] 
INFO:  Idle: 36,  Running: 16,  Completed: 78 [  4m 24s  ] 
INFO:  Idle: 35,  Running: 16,  Completed: 79 [  4m 49s  ] 
INFO:  Idle: 34,  Running: 16,  Completed: 80 [  5m 5s  ] 
INFO:  Idle: 33,  Running: 16,  Completed: 81 [  5m 25s  ] 
INFO:  Idle: 21,  Running: 16,  Completed: 93 [  5m 29s  ] 
INFO:  Idle: 20,  Running: 16,  Completed: 94 [  5m 58s  ] 
INFO:  Idle: 19,  Running: 16,  Completed: 95 [  6m 1s  ] 
INFO:  Idle: 18,  Running: 16,  Completed: 96 [  6m 21s  ] 
INFO:  Idle: 16,  Running: 16,  Completed: 98 [  6m 24s  ] 
INFO:  Idle: 4,  Running: 16,  Completed: 110 [  7m 0s  ] 
INFO:  Idle: 2,  Running: 16,  Completed: 112 [  7m 24s  ] 
INFO:  Idle: 0,  Running: 7,  Completed: 123 [  7m 30s  ] 
INFO:  Idle: 0,  Running: 6,  Completed: 124 [  7m 56s  ] 
INFO:  Idle: 0,  Running: 4,  Completed: 126 [  8m 1s  ] 
INFO:  Idle: 0,  Running: 3,  Completed: 127 [  8m 7s  ] 
INFO:  Idle: 0,  Running: 2,  Completed: 128 [  8m 12s  ] 
INFO:  Idle: 0,  Running: 0,  Completed: 130 [  8m 13s  ] 
INFO: Combining runs 
sum of cpu time of last step: 1h57m57s
INFO: finish refine 
refine 1000000 --treshold=0.9
No need for second refine due to stability of cross-section
INFO: Combining Events 
combination of events done in 174.08944988250732 s 
  === Results Summary for run: basis_00_sm_part04 tag: tag_1 ===

     Cross-section :   0.0006612 +- 2.132e-07 pb
     Nb of events :  1000000
 
INFO: No version of lhapdf. Can not run systematics computation 
store_events
INFO: Storing parton level results 
INFO: End Parton 
reweight -from_cards
INFO: Extracting the banner ... 
INFO: process: u d > u d h  
INFO: options: / a z QCD=0 QED=99 NP=2, h > a a QCD=0 QED=99 NP=0 
INFO: Running Reweighting 
launch --rwgt_name=sm
INFO: detected model: EWdim6-full. Loading... 
INFO: detected model: EWdim6-full. Loading... 
INFO: generating the square matrix element for reweighting 
INFO: generate u d > u d h / a z QCD=0 QED=99 NP=2, h > a a QCD=0 QED=99 NP=0 ; 
