$ /home/raym0012/A3/Conda/miniconda3/bin/python /home/raym0012/Dis_Project/MadGraph_tutorial/eft_script_workflow/scripts/EFT_prepare_samples.py

Located generated LHE parts: {'sm': 5, 'w': 1, 'neg_w': 1, 'ww': 1, 'neg_ww': 1, 'w_ww': 1}
Configured cuts: {'min_jets': 2, 'min_photons': 2, 'min_pt_j1': 30.0, 'min_pt_j2': 30.0, 'max_abs_eta_j': 4.5, 'min_pt_a1': 35.0, 'min_pt_a2': 25.0, 'max_abs_eta_a': 2.5, 'm_aa_window': [122.0, 128.0], 'min_m_jj': 250.0, 'min_abs_delta_eta_jj': 2.0, 'opposite_hemisphere_jets': True, 'min_delta_r_jj': 0.4, 'min_delta_r_aa': 0.4, 'min_delta_r_ja': 0.4}
Active smearing rules: [('energy_resolution', 0.0, 0.05), ('eta_resolution', 0.02, 0.0), ('phi_resolution', 0.02, 0.0)]
Particle table output: disabled
Reading sm part 1/5 generated_lhe_archive/basis_00_sm_part01/unweighted_events.lhe.gz
sm part 1: parsed 100,000, accepted 16,494, total accepted 16,494
sm part 1: parsed 200,000, accepted 33,214, total accepted 33,214
sm part 1: parsed 300,000, accepted 49,847, total accepted 49,847
Flushed 50,000 accepted event rows to tables/end_to_end_events.csv
sm part 1: parsed 400,000, accepted 66,693, total accepted 66,693
sm part 1: parsed 500,000, accepted 83,353, total accepted 83,353
Flushed 50,000 accepted event rows to tables/end_to_end_events.csv
sm part 1: parsed 600,000, accepted 100,218, total accepted 100,218
sm part 1: parsed 700,000, accepted 116,898, total accepted 116,898
sm part 1: parsed 800,000, accepted 133,631, total accepted 133,631
Flushed 50,000 accepted event rows to tables/end_to_end_events.csv
sm part 1: parsed 900,000, accepted 150,380, total accepted 150,380
sm part 1: parsed 1,000,000, accepted 167,304, total accepted 167,304
Finished sm part 1: parsed 1,000,000, accepted 167,304, total accepted 167,304
Reading sm part 2/5 generated_lhe_archive/basis_00_sm_part02/unweighted_events.lhe.gz
sm part 2: parsed 100,000, accepted 16,758, total accepted 184,062
Flushed 50,000 accepted event rows to tables/end_to_end_events.csv
sm part 2: parsed 200,000, accepted 33,694, total accepted 200,998
sm part 2: parsed 300,000, accepted 50,492, total accepted 217,796
sm part 2: parsed 400,000, accepted 67,366, total accepted 234,670
Flushed 50,000 accepted event rows to tables/end_to_end_events.csv
sm part 2: parsed 500,000, accepted 84,131, total accepted 251,435
sm part 2: parsed 600,000, accepted 100,888, total accepted 268,192
sm part 2: parsed 700,000, accepted 117,755, total accepted 285,059
Flushed 50,000 accepted event rows to tables/end_to_end_events.csv
sm part 2: parsed 800,000, accepted 134,294, total accepted 301,598
sm part 2: parsed 900,000, accepted 151,128, total accepted 318,432
sm part 2: parsed 1,000,000, accepted 168,116, total accepted 335,420
Finished sm part 2: parsed 1,000,000, accepted 168,116, total accepted 335,420
Reading sm part 3/5 generated_lhe_archive/basis_00_sm_part03/unweighted_events.lhe.gz
Flushed 50,000 accepted event rows to tables/end_to_end_events.csv
sm part 3: parsed 100,000, accepted 16,798, total accepted 352,218
sm part 3: parsed 200,000, accepted 33,520, total accepted 368,940
sm part 3: parsed 300,000, accepted 50,046, total accepted 385,466
Flushed 50,000 accepted event rows to tables/end_to_end_events.csv
sm part 3: parsed 400,000, accepted 66,626, total accepted 402,046
sm part 3: parsed 500,000, accepted 83,488, total accepted 418,908
sm part 3: parsed 600,000, accepted 100,254, total accepted 435,674
Flushed 50,000 accepted event rows to tables/end_to_end_events.csv
sm part 3: parsed 700,000, accepted 117,011, total accepted 452,431
sm part 3: parsed 800,000, accepted 133,900, total accepted 469,320
sm part 3: parsed 900,000, accepted 150,729, total accepted 486,149
Flushed 50,000 accepted event rows to tables/end_to_end_events.csv
sm part 3: parsed 1,000,000, accepted 167,436, total accepted 502,856
Finished sm part 3: parsed 1,000,000, accepted 167,436, total accepted 502,856
Reading sm part 4/5 generated_lhe_archive/basis_00_sm_part04/unweighted_events.lhe.gz
sm part 4: parsed 100,000, accepted 16,845, total accepted 519,701
sm part 4: parsed 200,000, accepted 33,537, total accepted 536,393
Flushed 50,000 accepted event rows to tables/end_to_end_events.csv
sm part 4: parsed 300,000, accepted 50,483, total accepted 553,339
sm part 4: parsed 400,000, accepted 67,366, total accepted 570,222
sm part 4: parsed 500,000, accepted 84,116, total accepted 586,972
Flushed 50,000 accepted event rows to tables/end_to_end_events.csv
sm part 4: parsed 600,000, accepted 100,841, total accepted 603,697
sm part 4: parsed 700,000, accepted 117,576, total accepted 620,432
sm part 4: parsed 800,000, accepted 134,433, total accepted 637,289
Flushed 50,000 accepted event rows to tables/end_to_end_events.csv
sm part 4: parsed 900,000, accepted 151,117, total accepted 653,973
sm part 4: parsed 1,000,000, accepted 167,821, total accepted 670,677
Finished sm part 4: parsed 1,000,000, accepted 167,821, total accepted 670,677
Reading sm part 5/5 generated_lhe_archive/basis_00_sm_part05/unweighted_events.lhe.gz
sm part 5: parsed 100,000, accepted 16,925, total accepted 687,602
Flushed 50,000 accepted event rows to tables/end_to_end_events.csv
sm part 5: parsed 200,000, accepted 33,545, total accepted 704,222
sm part 5: parsed 300,000, accepted 50,254, total accepted 720,931
sm part 5: parsed 400,000, accepted 67,056, total accepted 737,733
Flushed 50,000 accepted event rows to tables/end_to_end_events.csv
sm part 5: parsed 500,000, accepted 83,695, total accepted 754,372
sm part 5: parsed 600,000, accepted 100,292, total accepted 770,969
sm part 5: parsed 700,000, accepted 116,889, total accepted 787,566
Flushed 50,000 accepted event rows to tables/end_to_end_events.csv
sm part 5: parsed 800,000, accepted 133,636, total accepted 804,313
sm part 5: parsed 900,000, accepted 150,195, total accepted 820,872
sm part 5: parsed 1,000,000, accepted 167,158, total accepted 837,835
Finished sm part 5: parsed 1,000,000, accepted 167,158, total accepted 837,835
Reading w part 1/1 generated_lhe_archive/basis_01_w/unweighted_events.lhe.gz
w part 1: parsed 100,000, accepted 10,141, total accepted 847,976
Flushed 50,000 accepted event rows to tables/end_to_end_events.csv
w part 1: parsed 200,000, accepted 20,253, total accepted 858,088
w part 1: parsed 300,000, accepted 30,471, total accepted 868,306
w part 1: parsed 400,000, accepted 40,510, total accepted 878,345
w part 1: parsed 500,000, accepted 50,656, total accepted 888,491
w part 1: parsed 600,000, accepted 60,575, total accepted 898,410
Flushed 50,000 accepted event rows to tables/end_to_end_events.csv
w part 1: parsed 700,000, accepted 70,755, total accepted 908,590
w part 1: parsed 800,000, accepted 80,769, total accepted 918,604
w part 1: parsed 900,000, accepted 90,938, total accepted 928,773
w part 1: parsed 1,000,000, accepted 101,099, total accepted 938,934
Finished w part 1: parsed 1,000,000, accepted 101,099, total accepted 938,934
Reading neg_w part 1/1 generated_lhe_archive/basis_02_neg_w/unweighted_events.lhe.gz
Flushed 50,000 accepted event rows to tables/end_to_end_events.csv
neg_w part 1: parsed 100,000, accepted 11,709, total accepted 950,643
neg_w part 1: parsed 200,000, accepted 23,466, total accepted 962,400
neg_w part 1: parsed 300,000, accepted 35,119, total accepted 974,053
neg_w part 1: parsed 400,000, accepted 46,761, total accepted 985,695
neg_w part 1: parsed 500,000, accepted 58,388, total accepted 997,322
Flushed 50,000 accepted event rows to tables/end_to_end_events.csv
neg_w part 1: parsed 600,000, accepted 70,013, total accepted 1,008,947
neg_w part 1: parsed 700,000, accepted 81,711, total accepted 1,020,645
Finished neg_w part 1: parsed 729,120, accepted 85,142, total accepted 1,024,076
Reading ww part 1/1 generated_lhe_archive/basis_03_ww/unweighted_events.lhe.gz
ww part 1: parsed 100,000, accepted 10,690, total accepted 1,034,766
ww part 1: parsed 200,000, accepted 21,447, total accepted 1,045,523
Flushed 50,000 accepted event rows to tables/end_to_end_events.csv
ww part 1: parsed 300,000, accepted 32,253, total accepted 1,056,329
ww part 1: parsed 400,000, accepted 42,943, total accepted 1,067,019
ww part 1: parsed 500,000, accepted 53,575, total accepted 1,077,651
ww part 1: parsed 600,000, accepted 64,246, total accepted 1,088,322
ww part 1: parsed 700,000, accepted 74,924, total accepted 1,099,000
Flushed 50,000 accepted event rows to tables/end_to_end_events.csv
ww part 1: parsed 800,000, accepted 85,570, total accepted 1,109,646
ww part 1: parsed 900,000, accepted 96,509, total accepted 1,120,585
ww part 1: parsed 1,000,000, accepted 107,221, total accepted 1,131,297
Finished ww part 1: parsed 1,000,000, accepted 107,221, total accepted 1,131,297
Reading neg_ww part 1/1 generated_lhe_archive/basis_04_neg_ww/unweighted_events.lhe.gz
neg_ww part 1: parsed 100,000, accepted 10,706, total accepted 1,142,003
Flushed 50,000 accepted event rows to tables/end_to_end_events.csv
neg_ww part 1: parsed 200,000, accepted 21,344, total accepted 1,152,641
neg_ww part 1: parsed 300,000, accepted 32,003, total accepted 1,163,300
neg_ww part 1: parsed 400,000, accepted 42,704, total accepted 1,174,001
neg_ww part 1: parsed 500,000, accepted 53,318, total accepted 1,184,615
neg_ww part 1: parsed 600,000, accepted 64,009, total accepted 1,195,306
Flushed 50,000 accepted event rows to tables/end_to_end_events.csv
neg_ww part 1: parsed 700,000, accepted 74,758, total accepted 1,206,055
neg_ww part 1: parsed 800,000, accepted 85,354, total accepted 1,216,651
neg_ww part 1: parsed 900,000, accepted 96,174, total accepted 1,227,471
neg_ww part 1: parsed 1,000,000, accepted 106,719, total accepted 1,238,016
Finished neg_ww part 1: parsed 1,000,000, accepted 106,719, total accepted 1,238,016
Reading w_ww part 1/1 generated_lhe_archive/basis_05_w_ww/unweighted_events.lhe.gz
w_ww part 1: parsed 100,000, accepted 10,350, total accepted 1,248,366
Flushed 50,000 accepted event rows to tables/end_to_end_events.csv
w_ww part 1: parsed 200,000, accepted 20,720, total accepted 1,258,736
w_ww part 1: parsed 300,000, accepted 31,244, total accepted 1,269,260
w_ww part 1: parsed 400,000, accepted 41,548, total accepted 1,279,564
w_ww part 1: parsed 500,000, accepted 51,927, total accepted 1,289,943
Flushed 50,000 accepted event rows to tables/end_to_end_events.csv
w_ww part 1: parsed 600,000, accepted 62,376, total accepted 1,300,392
w_ww part 1: parsed 700,000, accepted 72,888, total accepted 1,310,904
w_ww part 1: parsed 800,000, accepted 83,210, total accepted 1,321,226
w_ww part 1: parsed 900,000, accepted 93,570, total accepted 1,331,586
w_ww part 1: parsed 1,000,000, accepted 103,984, total accepted 1,342,000
Finished w_ww part 1: parsed 1,000,000, accepted 103,984, total accepted 1,342,000
Flushed 42,000 accepted event rows to tables/end_to_end_events.csv
Accepted events: 1,342,000
   event_id source_benchmark  ...      w_neg_ww        w_w_ww
0         0               sm  ...  2.194528e-09  3.454406e-09
1         1               sm  ...  7.039933e-09  3.141144e-09
2         2               sm  ...  4.822707e-09  1.318470e-08
3         3               sm  ...  1.784314e-09  4.754526e-11
4         4               sm  ...  2.164971e-09  2.613141e-10

[5 rows x 38 columns]
Morphing basis condition number: 9.07
Reference sigma: 1.1082337435599674e-10
Benchmark sigma estimates: {'sm': '1.108234e-10', 'w': '2.683471e-09', 'neg_w': '4.021801e-09', 'ww': '3.370707e-09', 'neg_ww': '3.443075e-09', 'w_ww': '6.578340e-09'}
Accepted-event mixture fractions: {'sm': np.float64(0.6243), 'w': np.float64(0.0753), 'neg_w': np.float64(0.0634), 'ww': np.float64(0.0799), 'neg_ww': np.float64(0.0795), 'w_ww': np.float64(0.0775)}
Sample-size mode: paper_parameterized_morphing
Generated-event budgets: {'sm': 5000000, 'w': 1000000, 'neg_w': 1000000, 'ww': 1000000, 'neg_ww': 1000000, 'w_ww': 1000000}
Augmented ratio row requests: {'train': 10000000, 'validation': 50000, 'test': 50000}
Augmented local row requests: {'train': 10000000, 'validation': 50000, 'test': 50000}
Sample write chunk size: 200000
Building train ratio sample: 10,000,000 rows from 939,400 base events
train sample_train_ratio_like: candidate 249,604, kept 200,000/200,000 after attempt 1
Wrote ratio_train.csv chunk 1: 200,000 rows (200,000/10,000,000)
train sample_train_ratio_like: candidate 249,548, kept 200,000/200,000 after attempt 1
Wrote ratio_train.csv chunk 2: 200,000 rows (400,000/10,000,000)
train sample_train_ratio_like: candidate 249,558, kept 200,000/200,000 after attempt 1
Wrote ratio_train.csv chunk 3: 200,000 rows (600,000/10,000,000)
train sample_train_ratio_like: candidate 249,618, kept 200,000/200,000 after attempt 1
Wrote ratio_train.csv chunk 4: 200,000 rows (800,000/10,000,000)
train sample_train_ratio_like: candidate 249,530, kept 200,000/200,000 after attempt 1
Wrote ratio_train.csv chunk 5: 200,000 rows (1,000,000/10,000,000)
train sample_train_ratio_like: candidate 249,512, kept 200,000/200,000 after attempt 1
Wrote ratio_train.csv chunk 6: 200,000 rows (1,200,000/10,000,000)
train sample_train_ratio_like: candidate 249,512, kept 200,000/200,000 after attempt 1
Wrote ratio_train.csv chunk 7: 200,000 rows (1,400,000/10,000,000)
train sample_train_ratio_like: candidate 249,550, kept 200,000/200,000 after attempt 1
Wrote ratio_train.csv chunk 8: 200,000 rows (1,600,000/10,000,000)
train sample_train_ratio_like: candidate 249,468, kept 200,000/200,000 after attempt 1
Wrote ratio_train.csv chunk 9: 200,000 rows (1,800,000/10,000,000)
train sample_train_ratio_like: candidate 249,508, kept 200,000/200,000 after attempt 1
Wrote ratio_train.csv chunk 10: 200,000 rows (2,000,000/10,000,000)
train sample_train_ratio_like: candidate 249,576, kept 200,000/200,000 after attempt 1
Wrote ratio_train.csv chunk 11: 200,000 rows (2,200,000/10,000,000)
train sample_train_ratio_like: candidate 249,468, kept 200,000/200,000 after attempt 1
Wrote ratio_train.csv chunk 12: 200,000 rows (2,400,000/10,000,000)
train sample_train_ratio_like: candidate 249,560, kept 200,000/200,000 after attempt 1
Wrote ratio_train.csv chunk 13: 200,000 rows (2,600,000/10,000,000)
train sample_train_ratio_like: candidate 249,536, kept 200,000/200,000 after attempt 1
Wrote ratio_train.csv chunk 14: 200,000 rows (2,800,000/10,000,000)
train sample_train_ratio_like: candidate 249,526, kept 200,000/200,000 after attempt 1
Wrote ratio_train.csv chunk 15: 200,000 rows (3,000,000/10,000,000)
train sample_train_ratio_like: candidate 249,550, kept 200,000/200,000 after attempt 1
Wrote ratio_train.csv chunk 16: 200,000 rows (3,200,000/10,000,000)
train sample_train_ratio_like: candidate 249,494, kept 200,000/200,000 after attempt 1
Wrote ratio_train.csv chunk 17: 200,000 rows (3,400,000/10,000,000)
train sample_train_ratio_like: candidate 249,458, kept 200,000/200,000 after attempt 1
Wrote ratio_train.csv chunk 18: 200,000 rows (3,600,000/10,000,000)
train sample_train_ratio_like: candidate 249,490, kept 200,000/200,000 after attempt 1
Wrote ratio_train.csv chunk 19: 200,000 rows (3,800,000/10,000,000)
train sample_train_ratio_like: candidate 249,524, kept 200,000/200,000 after attempt 1
Wrote ratio_train.csv chunk 20: 200,000 rows (4,000,000/10,000,000)
train sample_train_ratio_like: candidate 249,564, kept 200,000/200,000 after attempt 1
Wrote ratio_train.csv chunk 21: 200,000 rows (4,200,000/10,000,000)
train sample_train_ratio_like: candidate 249,548, kept 200,000/200,000 after attempt 1
Wrote ratio_train.csv chunk 22: 200,000 rows (4,400,000/10,000,000)
train sample_train_ratio_like: candidate 249,542, kept 200,000/200,000 after attempt 1
Wrote ratio_train.csv chunk 23: 200,000 rows (4,600,000/10,000,000)
train sample_train_ratio_like: candidate 249,590, kept 200,000/200,000 after attempt 1
Wrote ratio_train.csv chunk 24: 200,000 rows (4,800,000/10,000,000)
train sample_train_ratio_like: candidate 249,560, kept 200,000/200,000 after attempt 1
Wrote ratio_train.csv chunk 25: 200,000 rows (5,000,000/10,000,000)
train sample_train_ratio_like: candidate 249,500, kept 200,000/200,000 after attempt 1
Wrote ratio_train.csv chunk 26: 200,000 rows (5,200,000/10,000,000)
train sample_train_ratio_like: candidate 249,530, kept 200,000/200,000 after attempt 1
Wrote ratio_train.csv chunk 27: 200,000 rows (5,400,000/10,000,000)
train sample_train_ratio_like: candidate 249,548, kept 200,000/200,000 after attempt 1
Wrote ratio_train.csv chunk 28: 200,000 rows (5,600,000/10,000,000)
train sample_train_ratio_like: candidate 249,500, kept 200,000/200,000 after attempt 1
Wrote ratio_train.csv chunk 29: 200,000 rows (5,800,000/10,000,000)
train sample_train_ratio_like: candidate 249,506, kept 200,000/200,000 after attempt 1
Wrote ratio_train.csv chunk 30: 200,000 rows (6,000,000/10,000,000)
train sample_train_ratio_like: candidate 249,532, kept 200,000/200,000 after attempt 1
Wrote ratio_train.csv chunk 31: 200,000 rows (6,200,000/10,000,000)
train sample_train_ratio_like: candidate 249,596, kept 200,000/200,000 after attempt 1
Wrote ratio_train.csv chunk 32: 200,000 rows (6,400,000/10,000,000)
train sample_train_ratio_like: candidate 249,522, kept 200,000/200,000 after attempt 1
Wrote ratio_train.csv chunk 33: 200,000 rows (6,600,000/10,000,000)
train sample_train_ratio_like: candidate 249,570, kept 200,000/200,000 after attempt 1
Wrote ratio_train.csv chunk 34: 200,000 rows (6,800,000/10,000,000)
train sample_train_ratio_like: candidate 249,506, kept 200,000/200,000 after attempt 1
Wrote ratio_train.csv chunk 35: 200,000 rows (7,000,000/10,000,000)
train sample_train_ratio_like: candidate 249,608, kept 200,000/200,000 after attempt 1
Wrote ratio_train.csv chunk 36: 200,000 rows (7,200,000/10,000,000)
train sample_train_ratio_like: candidate 249,598, kept 200,000/200,000 after attempt 1
Wrote ratio_train.csv chunk 37: 200,000 rows (7,400,000/10,000,000)
train sample_train_ratio_like: candidate 249,560, kept 200,000/200,000 after attempt 1
Wrote ratio_train.csv chunk 38: 200,000 rows (7,600,000/10,000,000)
train sample_train_ratio_like: candidate 249,572, kept 200,000/200,000 after attempt 1
Wrote ratio_train.csv chunk 39: 200,000 rows (7,800,000/10,000,000)
train sample_train_ratio_like: candidate 249,506, kept 200,000/200,000 after attempt 1
Wrote ratio_train.csv chunk 40: 200,000 rows (8,000,000/10,000,000)
train sample_train_ratio_like: candidate 249,592, kept 200,000/200,000 after attempt 1
Wrote ratio_train.csv chunk 41: 200,000 rows (8,200,000/10,000,000)
train sample_train_ratio_like: candidate 249,502, kept 200,000/200,000 after attempt 1
Wrote ratio_train.csv chunk 42: 200,000 rows (8,400,000/10,000,000)
train sample_train_ratio_like: candidate 249,538, kept 200,000/200,000 after attempt 1
Wrote ratio_train.csv chunk 43: 200,000 rows (8,600,000/10,000,000)
train sample_train_ratio_like: candidate 249,564, kept 200,000/200,000 after attempt 1
Wrote ratio_train.csv chunk 44: 200,000 rows (8,800,000/10,000,000)
train sample_train_ratio_like: candidate 249,576, kept 200,000/200,000 after attempt 1
Wrote ratio_train.csv chunk 45: 200,000 rows (9,000,000/10,000,000)
train sample_train_ratio_like: candidate 249,582, kept 200,000/200,000 after attempt 1
Wrote ratio_train.csv chunk 46: 200,000 rows (9,200,000/10,000,000)
train sample_train_ratio_like: candidate 249,514, kept 200,000/200,000 after attempt 1
Wrote ratio_train.csv chunk 47: 200,000 rows (9,400,000/10,000,000)
train sample_train_ratio_like: candidate 249,502, kept 200,000/200,000 after attempt 1
Wrote ratio_train.csv chunk 48: 200,000 rows (9,600,000/10,000,000)
train sample_train_ratio_like: candidate 249,538, kept 200,000/200,000 after attempt 1
Wrote ratio_train.csv chunk 49: 200,000 rows (9,800,000/10,000,000)
train sample_train_ratio_like: candidate 249,578, kept 200,000/200,000 after attempt 1
Wrote ratio_train.csv chunk 50: 200,000 rows (10,000,000/10,000,000)
Building train local-score sample: 10,000,000 rows from 586,866 base events
train sample_train_local_like: candidate 249,966, kept 200,000/200,000 after attempt 1
Wrote local_train.csv chunk 1: 200,000 rows (200,000/10,000,000)
train sample_train_local_like: candidate 249,970, kept 200,000/200,000 after attempt 1
Wrote local_train.csv chunk 2: 200,000 rows (400,000/10,000,000)
train sample_train_local_like: candidate 249,971, kept 200,000/200,000 after attempt 1
Wrote local_train.csv chunk 3: 200,000 rows (600,000/10,000,000)
train sample_train_local_like: candidate 249,975, kept 200,000/200,000 after attempt 1
Wrote local_train.csv chunk 4: 200,000 rows (800,000/10,000,000)
train sample_train_local_like: candidate 249,963, kept 200,000/200,000 after attempt 1
Wrote local_train.csv chunk 5: 200,000 rows (1,000,000/10,000,000)
train sample_train_local_like: candidate 249,973, kept 200,000/200,000 after attempt 1
Wrote local_train.csv chunk 6: 200,000 rows (1,200,000/10,000,000)
train sample_train_local_like: candidate 249,969, kept 200,000/200,000 after attempt 1
Wrote local_train.csv chunk 7: 200,000 rows (1,400,000/10,000,000)
train sample_train_local_like: candidate 249,974, kept 200,000/200,000 after attempt 1
Wrote local_train.csv chunk 8: 200,000 rows (1,600,000/10,000,000)
train sample_train_local_like: candidate 249,974, kept 200,000/200,000 after attempt 1
Wrote local_train.csv chunk 9: 200,000 rows (1,800,000/10,000,000)
train sample_train_local_like: candidate 249,977, kept 200,000/200,000 after attempt 1
Wrote local_train.csv chunk 10: 200,000 rows (2,000,000/10,000,000)
train sample_train_local_like: candidate 249,973, kept 200,000/200,000 after attempt 1
Wrote local_train.csv chunk 11: 200,000 rows (2,200,000/10,000,000)
train sample_train_local_like: candidate 249,965, kept 200,000/200,000 after attempt 1
Wrote local_train.csv chunk 12: 200,000 rows (2,400,000/10,000,000)
train sample_train_local_like: candidate 249,976, kept 200,000/200,000 after attempt 1
Wrote local_train.csv chunk 13: 200,000 rows (2,600,000/10,000,000)
train sample_train_local_like: candidate 249,973, kept 200,000/200,000 after attempt 1
Wrote local_train.csv chunk 14: 200,000 rows (2,800,000/10,000,000)
train sample_train_local_like: candidate 249,972, kept 200,000/200,000 after attempt 1
Wrote local_train.csv chunk 15: 200,000 rows (3,000,000/10,000,000)
train sample_train_local_like: candidate 249,974, kept 200,000/200,000 after attempt 1
Wrote local_train.csv chunk 16: 200,000 rows (3,200,000/10,000,000)
train sample_train_local_like: candidate 249,974, kept 200,000/200,000 after attempt 1
Wrote local_train.csv chunk 17: 200,000 rows (3,400,000/10,000,000)
train sample_train_local_like: candidate 249,973, kept 200,000/200,000 after attempt 1
Wrote local_train.csv chunk 18: 200,000 rows (3,600,000/10,000,000)
train sample_train_local_like: candidate 249,977, kept 200,000/200,000 after attempt 1
Wrote local_train.csv chunk 19: 200,000 rows (3,800,000/10,000,000)
train sample_train_local_like: candidate 249,982, kept 200,000/200,000 after attempt 1
Wrote local_train.csv chunk 20: 200,000 rows (4,000,000/10,000,000)
train sample_train_local_like: candidate 249,975, kept 200,000/200,000 after attempt 1
Wrote local_train.csv chunk 21: 200,000 rows (4,200,000/10,000,000)
train sample_train_local_like: candidate 249,983, kept 200,000/200,000 after attempt 1
Wrote local_train.csv chunk 22: 200,000 rows (4,400,000/10,000,000)
train sample_train_local_like: candidate 249,977, kept 200,000/200,000 after attempt 1
Wrote local_train.csv chunk 23: 200,000 rows (4,600,000/10,000,000)
train sample_train_local_like: candidate 249,983, kept 200,000/200,000 after attempt 1
Wrote local_train.csv chunk 24: 200,000 rows (4,800,000/10,000,000)
train sample_train_local_like: candidate 249,977, kept 200,000/200,000 after attempt 1
Wrote local_train.csv chunk 25: 200,000 rows (5,000,000/10,000,000)
train sample_train_local_like: candidate 249,976, kept 200,000/200,000 after attempt 1
Wrote local_train.csv chunk 26: 200,000 rows (5,200,000/10,000,000)
train sample_train_local_like: candidate 249,980, kept 200,000/200,000 after attempt 1
Wrote local_train.csv chunk 27: 200,000 rows (5,400,000/10,000,000)
train sample_train_local_like: candidate 249,978, kept 200,000/200,000 after attempt 1
Wrote local_train.csv chunk 28: 200,000 rows (5,600,000/10,000,000)
train sample_train_local_like: candidate 249,980, kept 200,000/200,000 after attempt 1
Wrote local_train.csv chunk 29: 200,000 rows (5,800,000/10,000,000)
train sample_train_local_like: candidate 249,984, kept 200,000/200,000 after attempt 1
Wrote local_train.csv chunk 30: 200,000 rows (6,000,000/10,000,000)
train sample_train_local_like: candidate 249,978, kept 200,000/200,000 after attempt 1
Wrote local_train.csv chunk 31: 200,000 rows (6,200,000/10,000,000)
train sample_train_local_like: candidate 249,974, kept 200,000/200,000 after attempt 1
Wrote local_train.csv chunk 32: 200,000 rows (6,400,000/10,000,000)
train sample_train_local_like: candidate 249,983, kept 200,000/200,000 after attempt 1
Wrote local_train.csv chunk 33: 200,000 rows (6,600,000/10,000,000)
train sample_train_local_like: candidate 249,975, kept 200,000/200,000 after attempt 1
Wrote local_train.csv chunk 34: 200,000 rows (6,800,000/10,000,000)
train sample_train_local_like: candidate 249,971, kept 200,000/200,000 after attempt 1
Wrote local_train.csv chunk 35: 200,000 rows (7,000,000/10,000,000)
train sample_train_local_like: candidate 249,975, kept 200,000/200,000 after attempt 1
Wrote local_train.csv chunk 36: 200,000 rows (7,200,000/10,000,000)
train sample_train_local_like: candidate 249,974, kept 200,000/200,000 after attempt 1
Wrote local_train.csv chunk 37: 200,000 rows (7,400,000/10,000,000)
train sample_train_local_like: candidate 249,966, kept 200,000/200,000 after attempt 1
Wrote local_train.csv chunk 38: 200,000 rows (7,600,000/10,000,000)
train sample_train_local_like: candidate 249,974, kept 200,000/200,000 after attempt 1
Wrote local_train.csv chunk 39: 200,000 rows (7,800,000/10,000,000)
train sample_train_local_like: candidate 249,966, kept 200,000/200,000 after attempt 1
Wrote local_train.csv chunk 40: 200,000 rows (8,000,000/10,000,000)
train sample_train_local_like: candidate 249,973, kept 200,000/200,000 after attempt 1
Wrote local_train.csv chunk 41: 200,000 rows (8,200,000/10,000,000)
train sample_train_local_like: candidate 249,974, kept 200,000/200,000 after attempt 1
Wrote local_train.csv chunk 42: 200,000 rows (8,400,000/10,000,000)
train sample_train_local_like: candidate 249,975, kept 200,000/200,000 after attempt 1
Wrote local_train.csv chunk 43: 200,000 rows (8,600,000/10,000,000)
train sample_train_local_like: candidate 249,972, kept 200,000/200,000 after attempt 1
Wrote local_train.csv chunk 44: 200,000 rows (8,800,000/10,000,000)
train sample_train_local_like: candidate 249,972, kept 200,000/200,000 after attempt 1
Wrote local_train.csv chunk 45: 200,000 rows (9,000,000/10,000,000)
train sample_train_local_like: candidate 249,978, kept 200,000/200,000 after attempt 1
Wrote local_train.csv chunk 46: 200,000 rows (9,200,000/10,000,000)
train sample_train_local_like: candidate 249,983, kept 200,000/200,000 after attempt 1
Wrote local_train.csv chunk 47: 200,000 rows (9,400,000/10,000,000)
train sample_train_local_like: candidate 249,974, kept 200,000/200,000 after attempt 1
Wrote local_train.csv chunk 48: 200,000 rows (9,600,000/10,000,000)
train sample_train_local_like: candidate 249,978, kept 200,000/200,000 after attempt 1
Wrote local_train.csv chunk 49: 200,000 rows (9,800,000/10,000,000)
train sample_train_local_like: candidate 249,977, kept 200,000/200,000 after attempt 1
Wrote local_train.csv chunk 50: 200,000 rows (10,000,000/10,000,000)
Finished train: ratio=10,000,000, local=10,000,000
Building validation ratio sample: 50,000 rows from 201,300 base events
validation sample_train_ratio_like: candidate 62,402, kept 50,000/50,000 after attempt 1
Wrote ratio_validation.csv chunk 1: 50,000 rows (50,000/50,000)
Building validation local-score sample: 50,000 rows from 125,479 base events
validation sample_train_local_like: candidate 62,495, kept 50,000/50,000 after attempt 1
Wrote local_validation.csv chunk 1: 50,000 rows (50,000/50,000)
Finished validation: ratio=50,000, local=50,000
Building test ratio sample: 50,000 rows from 201,300 base events
test sample_train_ratio_like: candidate 62,376, kept 50,000/50,000 after attempt 1
Wrote ratio_test.csv chunk 1: 50,000 rows (50,000/50,000)
Building test local-score sample: 50,000 rows from 125,490 base events
test sample_train_local_like: candidate 62,495, kept 50,000/50,000 after attempt 1
Wrote local_test.csv chunk 1: 50,000 rows (50,000/50,000)
Finished test: ratio=50,000, local=50,000
        split  base_accepted_events  ...  unique_ratio_events  unique_local_events
0       train                939400  ...               939349               583733
1  validation                201300  ...                44117                40738
2        test                201300  ...                44126                40775

[3 rows x 10 columns]
  benchmark  generated_events_requested
0        sm                     5000000
1         w                     1000000
2     neg_w                     1000000
3        ww                     1000000
4    neg_ww                     1000000
5      w_ww                     1000000
