$ /home/raym0012/A3/Conda/miniconda3/bin/python /home/raym0012/Dis_Project/MadGraph_tutorial/eft_script_workflow/scripts/EFT_train_estimators.py

Using device: cpu
Training methods: ['RASCAL', 'CASCAL', 'ALICES']
Training config: {'batch_size': 32768, 'epochs': 50, 'learning_rate': 0.0015, 'min_learning_rate': 1e-05, 'weight_decay': 0.0, 'hidden_layers': [100, 100, 100, 100, 100], 'dropout': 0.0, 'feature_noise_std': 0.0, 'alpha': 10, 'gradient_clip': 1000000.0, 'patience': 50, 'min_delta': 1e-06, 'seed': 1234, 'activation': 'tanh', 'csv_chunk_rows': 262144, 'plot_max_points': 50000}
Prepared sample rows:
        split  base_accepted_events  ...  unique_ratio_events  unique_local_events
0       train                939400  ...               939349               583733
1  validation                201300  ...                44117                40738
2        test                201300  ...                44126                40775

[3 rows x 10 columns]
Loaded validation/test ratio rows: {'validation': 50000, 'test': 50000}
Loaded validation/test local rows: {'validation': 50000, 'test': 50000}
Fitting scaler from ratio_train.csv: ['e_j1', 'pt_j1', 'phi_j1', 'eta_j1', 'e_j2', 'pt_j2', 'phi_j2', 'eta_j2', 'delta_eta_jj', 'abs_delta_eta_jj', 'delta_phi_jj', 'abs_delta_phi_jj', 'm_jj', 'e_a1', 'pt_a1', 'phi_a1', 'eta_a1', 'e_a2', 'pt_a2', 'phi_a2', 'eta_a2', 'delta_r_aa', 'pt_aa', 'eta_aa', 'm_aa', 'met', 'visible_ht', 'zeppenfeld_aa']
  ratio_train.csv: scaler rows processed 262,144
  ratio_train.csv: scaler rows processed 2,621,440
  ratio_train.csv: scaler rows processed 5,242,880
  ratio_train.csv: scaler rows processed 7,864,320
Fitting scaler from ratio_train.csv: ['theta0_CWL2', 'theta0_CPWL2']
  ratio_train.csv: scaler rows processed 262,144
  ratio_train.csv: scaler rows processed 2,621,440
  ratio_train.csv: scaler rows processed 5,242,880
  ratio_train.csv: scaler rows processed 7,864,320
Fitting scaler from ratio_train.csv: ['log_r']
  ratio_train.csv: scaler rows processed 262,144
  ratio_train.csv: scaler rows processed 2,621,440
  ratio_train.csv: scaler rows processed 5,242,880
  ratio_train.csv: scaler rows processed 7,864,320
Fitting scaler from ratio_train.csv: ['score_CWL2', 'score_CPWL2']
  ratio_train.csv: scaler rows processed 262,144
  ratio_train.csv: scaler rows processed 2,621,440
  ratio_train.csv: scaler rows processed 5,242,880
  ratio_train.csv: scaler rows processed 7,864,320
Fitting scaler from local_train.csv: ['score_CWL2', 'score_CPWL2']
  local_train.csv: scaler rows processed 10,262,144
  local_train.csv: scaler rows processed 12,621,440
  local_train.csv: scaler rows processed 15,242,880
  local_train.csv: scaler rows processed 17,864,320
/home/raym0012/Dis_Project/MadGraph_tutorial/eft_script_workflow/scripts/EFT_train_estimators.py:273: UserWarning: The given NumPy array is not writable, and PyTorch does not support non-writable tensors. This means writing to this tensor will result in undefined behavior. You may want to copy the array to protect its data or make it writable before converting it to a tensor. This type of warning will be suppressed for the rest of this program. (Triggered internally at /pytorch/torch/csrc/utils/tensor_numpy.cpp:213.)
  self.y = torch.as_tensor(frame[["y"]].to_numpy(dtype=np.float32), dtype=torch.float32)
RASCAL: 0 dropout layers, p=0.0
Streaming ratio_train.csv chunk 1 (262,144 rows)
Streaming ratio_train.csv chunk 10 (262,144 rows)
Streaming ratio_train.csv chunk 20 (262,144 rows)
Streaming ratio_train.csv chunk 30 (262,144 rows)
RASCAL epoch 001: lr=1.500e-03, train=5.929, val=3.09
Streaming ratio_train.csv chunk 1 (262,144 rows)
Streaming ratio_train.csv chunk 10 (262,144 rows)
Streaming ratio_train.csv chunk 20 (262,144 rows)
Streaming ratio_train.csv chunk 30 (262,144 rows)
RASCAL epoch 002: lr=1.499e-03, train=3.186, val=2.071
Streaming ratio_train.csv chunk 1 (262,144 rows)
Streaming ratio_train.csv chunk 10 (262,144 rows)
Streaming ratio_train.csv chunk 20 (262,144 rows)
Streaming ratio_train.csv chunk 30 (262,144 rows)
RASCAL epoch 003: lr=1.494e-03, train=2.494, val=1.806
Streaming ratio_train.csv chunk 1 (262,144 rows)
Streaming ratio_train.csv chunk 10 (262,144 rows)
Streaming ratio_train.csv chunk 20 (262,144 rows)
Streaming ratio_train.csv chunk 30 (262,144 rows)
RASCAL epoch 004: lr=1.487e-03, train=2.212, val=1.621
Streaming ratio_train.csv chunk 1 (262,144 rows)
Streaming ratio_train.csv chunk 10 (262,144 rows)
Streaming ratio_train.csv chunk 20 (262,144 rows)
Streaming ratio_train.csv chunk 30 (262,144 rows)
RASCAL epoch 005: lr=1.477e-03, train=2.027, val=1.534
Streaming ratio_train.csv chunk 1 (262,144 rows)
Streaming ratio_train.csv chunk 10 (262,144 rows)
Streaming ratio_train.csv chunk 20 (262,144 rows)
Streaming ratio_train.csv chunk 30 (262,144 rows)
RASCAL epoch 006: lr=1.464e-03, train=1.904, val=1.504
Streaming ratio_train.csv chunk 1 (262,144 rows)
Streaming ratio_train.csv chunk 10 (262,144 rows)
Streaming ratio_train.csv chunk 20 (262,144 rows)
Streaming ratio_train.csv chunk 30 (262,144 rows)
RASCAL epoch 007: lr=1.448e-03, train=1.804, val=1.403
Streaming ratio_train.csv chunk 1 (262,144 rows)
Streaming ratio_train.csv chunk 10 (262,144 rows)
Streaming ratio_train.csv chunk 20 (262,144 rows)
Streaming ratio_train.csv chunk 30 (262,144 rows)
RASCAL epoch 008: lr=1.429e-03, train=1.752, val=1.343
Streaming ratio_train.csv chunk 1 (262,144 rows)
Streaming ratio_train.csv chunk 10 (262,144 rows)
Streaming ratio_train.csv chunk 20 (262,144 rows)
Streaming ratio_train.csv chunk 30 (262,144 rows)
RASCAL epoch 009: lr=1.408e-03, train=1.703, val=1.293
Streaming ratio_train.csv chunk 1 (262,144 rows)
Streaming ratio_train.csv chunk 10 (262,144 rows)
Streaming ratio_train.csv chunk 20 (262,144 rows)
Streaming ratio_train.csv chunk 30 (262,144 rows)
RASCAL epoch 010: lr=1.384e-03, train=1.678, val=1.285
Streaming ratio_train.csv chunk 1 (262,144 rows)
Streaming ratio_train.csv chunk 10 (262,144 rows)
Streaming ratio_train.csv chunk 20 (262,144 rows)
Streaming ratio_train.csv chunk 30 (262,144 rows)
RASCAL epoch 011: lr=1.358e-03, train=1.652, val=1.285
Streaming ratio_train.csv chunk 1 (262,144 rows)
Streaming ratio_train.csv chunk 10 (262,144 rows)
Streaming ratio_train.csv chunk 20 (262,144 rows)
Streaming ratio_train.csv chunk 30 (262,144 rows)
RASCAL epoch 012: lr=1.329e-03, train=1.619, val=1.297
Streaming ratio_train.csv chunk 1 (262,144 rows)
Streaming ratio_train.csv chunk 10 (262,144 rows)
Streaming ratio_train.csv chunk 20 (262,144 rows)
Streaming ratio_train.csv chunk 30 (262,144 rows)
RASCAL epoch 013: lr=1.298e-03, train=1.586, val=1.288
Streaming ratio_train.csv chunk 1 (262,144 rows)
Streaming ratio_train.csv chunk 10 (262,144 rows)
Streaming ratio_train.csv chunk 20 (262,144 rows)
Streaming ratio_train.csv chunk 30 (262,144 rows)
RASCAL epoch 014: lr=1.265e-03, train=1.552, val=1.27
Streaming ratio_train.csv chunk 1 (262,144 rows)
Streaming ratio_train.csv chunk 10 (262,144 rows)
Streaming ratio_train.csv chunk 20 (262,144 rows)
Streaming ratio_train.csv chunk 30 (262,144 rows)
RASCAL epoch 015: lr=1.230e-03, train=1.525, val=1.24
Streaming ratio_train.csv chunk 1 (262,144 rows)
Streaming ratio_train.csv chunk 10 (262,144 rows)
Streaming ratio_train.csv chunk 20 (262,144 rows)
Streaming ratio_train.csv chunk 30 (262,144 rows)
RASCAL epoch 016: lr=1.193e-03, train=1.501, val=1.201
Streaming ratio_train.csv chunk 1 (262,144 rows)
Streaming ratio_train.csv chunk 10 (262,144 rows)
Streaming ratio_train.csv chunk 20 (262,144 rows)
Streaming ratio_train.csv chunk 30 (262,144 rows)
RASCAL epoch 017: lr=1.154e-03, train=1.481, val=1.163
Streaming ratio_train.csv chunk 1 (262,144 rows)
Streaming ratio_train.csv chunk 10 (262,144 rows)
Streaming ratio_train.csv chunk 20 (262,144 rows)
Streaming ratio_train.csv chunk 30 (262,144 rows)
RASCAL epoch 018: lr=1.114e-03, train=1.462, val=1.128
Streaming ratio_train.csv chunk 1 (262,144 rows)
Streaming ratio_train.csv chunk 10 (262,144 rows)
Streaming ratio_train.csv chunk 20 (262,144 rows)
Streaming ratio_train.csv chunk 30 (262,144 rows)
RASCAL epoch 019: lr=1.072e-03, train=1.447, val=1.095
Streaming ratio_train.csv chunk 1 (262,144 rows)
Streaming ratio_train.csv chunk 10 (262,144 rows)
Streaming ratio_train.csv chunk 20 (262,144 rows)
Streaming ratio_train.csv chunk 30 (262,144 rows)
RASCAL epoch 020: lr=1.029e-03, train=1.436, val=1.067
Streaming ratio_train.csv chunk 1 (262,144 rows)
Streaming ratio_train.csv chunk 10 (262,144 rows)
Streaming ratio_train.csv chunk 20 (262,144 rows)
Streaming ratio_train.csv chunk 30 (262,144 rows)
RASCAL epoch 021: lr=9.852e-04, train=1.415, val=1.05
Streaming ratio_train.csv chunk 1 (262,144 rows)
Streaming ratio_train.csv chunk 10 (262,144 rows)
Streaming ratio_train.csv chunk 20 (262,144 rows)
Streaming ratio_train.csv chunk 30 (262,144 rows)
RASCAL epoch 022: lr=9.403e-04, train=1.393, val=1.031
Streaming ratio_train.csv chunk 1 (262,144 rows)
Streaming ratio_train.csv chunk 10 (262,144 rows)
Streaming ratio_train.csv chunk 20 (262,144 rows)
Streaming ratio_train.csv chunk 30 (262,144 rows)
RASCAL epoch 023: lr=8.946e-04, train=1.373, val=1.02
Streaming ratio_train.csv chunk 1 (262,144 rows)
Streaming ratio_train.csv chunk 10 (262,144 rows)
Streaming ratio_train.csv chunk 20 (262,144 rows)
Streaming ratio_train.csv chunk 30 (262,144 rows)
RASCAL epoch 024: lr=8.484e-04, train=1.353, val=1.012
Streaming ratio_train.csv chunk 1 (262,144 rows)
Streaming ratio_train.csv chunk 10 (262,144 rows)
Streaming ratio_train.csv chunk 20 (262,144 rows)
Streaming ratio_train.csv chunk 30 (262,144 rows)
RASCAL epoch 025: lr=8.018e-04, train=1.335, val=1.004
Streaming ratio_train.csv chunk 1 (262,144 rows)
Streaming ratio_train.csv chunk 10 (262,144 rows)
Streaming ratio_train.csv chunk 20 (262,144 rows)
Streaming ratio_train.csv chunk 30 (262,144 rows)
RASCAL epoch 026: lr=7.550e-04, train=1.319, val=0.9928
Streaming ratio_train.csv chunk 1 (262,144 rows)
Streaming ratio_train.csv chunk 10 (262,144 rows)
Streaming ratio_train.csv chunk 20 (262,144 rows)
Streaming ratio_train.csv chunk 30 (262,144 rows)
RASCAL epoch 027: lr=7.082e-04, train=1.303, val=0.9879
Streaming ratio_train.csv chunk 1 (262,144 rows)
Streaming ratio_train.csv chunk 10 (262,144 rows)
Streaming ratio_train.csv chunk 20 (262,144 rows)
Streaming ratio_train.csv chunk 30 (262,144 rows)
RASCAL epoch 028: lr=6.616e-04, train=1.285, val=0.9848
Streaming ratio_train.csv chunk 1 (262,144 rows)
Streaming ratio_train.csv chunk 10 (262,144 rows)
Streaming ratio_train.csv chunk 20 (262,144 rows)
Streaming ratio_train.csv chunk 30 (262,144 rows)
RASCAL epoch 029: lr=6.154e-04, train=1.271, val=0.9771
Streaming ratio_train.csv chunk 1 (262,144 rows)
Streaming ratio_train.csv chunk 10 (262,144 rows)
Streaming ratio_train.csv chunk 20 (262,144 rows)
Streaming ratio_train.csv chunk 30 (262,144 rows)
RASCAL epoch 030: lr=5.697e-04, train=1.259, val=0.9679
Streaming ratio_train.csv chunk 1 (262,144 rows)
Streaming ratio_train.csv chunk 10 (262,144 rows)
Streaming ratio_train.csv chunk 20 (262,144 rows)
Streaming ratio_train.csv chunk 30 (262,144 rows)
RASCAL epoch 031: lr=5.248e-04, train=1.247, val=0.9578
Streaming ratio_train.csv chunk 1 (262,144 rows)
Streaming ratio_train.csv chunk 10 (262,144 rows)
Streaming ratio_train.csv chunk 20 (262,144 rows)
Streaming ratio_train.csv chunk 30 (262,144 rows)
RASCAL epoch 032: lr=4.807e-04, train=1.234, val=0.9499
Streaming ratio_train.csv chunk 1 (262,144 rows)
Streaming ratio_train.csv chunk 10 (262,144 rows)
Streaming ratio_train.csv chunk 20 (262,144 rows)
Streaming ratio_train.csv chunk 30 (262,144 rows)
RASCAL epoch 033: lr=4.378e-04, train=1.216, val=0.944
Streaming ratio_train.csv chunk 1 (262,144 rows)
Streaming ratio_train.csv chunk 10 (262,144 rows)
Streaming ratio_train.csv chunk 20 (262,144 rows)
Streaming ratio_train.csv chunk 30 (262,144 rows)
RASCAL epoch 034: lr=3.961e-04, train=1.197, val=0.9425
Streaming ratio_train.csv chunk 1 (262,144 rows)
Streaming ratio_train.csv chunk 10 (262,144 rows)
Streaming ratio_train.csv chunk 20 (262,144 rows)
Streaming ratio_train.csv chunk 30 (262,144 rows)
RASCAL epoch 035: lr=3.558e-04, train=1.18, val=0.9446
Streaming ratio_train.csv chunk 1 (262,144 rows)
Streaming ratio_train.csv chunk 10 (262,144 rows)
Streaming ratio_train.csv chunk 20 (262,144 rows)
Streaming ratio_train.csv chunk 30 (262,144 rows)
RASCAL epoch 036: lr=3.171e-04, train=1.165, val=0.95
Streaming ratio_train.csv chunk 1 (262,144 rows)
Streaming ratio_train.csv chunk 10 (262,144 rows)
Streaming ratio_train.csv chunk 20 (262,144 rows)
Streaming ratio_train.csv chunk 30 (262,144 rows)
RASCAL epoch 037: lr=2.801e-04, train=1.151, val=0.9568
Streaming ratio_train.csv chunk 1 (262,144 rows)
Streaming ratio_train.csv chunk 10 (262,144 rows)
Streaming ratio_train.csv chunk 20 (262,144 rows)
Streaming ratio_train.csv chunk 30 (262,144 rows)
RASCAL epoch 038: lr=2.450e-04, train=1.139, val=0.9596
Streaming ratio_train.csv chunk 1 (262,144 rows)
Streaming ratio_train.csv chunk 10 (262,144 rows)
Streaming ratio_train.csv chunk 20 (262,144 rows)
Streaming ratio_train.csv chunk 30 (262,144 rows)
RASCAL epoch 039: lr=2.119e-04, train=1.127, val=0.9535
Streaming ratio_train.csv chunk 1 (262,144 rows)
Streaming ratio_train.csv chunk 10 (262,144 rows)
Streaming ratio_train.csv chunk 20 (262,144 rows)
Streaming ratio_train.csv chunk 30 (262,144 rows)
RASCAL epoch 040: lr=1.810e-04, train=1.118, val=0.94
Streaming ratio_train.csv chunk 1 (262,144 rows)
Streaming ratio_train.csv chunk 10 (262,144 rows)
Streaming ratio_train.csv chunk 20 (262,144 rows)
Streaming ratio_train.csv chunk 30 (262,144 rows)
RASCAL epoch 041: lr=1.523e-04, train=1.11, val=0.9257
Streaming ratio_train.csv chunk 1 (262,144 rows)
Streaming ratio_train.csv chunk 10 (262,144 rows)
Streaming ratio_train.csv chunk 20 (262,144 rows)
Streaming ratio_train.csv chunk 30 (262,144 rows)
RASCAL epoch 042: lr=1.260e-04, train=1.102, val=0.9154
Streaming ratio_train.csv chunk 1 (262,144 rows)
Streaming ratio_train.csv chunk 10 (262,144 rows)
Streaming ratio_train.csv chunk 20 (262,144 rows)
Streaming ratio_train.csv chunk 30 (262,144 rows)
RASCAL epoch 043: lr=1.022e-04, train=1.093, val=0.9131
Streaming ratio_train.csv chunk 1 (262,144 rows)
Streaming ratio_train.csv chunk 10 (262,144 rows)
Streaming ratio_train.csv chunk 20 (262,144 rows)
Streaming ratio_train.csv chunk 30 (262,144 rows)
RASCAL epoch 044: lr=8.090e-05, train=1.085, val=0.917
Streaming ratio_train.csv chunk 1 (262,144 rows)
Streaming ratio_train.csv chunk 10 (262,144 rows)
Streaming ratio_train.csv chunk 20 (262,144 rows)
Streaming ratio_train.csv chunk 30 (262,144 rows)
RASCAL epoch 045: lr=6.232e-05, train=1.078, val=0.9196
Streaming ratio_train.csv chunk 1 (262,144 rows)
Streaming ratio_train.csv chunk 10 (262,144 rows)
Streaming ratio_train.csv chunk 20 (262,144 rows)
Streaming ratio_train.csv chunk 30 (262,144 rows)
RASCAL epoch 046: lr=4.646e-05, train=1.072, val=0.9238
Streaming ratio_train.csv chunk 1 (262,144 rows)
Streaming ratio_train.csv chunk 10 (262,144 rows)
Streaming ratio_train.csv chunk 20 (262,144 rows)
Streaming ratio_train.csv chunk 30 (262,144 rows)
RASCAL epoch 047: lr=3.341e-05, train=1.066, val=0.924
Streaming ratio_train.csv chunk 1 (262,144 rows)
Streaming ratio_train.csv chunk 10 (262,144 rows)
Streaming ratio_train.csv chunk 20 (262,144 rows)
Streaming ratio_train.csv chunk 30 (262,144 rows)
RASCAL epoch 048: lr=2.320e-05, train=1.062, val=0.9201
Streaming ratio_train.csv chunk 1 (262,144 rows)
Streaming ratio_train.csv chunk 10 (262,144 rows)
Streaming ratio_train.csv chunk 20 (262,144 rows)
Streaming ratio_train.csv chunk 30 (262,144 rows)
RASCAL epoch 049: lr=1.587e-05, train=1.058, val=0.9153
Streaming ratio_train.csv chunk 1 (262,144 rows)
Streaming ratio_train.csv chunk 10 (262,144 rows)
Streaming ratio_train.csv chunk 20 (262,144 rows)
Streaming ratio_train.csv chunk 30 (262,144 rows)
RASCAL epoch 050: lr=1.147e-05, train=1.056, val=0.9113
CASCAL: 0 dropout layers, p=0.0
Streaming ratio_train.csv chunk 1 (262,144 rows)
Streaming ratio_train.csv chunk 10 (262,144 rows)
Streaming ratio_train.csv chunk 20 (262,144 rows)
Streaming ratio_train.csv chunk 30 (262,144 rows)
CASCAL epoch 001: lr=1.500e-03, train=5.998, val=3.236
Streaming ratio_train.csv chunk 1 (262,144 rows)
Streaming ratio_train.csv chunk 10 (262,144 rows)
Streaming ratio_train.csv chunk 20 (262,144 rows)
Streaming ratio_train.csv chunk 30 (262,144 rows)
